Connecting to host 10.45.0.1, port 5213
Reverse mode, remote host 10.45.0.1 is sending
[  6] local 10.45.0.3 port 50456 connected to 10.45.0.1 port 5213
[ ID] Interval           Transfer     Bitrate         Jitter    Lost/Total Datagrams
[  6]   0.00-1.00   sec  1.56 MBytes  13.1 Mbits/sec  0.646 ms  0/2043 (0%)  
[  6]   1.00-2.00   sec  1.27 MBytes  10.6 Mbits/sec  0.873 ms  0/1663 (0%)  
[  6]   2.00-3.00   sec  1.55 MBytes  13.0 Mbits/sec  0.570 ms  0/2034 (0%)  
[  6]   3.00-4.00   sec  1.38 MBytes  11.6 Mbits/sec  0.589 ms  0/1805 (0%)  
[  6]   4.00-5.00   sec  1.17 MBytes  9.80 Mbits/sec  0.622 ms  0/1532 (0%)  
[  6]   5.00-6.00   sec   776 KBytes  6.35 Mbits/sec  2.580 ms  0/993 (0%)  
[  6]   6.00-7.00   sec   732 KBytes  6.00 Mbits/sec  1.666 ms  0/937 (0%)  
[  6]   7.00-8.00   sec   745 KBytes  6.10 Mbits/sec  1.541 ms  0/953 (0%)  
[  6]   8.00-9.00   sec   980 KBytes  8.03 Mbits/sec  1.121 ms  1199/2454 (49%)  
[  6]   9.00-10.00  sec   502 KBytes  4.11 Mbits/sec  1.561 ms  956/1599 (60%)  
[  6]  10.00-11.00  sec   648 KBytes  5.31 Mbits/sec  1.221 ms  1368/2197 (62%)  
[  6]  11.00-12.00  sec   596 KBytes  4.88 Mbits/sec  1.295 ms  1686/2449 (69%)  
[  6]  12.00-13.00  sec   303 KBytes  2.48 Mbits/sec  1.048 ms  823/1211 (68%)  
[  6]  13.00-14.00  sec   522 KBytes  4.28 Mbits/sec  0.932 ms  1071/1739 (62%)  
[  6]  14.00-15.00  sec   709 KBytes  5.81 Mbits/sec  0.788 ms  2823/3731 (76%)  
[  6]  15.00-16.00  sec   725 KBytes  5.94 Mbits/sec  1.428 ms  4338/5266 (82%)  
[  6]  16.00-17.00  sec   845 KBytes  6.92 Mbits/sec  0.730 ms  4257/5338 (80%)  
[  6]  17.00-18.00  sec   594 KBytes  4.87 Mbits/sec  1.922 ms  2622/3382 (78%)  
[  6]  18.00-19.00  sec   580 KBytes  4.75 Mbits/sec  1.296 ms  2654/3396 (78%)  
[  6]  19.00-20.00  sec   888 KBytes  7.27 Mbits/sec  0.963 ms  5582/6718 (83%)  
[  6]  20.00-21.00  sec   903 KBytes  7.39 Mbits/sec  1.426 ms  8310/9466 (88%)  
[  6]  21.00-22.00  sec   566 KBytes  4.64 Mbits/sec  1.858 ms  4149/4874 (85%)  
[  6]  22.00-23.00  sec   684 KBytes  5.61 Mbits/sec  1.145 ms  3870/4746 (82%)  
[  6]  23.00-24.00  sec   520 KBytes  4.26 Mbits/sec  1.839 ms  2098/2763 (76%)  
[  6]  24.00-25.00  sec   662 KBytes  5.42 Mbits/sec  1.275 ms  3914/4762 (82%)  
[  6]  25.00-26.00  sec   771 KBytes  6.32 Mbits/sec  2.719 ms  3400/4387 (78%)  
[  6]  26.00-27.00  sec   477 KBytes  3.91 Mbits/sec  3.974 ms  4680/5291 (88%)  
[  6]  27.00-28.00  sec   631 KBytes  5.17 Mbits/sec  1.092 ms  2750/3558 (77%)  
[  6]  28.00-29.00  sec   570 KBytes  4.67 Mbits/sec  0.878 ms  1857/2587 (72%)  
[  6]  29.00-30.00  sec   549 KBytes  4.50 Mbits/sec  3.524 ms  2264/2967 (76%)  
[  6]  30.00-31.00  sec   768 KBytes  6.29 Mbits/sec  5.498 ms  3759/4742 (79%)  
[  6]  31.00-32.00  sec   870 KBytes  7.14 Mbits/sec  2.709 ms  6174/7288 (85%)  
[  6]  32.00-33.00  sec   919 KBytes  7.53 Mbits/sec  0.736 ms  5733/6909 (83%)  
[  6]  33.00-34.00  sec   805 KBytes  6.60 Mbits/sec  0.758 ms  4323/5354 (81%)  
[  6]  34.00-35.00  sec   737 KBytes  6.04 Mbits/sec  0.771 ms  5495/6438 (85%)  
[  6]  35.00-36.00  sec   747 KBytes  6.12 Mbits/sec  1.364 ms  4274/5230 (82%)  
[  6]  36.00-37.00  sec   861 KBytes  7.05 Mbits/sec  1.440 ms  5775/6877 (84%)  
[  6]  37.00-38.00  sec   841 KBytes  6.88 Mbits/sec  0.753 ms  5104/6180 (83%)  
[  6]  38.00-39.00  sec  1.07 MBytes  9.02 Mbits/sec  0.963 ms  3788/5196 (73%)  
[  6]  39.00-40.00  sec  1.05 MBytes  8.81 Mbits/sec  1.106 ms  4345/5723 (76%)  
[  6]  40.00-41.00  sec   898 KBytes  7.36 Mbits/sec  0.867 ms  4959/6109 (81%)  
[  6]  41.00-42.00  sec  1.01 MBytes  8.46 Mbits/sec  5.165 ms  4968/6289 (79%)  
[  6]  42.00-43.00  sec  1.16 MBytes  9.75 Mbits/sec  0.896 ms  5424/6947 (78%)  
[  6]  43.00-44.00  sec  1.08 MBytes  9.10 Mbits/sec  0.767 ms  3612/5034 (72%)  
[  6]  44.00-45.00  sec  1.60 MBytes  13.5 Mbits/sec  3.505 ms  5102/7203 (71%)  
[  6]  45.00-46.00  sec  1.66 MBytes  13.9 Mbits/sec  0.528 ms  5936/8110 (73%)  
[  6]  46.00-47.00  sec  1.49 MBytes  12.5 Mbits/sec  0.623 ms  4235/6191 (68%)  
[  6]  47.00-48.00  sec  1.40 MBytes  11.7 Mbits/sec  0.823 ms  3466/5299 (65%)  
[  6]  48.00-49.00  sec  1.41 MBytes  11.8 Mbits/sec  0.644 ms  2120/3964 (53%)  
[  6]  49.00-50.00  sec  1.42 MBytes  11.9 Mbits/sec  0.731 ms  2155/4012 (54%)  
[  6]  50.00-51.00  sec  1.60 MBytes  13.4 Mbits/sec  0.736 ms  2954/5052 (58%)  
[  6]  51.00-52.00  sec  1.50 MBytes  12.6 Mbits/sec  0.938 ms  3099/5066 (61%)  
[  6]  52.00-53.00  sec  1.41 MBytes  11.8 Mbits/sec  1.080 ms  2850/4700 (61%)  
[  6]  53.00-54.00  sec  1.55 MBytes  13.0 Mbits/sec  0.757 ms  3045/5072 (60%)  
[  6]  54.00-55.00  sec  1.42 MBytes  12.0 Mbits/sec  0.889 ms  2180/4047 (54%)  
[  6]  55.00-56.00  sec  1.43 MBytes  12.0 Mbits/sec  1.317 ms  2668/4537 (59%)  
[  6]  56.00-57.00  sec  1.59 MBytes  13.3 Mbits/sec  0.640 ms  3140/5218 (60%)  
[  6]  57.00-58.00  sec  1.51 MBytes  12.7 Mbits/sec  0.673 ms  2576/4555 (57%)  
[  6]  58.00-59.00  sec  1.40 MBytes  11.7 Mbits/sec  0.887 ms  2804/4640 (60%)  
[  6]  59.00-60.00  sec  1.65 MBytes  13.8 Mbits/sec  1.458 ms  3313/5476 (61%)  
[  6]  60.00-61.00  sec  1.51 MBytes  12.7 Mbits/sec  0.679 ms  2164/4142 (52%)  
[  6]  61.00-62.00  sec  1.44 MBytes  12.1 Mbits/sec  0.989 ms  2794/4681 (60%)  
[  6]  62.00-63.00  sec  1.58 MBytes  13.3 Mbits/sec  0.556 ms  2944/5016 (59%)  
[  6]  63.00-64.00  sec  1.65 MBytes  13.8 Mbits/sec  0.589 ms  2583/4742 (54%)  
[  6]  64.00-65.00  sec  1.53 MBytes  12.8 Mbits/sec  0.727 ms  2929/4931 (59%)  
[  6]  65.00-66.00  sec  1.44 MBytes  12.1 Mbits/sec  0.965 ms  2812/4697 (60%)  
[  6]  66.00-67.00  sec  1.56 MBytes  13.1 Mbits/sec  1.164 ms  2375/4424 (54%)  
[  6]  67.00-68.00  sec  1.53 MBytes  12.8 Mbits/sec  0.630 ms  2307/4308 (54%)  
[  6]  68.00-69.00  sec  1.57 MBytes  13.2 Mbits/sec  0.693 ms  2953/5010 (59%)  
[  6]  69.00-70.00  sec  1.53 MBytes  12.8 Mbits/sec  0.985 ms  3001/5008 (60%)  
[  6]  70.00-71.00  sec  1.55 MBytes  13.0 Mbits/sec  1.241 ms  2401/4434 (54%)  
[  6]  71.00-72.00  sec  1.55 MBytes  13.0 Mbits/sec  0.673 ms  2933/4967 (59%)  
[  6]  72.00-73.00  sec  1.55 MBytes  13.0 Mbits/sec  1.058 ms  2399/4435 (54%)  
[  6]  73.00-74.00  sec  1.67 MBytes  14.0 Mbits/sec  0.750 ms  3204/5389 (59%)  
[  6]  74.00-75.00  sec  1.66 MBytes  13.9 Mbits/sec  0.593 ms  2434/4612 (53%)  
[  6]  75.00-76.00  sec  1.66 MBytes  13.9 Mbits/sec  0.630 ms  3188/5367 (59%)  
[  6]  76.00-77.00  sec  1.55 MBytes  13.0 Mbits/sec  0.678 ms  2331/4367 (53%)  
[  6]  77.00-78.00  sec  1.43 MBytes  12.0 Mbits/sec  0.640 ms  2151/4026 (53%)  
[  6]  78.00-79.00  sec  1.44 MBytes  12.0 Mbits/sec  1.162 ms  2167/4048 (54%)  
[  6]  79.00-80.00  sec  1.43 MBytes  12.0 Mbits/sec  0.913 ms  2179/4059 (54%)  
[  6]  80.00-81.00  sec  1.42 MBytes  11.9 Mbits/sec  1.181 ms  2468/4326 (57%)  
[  6]  81.00-82.00  sec  1.38 MBytes  11.6 Mbits/sec  1.324 ms  2724/4538 (60%)  
[  6]  82.00-83.00  sec  1.22 MBytes  10.2 Mbits/sec  1.100 ms  2365/3961 (60%)  
[  6]  83.00-84.00  sec  1.02 MBytes  8.52 Mbits/sec  1.787 ms  2016/3347 (60%)  
[  6]  84.00-85.00  sec  1.30 MBytes  10.9 Mbits/sec  0.659 ms  2549/4251 (60%)  
[  6]  85.00-86.00  sec  1.33 MBytes  11.1 Mbits/sec  1.239 ms  2637/4374 (60%)  
[  6]  86.00-87.00  sec   851 KBytes  6.97 Mbits/sec  1.031 ms  1735/2824 (61%)  
[  6]  87.00-88.00  sec   760 KBytes  6.23 Mbits/sec  0.971 ms  2022/2995 (68%)  
[  6]  88.00-89.00  sec  1.15 MBytes  9.63 Mbits/sec  1.548 ms  3014/4519 (67%)  
[  6]  89.00-90.00  sec  1.12 MBytes  9.42 Mbits/sec  1.646 ms  3439/4911 (70%)  
[  6]  90.00-91.00  sec   874 KBytes  7.16 Mbits/sec  1.026 ms  1827/2946 (62%)  
[  6]  91.00-92.00  sec  1.17 MBytes  9.82 Mbits/sec  0.972 ms  2506/4041 (62%)  
[  6]  92.00-93.00  sec  1.11 MBytes  9.31 Mbits/sec  2.267 ms  5928/7382 (80%)  
[  6]  93.00-94.00  sec  1.13 MBytes  9.47 Mbits/sec  1.164 ms  3909/5388 (73%)  
[  6]  94.00-95.00  sec  1.39 MBytes  11.6 Mbits/sec  0.647 ms  3660/5477 (67%)  
[  6]  95.00-96.00  sec  1.34 MBytes  11.3 Mbits/sec  0.910 ms  4703/6464 (73%)  
[  6]  96.00-97.00  sec  1.29 MBytes  10.8 Mbits/sec  1.095 ms  3512/5198 (68%)  
[  6]  97.00-98.00  sec  1.39 MBytes  11.7 Mbits/sec  0.579 ms  4082/5909 (69%)  
[  6]  98.00-99.00  sec  1.41 MBytes  11.8 Mbits/sec  0.697 ms  3027/4870 (62%)  
[  6]  99.00-100.00 sec  1.42 MBytes  11.9 Mbits/sec  1.199 ms  3105/4969 (62%)  
[  6] 100.00-101.00 sec  1.37 MBytes  11.5 Mbits/sec  0.771 ms  3107/4906 (63%)  
[  6] 101.00-102.00 sec  1.36 MBytes  11.4 Mbits/sec  0.789 ms  2849/4635 (61%)  
[  6] 102.00-103.00 sec  1.28 MBytes  10.8 Mbits/sec  0.831 ms  2578/4258 (61%)  
[  6] 103.00-104.00 sec  1.49 MBytes  12.5 Mbits/sec  1.449 ms  3045/4996 (61%)  
[  6] 104.00-105.00 sec  1.43 MBytes  12.0 Mbits/sec  1.148 ms  2968/4845 (61%)  
[  6] 105.00-106.00 sec  1.42 MBytes  11.9 Mbits/sec  0.717 ms  2988/4854 (62%)  
[  6] 106.00-107.00 sec  1.33 MBytes  11.1 Mbits/sec  1.220 ms  3136/4878 (64%)  
[  6] 107.00-108.00 sec  1.34 MBytes  11.2 Mbits/sec  0.908 ms  2419/4170 (58%)  
[  6] 108.00-109.00 sec  1.42 MBytes  11.9 Mbits/sec  0.762 ms  2790/4651 (60%)  
[  6] 109.00-110.00 sec  1.45 MBytes  12.2 Mbits/sec  0.866 ms  2829/4729 (60%)  
[  6] 110.00-111.00 sec  1.31 MBytes  11.0 Mbits/sec  1.476 ms  2969/4691 (63%)  
[  6] 111.00-112.00 sec  1.39 MBytes  11.7 Mbits/sec  0.806 ms  3024/4852 (62%)  
[  6] 112.00-113.00 sec  1.35 MBytes  11.3 Mbits/sec  1.325 ms  2803/4571 (61%)  
[  6] 113.00-114.00 sec  1.37 MBytes  11.5 Mbits/sec  1.413 ms  2509/4309 (58%)  
[  6] 114.00-115.00 sec  1.32 MBytes  11.1 Mbits/sec  2.259 ms  2967/4694 (63%)  
[  6] 115.00-116.00 sec  1.39 MBytes  11.7 Mbits/sec  1.348 ms  2899/4722 (61%)  
[  6] 116.00-117.00 sec  1.39 MBytes  11.6 Mbits/sec  0.935 ms  2974/4790 (62%)  
[  6] 117.00-118.00 sec  1.36 MBytes  11.4 Mbits/sec  0.975 ms  2835/4614 (61%)  
[  6] 118.00-119.00 sec  1.44 MBytes  12.1 Mbits/sec  0.789 ms  3786/5677 (67%)  
[  6] 119.00-120.00 sec  1.31 MBytes  11.0 Mbits/sec  1.073 ms  2169/3887 (56%)  
[  6] 120.00-121.00 sec  1.54 MBytes  13.0 Mbits/sec  0.754 ms  3162/5186 (61%)  
[  6] 121.00-122.00 sec  1.43 MBytes  12.0 Mbits/sec  1.274 ms  3080/4960 (62%)  
[  6] 122.00-123.00 sec  1.40 MBytes  11.7 Mbits/sec  0.799 ms  2690/4522 (59%)  
[  6] 123.00-124.00 sec  1.58 MBytes  13.3 Mbits/sec  0.625 ms  3992/6070 (66%)  
[  6] 124.00-125.00 sec  1.53 MBytes  12.8 Mbits/sec  1.200 ms  2171/4177 (52%)  
[  6] 125.00-126.00 sec  1.42 MBytes  11.9 Mbits/sec  1.080 ms  2752/4614 (60%)  
[  6] 126.00-127.00 sec  1.42 MBytes  11.9 Mbits/sec  0.887 ms  2821/4676 (60%)  
[  6] 127.00-128.00 sec  1.37 MBytes  11.5 Mbits/sec  1.448 ms  2309/4101 (56%)  
[  6] 128.00-129.00 sec  1.34 MBytes  11.2 Mbits/sec  0.767 ms  2257/4011 (56%)  
[  6] 129.00-130.00 sec  1.41 MBytes  11.8 Mbits/sec  0.705 ms  2762/4606 (60%)  
[  6] 130.00-131.00 sec  1.41 MBytes  11.8 Mbits/sec  0.945 ms  2825/4672 (60%)  
[  6] 131.00-132.00 sec  1.34 MBytes  11.2 Mbits/sec  0.873 ms  2807/4559 (62%)  
[  6] 132.00-133.00 sec  1.39 MBytes  11.7 Mbits/sec  0.666 ms  3092/4917 (63%)  
[  6] 133.00-134.00 sec  1.58 MBytes  13.2 Mbits/sec  0.559 ms  3174/5239 (61%)  
[  6] 134.00-135.00 sec  1.41 MBytes  11.8 Mbits/sec  0.953 ms  2866/4716 (61%)  
[  6] 135.00-136.00 sec  1.41 MBytes  11.9 Mbits/sec  1.321 ms  3167/5021 (63%)  
[  6] 136.00-137.00 sec  1.41 MBytes  11.8 Mbits/sec  0.715 ms  2873/4716 (61%)  
[  6] 137.00-138.00 sec  1.50 MBytes  12.6 Mbits/sec  2.257 ms  2479/4451 (56%)  
[  6] 138.00-139.00 sec  1.34 MBytes  11.3 Mbits/sec  0.980 ms  2638/4400 (60%)  
[  6] 139.00-140.00 sec  1.25 MBytes  10.5 Mbits/sec  0.702 ms  2488/4123 (60%)  
[  6] 140.00-141.00 sec  1.38 MBytes  11.6 Mbits/sec  0.796 ms  2794/4607 (61%)  
[  6] 141.00-142.00 sec  1.51 MBytes  12.7 Mbits/sec  1.156 ms  2701/4678 (58%)  
[  6] 142.00-143.00 sec  1.32 MBytes  11.1 Mbits/sec  0.926 ms  2880/4612 (62%)  
[  6] 143.00-144.00 sec  1.25 MBytes  10.5 Mbits/sec  0.798 ms  3088/4729 (65%)  
[  6] 144.00-145.00 sec  1.37 MBytes  11.5 Mbits/sec  0.937 ms  2881/4674 (62%)  
[  6] 145.00-146.00 sec  1.45 MBytes  12.1 Mbits/sec  0.994 ms  2531/4427 (57%)  
[  6] 146.00-147.00 sec  1.58 MBytes  13.3 Mbits/sec  1.264 ms  3530/5601 (63%)  
[  6] 147.00-148.00 sec  1.36 MBytes  11.4 Mbits/sec  1.145 ms  3240/5018 (65%)  
[  6] 148.00-149.00 sec  1.47 MBytes  12.4 Mbits/sec  0.624 ms  2942/4873 (60%)  
[  6] 149.00-150.00 sec  1.40 MBytes  11.8 Mbits/sec  0.842 ms  2840/4678 (61%)  
[  6] 150.00-151.00 sec  1.36 MBytes  11.4 Mbits/sec  0.707 ms  2175/3956 (55%)  
[  6] 151.00-152.00 sec  1.23 MBytes  10.3 Mbits/sec  1.367 ms  2752/4362 (63%)  
[  6] 152.00-153.00 sec  1.39 MBytes  11.7 Mbits/sec  0.786 ms  2447/4275 (57%)  
[  6] 153.00-154.00 sec  1.37 MBytes  11.5 Mbits/sec  0.850 ms  2770/4565 (61%)  
[  6] 154.00-155.00 sec  1.31 MBytes  11.0 Mbits/sec  0.695 ms  2657/4375 (61%)  
[  6] 155.00-156.00 sec  1.46 MBytes  12.2 Mbits/sec  1.010 ms  3791/5704 (66%)  
[  6] 156.00-157.00 sec  1.36 MBytes  11.4 Mbits/sec  1.345 ms  2718/4506 (60%)  
[  6] 157.00-158.00 sec  1.36 MBytes  11.4 Mbits/sec  0.866 ms  2935/4721 (62%)  
[  6] 158.00-159.00 sec  1.50 MBytes  12.6 Mbits/sec  0.598 ms  3305/5273 (63%)  
[  6] 159.00-160.00 sec  1.32 MBytes  11.1 Mbits/sec  1.332 ms  2575/4307 (60%)  
[  6] 160.00-161.00 sec  1.30 MBytes  10.9 Mbits/sec  1.139 ms  2737/4438 (62%)  
[  6] 161.00-162.00 sec  1.36 MBytes  11.4 Mbits/sec  0.715 ms  2836/4616 (61%)  
[  6] 162.00-163.00 sec  1.39 MBytes  11.7 Mbits/sec  0.603 ms  2601/4426 (59%)  
[  6] 163.00-164.00 sec  1.33 MBytes  11.1 Mbits/sec  0.712 ms  2902/4641 (63%)  
[  6] 164.00-165.00 sec  1.32 MBytes  11.1 Mbits/sec  0.826 ms  2850/4581 (62%)  
[  6] 165.00-166.00 sec  1.38 MBytes  11.5 Mbits/sec  1.049 ms  3173/4979 (64%)  
[  6] 166.00-167.00 sec  1.45 MBytes  12.2 Mbits/sec  0.842 ms  2957/4862 (61%)  
[  6] 167.00-168.00 sec  1.39 MBytes  11.6 Mbits/sec  0.876 ms  2970/4787 (62%)  
[  6] 168.00-169.00 sec  1.39 MBytes  11.7 Mbits/sec  0.899 ms  3210/5031 (64%)  
[  6] 169.00-170.00 sec  1.30 MBytes  10.9 Mbits/sec  0.625 ms  2768/4473 (62%)  
[  6] 170.00-171.00 sec  1.34 MBytes  11.2 Mbits/sec  1.127 ms  2484/4239 (59%)  
[  6] 171.00-172.00 sec  1.29 MBytes  10.8 Mbits/sec  0.997 ms  2694/4389 (61%)  
[  6] 172.00-173.00 sec  1.40 MBytes  11.7 Mbits/sec  0.796 ms  2842/4677 (61%)  
[  6] 173.00-174.00 sec  1.30 MBytes  10.9 Mbits/sec  1.093 ms  3013/4719 (64%)  
[  6] 174.00-175.00 sec  1.42 MBytes  11.9 Mbits/sec  0.794 ms  3107/4971 (63%)  
[  6] 175.00-176.00 sec  1.34 MBytes  11.3 Mbits/sec  0.643 ms  3079/4840 (64%)  
[  6] 176.00-177.00 sec  1.44 MBytes  12.1 Mbits/sec  0.701 ms  2954/4838 (61%)  
[  6] 177.00-178.00 sec  1.34 MBytes  11.3 Mbits/sec  0.770 ms  3007/4767 (63%)  
[  6] 178.00-179.00 sec  1.33 MBytes  11.1 Mbits/sec  1.538 ms  2714/4451 (61%)  
[  6] 179.00-180.00 sec  1.42 MBytes  11.9 Mbits/sec  1.259 ms  3024/4887 (62%)  
[  6] 180.00-181.00 sec  1.29 MBytes  10.8 Mbits/sec  0.679 ms  2449/4138 (59%)  
[  6] 181.00-182.00 sec  1.43 MBytes  12.0 Mbits/sec  0.790 ms  3173/5044 (63%)  
[  6] 182.00-183.00 sec  1.43 MBytes  12.0 Mbits/sec  0.905 ms  3147/5017 (63%)  
[  6] 183.00-184.00 sec  1.42 MBytes  11.9 Mbits/sec  1.269 ms  2867/4727 (61%)  
[  6] 184.00-185.00 sec  1.43 MBytes  12.0 Mbits/sec  0.729 ms  3261/5141 (63%)  
[  6] 185.00-186.00 sec  1.46 MBytes  12.2 Mbits/sec  0.636 ms  2855/4768 (60%)  
[  6] 186.00-187.00 sec  1.47 MBytes  12.4 Mbits/sec  0.617 ms  2917/4850 (60%)  
[  6] 187.00-188.00 sec  1.52 MBytes  12.7 Mbits/sec  1.101 ms  3050/5039 (61%)  
[  6] 188.00-189.00 sec  1.41 MBytes  11.8 Mbits/sec  0.683 ms  2735/4585 (60%)  
[  6] 189.00-190.00 sec  1.50 MBytes  12.6 Mbits/sec  1.134 ms  2933/4897 (60%)  
[  6] 190.00-191.00 sec  1.37 MBytes  11.5 Mbits/sec  0.681 ms  2402/4195 (57%)  
[  6] 191.00-192.00 sec  1.33 MBytes  11.2 Mbits/sec  1.852 ms  2493/4239 (59%)  
[  6] 192.00-193.00 sec  1.43 MBytes  12.0 Mbits/sec  0.710 ms  2770/4640 (60%)  
[  6] 193.00-194.00 sec  1.43 MBytes  12.0 Mbits/sec  0.624 ms  2548/4422 (58%)  
[  6] 194.00-195.00 sec  1.40 MBytes  11.7 Mbits/sec  1.471 ms  3035/4864 (62%)  
[  6] 195.00-196.00 sec  1.41 MBytes  11.8 Mbits/sec  2.408 ms  3159/5007 (63%)  
[  6] 196.00-197.00 sec  1.53 MBytes  12.8 Mbits/sec  1.219 ms  2936/4940 (59%)  
[  6] 197.00-198.00 sec  1.48 MBytes  12.4 Mbits/sec  0.767 ms  2920/4865 (60%)  
[  6] 198.00-199.00 sec  1.53 MBytes  12.8 Mbits/sec  0.845 ms  3210/5209 (62%)  
[  6] 199.00-200.00 sec  1.45 MBytes  12.2 Mbits/sec  0.624 ms  2766/4673 (59%)  
[  6] 200.00-201.00 sec  1.42 MBytes  11.9 Mbits/sec  0.803 ms  2566/4429 (58%)  
[  6] 201.00-202.00 sec  1.35 MBytes  11.3 Mbits/sec  0.738 ms  2380/4147 (57%)  
[  6] 202.00-203.00 sec  1.47 MBytes  12.3 Mbits/sec  0.537 ms  2584/4510 (57%)  
[  6] 203.00-204.00 sec  1.18 MBytes  9.88 Mbits/sec  1.087 ms  2292/3836 (60%)  
[  6] 204.00-205.00 sec  1.27 MBytes  10.6 Mbits/sec  0.878 ms  2525/4188 (60%)  
[  6] 205.00-206.00 sec  1.30 MBytes  10.9 Mbits/sec  0.637 ms  2759/4460 (62%)  
[  6] 206.00-207.00 sec  1.44 MBytes  12.0 Mbits/sec  0.776 ms  2914/4797 (61%)  
[  6] 207.00-208.00 sec  1.45 MBytes  12.1 Mbits/sec  0.964 ms  3074/4968 (62%)  
[  6] 208.00-209.00 sec  1.47 MBytes  12.3 Mbits/sec  1.197 ms  3869/5792 (67%)  
[  6] 209.00-210.00 sec  1.56 MBytes  13.1 Mbits/sec  0.726 ms  3515/5563 (63%)  
[  6] 210.00-211.00 sec  1.43 MBytes  12.0 Mbits/sec  0.744 ms  2678/4547 (59%)  
[  6] 211.00-212.00 sec  1.48 MBytes  12.4 Mbits/sec  0.644 ms  2977/4922 (60%)  
[  6] 212.00-213.00 sec  1.57 MBytes  13.2 Mbits/sec  0.900 ms  2785/4846 (57%)  
[  6] 213.00-214.00 sec  1.47 MBytes  12.3 Mbits/sec  0.765 ms  2596/4525 (57%)  
[  6] 214.00-215.00 sec  1.63 MBytes  13.7 Mbits/sec  1.015 ms  3267/5410 (60%)  
[  6] 215.00-216.00 sec  1.52 MBytes  12.7 Mbits/sec  0.939 ms  2645/4637 (57%)  
[  6] 216.00-217.00 sec  1.48 MBytes  12.4 Mbits/sec  0.688 ms  2624/4563 (58%)  
[  6] 217.00-218.00 sec  1.45 MBytes  12.2 Mbits/sec  0.635 ms  2461/4362 (56%)  
[  6] 218.00-219.00 sec  1.49 MBytes  12.5 Mbits/sec  0.519 ms  2298/4248 (54%)  
[  6] 219.00-220.00 sec  1.55 MBytes  13.0 Mbits/sec  0.935 ms  2962/4997 (59%)  
[  6] 220.00-221.00 sec  1.48 MBytes  12.4 Mbits/sec  0.601 ms  2643/4583 (58%)  
[  6] 221.00-222.00 sec  1.58 MBytes  13.3 Mbits/sec  0.890 ms  3132/5202 (60%)  
[  6] 222.00-223.00 sec  1.63 MBytes  13.7 Mbits/sec  0.636 ms  2732/4875 (56%)  
[  6] 223.00-224.00 sec  1.42 MBytes  11.9 Mbits/sec  0.768 ms  2670/4530 (59%)  
[  6] 224.00-225.00 sec  1.48 MBytes  12.4 Mbits/sec  1.320 ms  2819/4758 (59%)  
[  6] 225.00-226.00 sec  1.66 MBytes  13.9 Mbits/sec  0.559 ms  2431/4601 (53%)  
[  6] 226.00-227.00 sec  1.66 MBytes  13.9 Mbits/sec  0.604 ms  2836/5008 (57%)  
[  6] 227.00-228.00 sec  1.49 MBytes  12.5 Mbits/sec  0.781 ms  2978/4935 (60%)  
[  6] 228.00-229.00 sec  1.47 MBytes  12.3 Mbits/sec  0.535 ms  2453/4380 (56%)  
[  6] 229.00-230.00 sec  1.53 MBytes  12.8 Mbits/sec  0.537 ms  2363/4366 (54%)  
[  6] 230.00-231.00 sec  1.46 MBytes  12.2 Mbits/sec  0.995 ms  2220/4129 (54%)  
[  6] 231.00-232.00 sec  1.43 MBytes  12.0 Mbits/sec  0.821 ms  2718/4597 (59%)  
[  6] 232.00-233.00 sec  1.46 MBytes  12.3 Mbits/sec  0.948 ms  2718/4635 (59%)  
[  6] 233.00-234.00 sec  1.63 MBytes  13.7 Mbits/sec  0.790 ms  2836/4978 (57%)  
[  6] 234.00-235.00 sec  1.45 MBytes  12.2 Mbits/sec  0.727 ms  2836/4735 (60%)  
[  6] 235.00-236.00 sec  1.49 MBytes  12.5 Mbits/sec  0.594 ms  2903/4859 (60%)  
[  6] 236.00-237.00 sec  1.46 MBytes  12.2 Mbits/sec  0.762 ms  2627/4537 (58%)  
[  6] 237.00-238.00 sec  1.43 MBytes  12.0 Mbits/sec  0.627 ms  2280/4152 (55%)  
[  6] 238.00-239.00 sec  1.44 MBytes  12.1 Mbits/sec  0.532 ms  2690/4583 (59%)  
[  6] 239.00-240.00 sec  1.65 MBytes  13.8 Mbits/sec  0.730 ms  3045/5202 (59%)  
[  6] 240.00-241.00 sec  1.43 MBytes  12.0 Mbits/sec  1.031 ms  2863/4736 (60%)  
[  6] 241.00-242.00 sec  1.47 MBytes  12.3 Mbits/sec  0.588 ms  2836/4762 (60%)  
[  6] 242.00-243.00 sec  1.51 MBytes  12.7 Mbits/sec  0.557 ms  2776/4756 (58%)  
[  6] 243.00-244.00 sec  1.66 MBytes  13.9 Mbits/sec  1.675 ms  2824/5004 (56%)  
[  6] 244.00-245.00 sec  1.39 MBytes  11.6 Mbits/sec  0.665 ms  2502/4319 (58%)  
[  6] 245.00-246.00 sec  1.67 MBytes  14.0 Mbits/sec  0.771 ms  3083/5273 (58%)  
[  6] 246.00-247.00 sec  1.42 MBytes  11.9 Mbits/sec  0.657 ms  2455/4320 (57%)  
[  6] 247.00-248.00 sec  1.60 MBytes  13.4 Mbits/sec  0.795 ms  2683/4786 (56%)  
[  6] 248.00-249.00 sec  1.43 MBytes  12.0 Mbits/sec  0.680 ms  2711/4583 (59%)  
[  6] 249.00-250.00 sec  1.68 MBytes  14.1 Mbits/sec  1.376 ms  2786/4984 (56%)  
[  6] 250.00-251.00 sec  1.43 MBytes  12.0 Mbits/sec  0.647 ms  2561/4441 (58%)  
[  6] 251.00-252.00 sec  1.44 MBytes  12.1 Mbits/sec  0.806 ms  2531/4414 (57%)  
[  6] 252.00-253.00 sec  1.43 MBytes  12.0 Mbits/sec  0.630 ms  2671/4546 (59%)  
[  6] 253.00-254.00 sec  1.68 MBytes  14.1 Mbits/sec  0.861 ms  2625/4825 (54%)  
[  6] 254.00-255.00 sec  1.44 MBytes  12.0 Mbits/sec  0.663 ms  2773/4655 (60%)  
[  6] 255.00-256.00 sec  1.59 MBytes  13.4 Mbits/sec  0.678 ms  3148/5237 (60%)  
[  6] 256.00-257.00 sec  1.44 MBytes  12.1 Mbits/sec  0.649 ms  2578/4468 (58%)  
[  6] 257.00-258.00 sec  1.62 MBytes  13.6 Mbits/sec  1.398 ms  2658/4783 (56%)  
[  6] 258.00-259.00 sec  1.37 MBytes  11.5 Mbits/sec  1.228 ms  2705/4496 (60%)  
[  6] 259.00-260.00 sec  1.62 MBytes  13.6 Mbits/sec  0.662 ms  2519/4640 (54%)  
[  6] 260.00-261.00 sec  1.64 MBytes  13.7 Mbits/sec  1.862 ms  3068/5213 (59%)  
[  6] 261.00-262.00 sec  1.68 MBytes  14.1 Mbits/sec  0.605 ms  3051/5253 (58%)  
[  6] 262.00-263.00 sec  1.56 MBytes  13.1 Mbits/sec  0.751 ms  2804/4845 (58%)  
[  6] 263.00-264.00 sec  1.62 MBytes  13.6 Mbits/sec  1.047 ms  2523/4648 (54%)  
[  6] 264.00-265.00 sec  1.64 MBytes  13.8 Mbits/sec  0.573 ms  2439/4593 (53%)  
[  6] 265.00-266.00 sec  1.64 MBytes  13.8 Mbits/sec  0.579 ms  2479/4635 (53%)  
[  6] 266.00-267.00 sec  1.47 MBytes  12.3 Mbits/sec  1.062 ms  2673/4599 (58%)  
[  6] 267.00-268.00 sec  1.67 MBytes  14.0 Mbits/sec  1.949 ms  2613/4796 (54%)  
[  6] 268.00-269.00 sec  1.46 MBytes  12.3 Mbits/sec  0.639 ms  2173/4093 (53%)  
[  6] 269.00-270.00 sec  1.36 MBytes  11.4 Mbits/sec  1.169 ms  2146/3934 (55%)  
[  6] 270.00-271.00 sec  1.61 MBytes  13.5 Mbits/sec  0.520 ms  3158/5264 (60%)  
[  6] 271.00-272.00 sec  1.65 MBytes  13.8 Mbits/sec  0.641 ms  2284/4444 (51%)  
[  6] 272.00-273.00 sec  1.46 MBytes  12.2 Mbits/sec  0.610 ms  3225/5137 (63%)  
[  6] 273.00-274.00 sec  1.42 MBytes  11.9 Mbits/sec  0.771 ms  2613/4478 (58%)  
[  6] 274.00-275.00 sec  1.42 MBytes  11.9 Mbits/sec  0.688 ms  2133/3998 (53%)  
[  6] 275.00-276.00 sec  1.53 MBytes  12.8 Mbits/sec  0.792 ms  2348/4353 (54%)  
[  6] 276.00-277.00 sec  1.59 MBytes  13.3 Mbits/sec  0.745 ms  3115/5198 (60%)  
[  6] 277.00-278.00 sec  1.47 MBytes  12.3 Mbits/sec  0.934 ms  2930/4857 (60%)  
[  6] 278.00-279.00 sec  1.41 MBytes  11.8 Mbits/sec  1.609 ms  2853/4706 (61%)  
[  6] 279.00-280.00 sec  1.39 MBytes  11.7 Mbits/sec  0.738 ms  2306/4127 (56%)  
[  6] 280.00-281.00 sec  1.40 MBytes  11.8 Mbits/sec  0.733 ms  2249/4087 (55%)  
[  6] 281.00-282.00 sec  1.42 MBytes  11.9 Mbits/sec  1.383 ms  2711/4573 (59%)  
[  6] 282.00-283.00 sec  1.34 MBytes  11.2 Mbits/sec  0.771 ms  2664/4417 (60%)  
[  6] 283.00-284.00 sec  1.47 MBytes  12.3 Mbits/sec  0.790 ms  3013/4936 (61%)  
[  6] 284.00-285.00 sec  1.36 MBytes  11.4 Mbits/sec  0.833 ms  2762/4548 (61%)  
[  6] 285.00-286.00 sec  1.56 MBytes  13.1 Mbits/sec  0.693 ms  3108/5148 (60%)  
[  6] 286.00-287.00 sec  1.46 MBytes  12.3 Mbits/sec  0.800 ms  3099/5019 (62%)  
[  6] 287.00-288.00 sec  1.49 MBytes  12.5 Mbits/sec  0.817 ms  2935/4892 (60%)  
[  6] 288.00-289.00 sec  1.43 MBytes  12.0 Mbits/sec  0.749 ms  3016/4893 (62%)  
[  6] 289.00-290.00 sec  1.42 MBytes  11.9 Mbits/sec  0.602 ms  2253/4119 (55%)  
[  6] 290.00-291.00 sec  1.58 MBytes  13.3 Mbits/sec  0.630 ms  3145/5220 (60%)  
[  6] 291.00-292.00 sec  1.48 MBytes  12.4 Mbits/sec  1.338 ms  2702/4638 (58%)  
[  6] 292.00-293.00 sec  1.48 MBytes  12.4 Mbits/sec  0.698 ms  2852/4787 (60%)  
[  6] 293.00-294.00 sec  1.56 MBytes  13.1 Mbits/sec  0.697 ms  3094/5140 (60%)  
[  6] 294.00-295.00 sec  1.58 MBytes  13.2 Mbits/sec  0.817 ms  2483/4548 (55%)  
[  6] 295.00-296.00 sec  1.51 MBytes  12.7 Mbits/sec  0.769 ms  2856/4833 (59%)  
[  6] 296.00-297.00 sec  1.43 MBytes  12.0 Mbits/sec  0.776 ms  2712/4583 (59%)  
[  6] 297.00-298.00 sec  1.52 MBytes  12.8 Mbits/sec  1.463 ms  2648/4641 (57%)  
[  6] 298.00-299.00 sec  1.43 MBytes  12.0 Mbits/sec  1.222 ms  2199/4071 (54%)  
[  6] 299.00-300.00 sec  1.42 MBytes  11.9 Mbits/sec  0.604 ms  2557/4412 (58%)  
[  6] 300.00-301.00 sec  1.28 MBytes  10.7 Mbits/sec  0.843 ms  2555/4234 (60%)  
[  6] 301.00-302.00 sec  1.51 MBytes  12.6 Mbits/sec  0.733 ms  2681/4655 (58%)  
[  6] 302.00-303.00 sec  1.53 MBytes  12.8 Mbits/sec  0.851 ms  3027/5035 (60%)  
[  6] 303.00-304.00 sec  1.53 MBytes  12.9 Mbits/sec  0.789 ms  3261/5270 (62%)  
[  6] 304.00-305.00 sec  1.53 MBytes  12.9 Mbits/sec  0.922 ms  3345/5354 (62%)  
[  6] 305.00-306.00 sec  1.53 MBytes  12.8 Mbits/sec  1.820 ms  2578/4587 (56%)  
[  6] 306.00-307.00 sec  1.48 MBytes  12.4 Mbits/sec  1.055 ms  2752/4688 (59%)  
[  6] 307.00-308.00 sec  1.49 MBytes  12.5 Mbits/sec  0.799 ms  2534/4483 (57%)  
[  6] 308.00-309.00 sec  1.52 MBytes  12.7 Mbits/sec  2.063 ms  2588/4576 (57%)  
[  6] 309.00-310.00 sec  1.43 MBytes  11.9 Mbits/sec  0.650 ms  2570/4438 (58%)  
[  6] 310.00-311.00 sec  1.49 MBytes  12.5 Mbits/sec  0.724 ms  2773/4721 (59%)  
[  6] 311.00-312.00 sec  1.55 MBytes  13.0 Mbits/sec  0.703 ms  2702/4731 (57%)  
[  6] 312.00-313.00 sec  1.54 MBytes  12.9 Mbits/sec  0.641 ms  2868/4885 (59%)  
[  6] 313.00-314.00 sec  1.43 MBytes  12.0 Mbits/sec  0.565 ms  2874/4750 (61%)  
[  6] 314.00-315.00 sec  1.43 MBytes  12.0 Mbits/sec  0.898 ms  2610/4481 (58%)  
[  6] 315.00-316.00 sec  1.48 MBytes  12.5 Mbits/sec  0.703 ms  2418/4364 (55%)  
[  6] 316.00-317.00 sec  1.53 MBytes  12.8 Mbits/sec  0.733 ms  2760/4766 (58%)  
[  6] 317.00-318.00 sec  1.54 MBytes  12.9 Mbits/sec  0.761 ms  3018/5033 (60%)  
[  6] 318.00-319.00 sec  1.56 MBytes  13.1 Mbits/sec  0.588 ms  3052/5091 (60%)  
[  6] 319.00-320.00 sec  1.66 MBytes  13.9 Mbits/sec  0.570 ms  2826/4999 (57%)  
[  6] 320.00-321.00 sec  1.53 MBytes  12.8 Mbits/sec  0.604 ms  2920/4925 (59%)  
[  6] 321.00-322.00 sec  1.61 MBytes  13.5 Mbits/sec  0.754 ms  2728/4836 (56%)  
[  6] 322.00-323.00 sec  1.64 MBytes  13.7 Mbits/sec  0.996 ms  2642/4788 (55%)  
[  6] 323.00-324.00 sec  1.55 MBytes  13.0 Mbits/sec  0.922 ms  2556/4585 (56%)  
[  6] 324.00-325.00 sec  1.66 MBytes  13.9 Mbits/sec  0.697 ms  2597/4768 (54%)  
[  6] 325.00-326.00 sec  1.61 MBytes  13.5 Mbits/sec  0.809 ms  2554/4670 (55%)  
[  6] 326.00-327.00 sec  1.43 MBytes  12.0 Mbits/sec  1.120 ms  2424/4297 (56%)  
[  6] 327.00-328.00 sec  1.43 MBytes  12.0 Mbits/sec  0.586 ms  2269/4141 (55%)  
[  6] 328.00-329.00 sec  1.42 MBytes  11.9 Mbits/sec  0.914 ms  2197/4056 (54%)  
[  6] 329.00-330.00 sec  1.43 MBytes  12.0 Mbits/sec  0.964 ms  2324/4201 (55%)  
[  6] 330.00-331.00 sec  1.52 MBytes  12.7 Mbits/sec  0.745 ms  2982/4972 (60%)  
[  6] 331.00-332.00 sec  1.57 MBytes  13.2 Mbits/sec  0.752 ms  3098/5160 (60%)  
[  6] 332.00-333.00 sec  1.43 MBytes  12.0 Mbits/sec  0.888 ms  2870/4747 (60%)  
[  6] 333.00-334.00 sec  1.48 MBytes  12.5 Mbits/sec  0.558 ms  3056/5002 (61%)  
[  6] 334.00-335.00 sec  1.52 MBytes  12.8 Mbits/sec  0.525 ms  2378/4376 (54%)  
[  6] 335.00-336.00 sec  1.63 MBytes  13.7 Mbits/sec  0.723 ms  2911/5046 (58%)  
[  6] 336.00-337.00 sec  1.60 MBytes  13.4 Mbits/sec  0.674 ms  3168/5269 (60%)  
[  6] 337.00-338.00 sec  1.54 MBytes  12.9 Mbits/sec  0.809 ms  2717/4737 (57%)  
[  6] 338.00-339.00 sec  1.48 MBytes  12.4 Mbits/sec  0.593 ms  2507/4450 (56%)  
[  6] 339.00-340.00 sec  1.65 MBytes  13.9 Mbits/sec  0.535 ms  2472/4640 (53%)  
[  6] 340.00-341.00 sec  1.54 MBytes  12.9 Mbits/sec  0.665 ms  2682/4696 (57%)  
[  6] 341.00-342.00 sec  1.53 MBytes  12.8 Mbits/sec  0.778 ms  2748/4748 (58%)  
[  6] 342.00-343.00 sec  1.64 MBytes  13.8 Mbits/sec  1.318 ms  2804/4959 (57%)  
[  6] 343.00-344.00 sec  1.47 MBytes  12.3 Mbits/sec  0.638 ms  2176/4097 (53%)  
[  6] 344.00-345.00 sec  1.37 MBytes  11.5 Mbits/sec  0.781 ms  2570/4360 (59%)  
[  6] 345.00-346.00 sec  1.42 MBytes  11.9 Mbits/sec  0.661 ms  2353/4210 (56%)  
[  6] 346.00-347.00 sec  1.38 MBytes  11.6 Mbits/sec  0.736 ms  2199/4008 (55%)  
[  6] 347.00-348.00 sec  1.45 MBytes  12.2 Mbits/sec  0.840 ms  2698/4605 (59%)  
[  6] 348.00-349.00 sec  1.44 MBytes  12.1 Mbits/sec  0.748 ms  3050/4934 (62%)  
[  6] 349.00-350.00 sec  1.36 MBytes  11.4 Mbits/sec  0.760 ms  2692/4481 (60%)  
[  6] 350.00-351.00 sec  1.33 MBytes  11.2 Mbits/sec  0.645 ms  2820/4563 (62%)  
[  6] 351.00-352.00 sec  1.31 MBytes  11.0 Mbits/sec  1.544 ms  2485/4208 (59%)  
[  6] 352.00-353.00 sec  1.40 MBytes  11.8 Mbits/sec  0.889 ms  2772/4611 (60%)  
[  6] 353.00-354.00 sec  1.43 MBytes  12.0 Mbits/sec  1.232 ms  2912/4781 (61%)  
[  6] 354.00-355.00 sec  1.43 MBytes  12.0 Mbits/sec  0.976 ms  3217/5087 (63%)  
[  6] 355.00-356.00 sec  1.44 MBytes  12.1 Mbits/sec  1.000 ms  3224/5114 (63%)  
[  6] 356.00-357.00 sec  1.45 MBytes  12.2 Mbits/sec  0.916 ms  2908/4809 (60%)  
[  6] 357.00-358.00 sec  1.55 MBytes  13.0 Mbits/sec  0.641 ms  3057/5088 (60%)  
[  6] 358.00-359.00 sec  1.43 MBytes  12.0 Mbits/sec  0.717 ms  2755/4632 (59%)  
[  6] 359.00-360.00 sec  1.46 MBytes  12.2 Mbits/sec  0.692 ms  2844/4756 (60%)  
[  6] 360.00-361.00 sec  1.42 MBytes  11.9 Mbits/sec  1.658 ms  2736/4594 (60%)  
[  6] 361.00-362.00 sec  1.41 MBytes  11.9 Mbits/sec  0.847 ms  2441/4294 (57%)  
[  6] 362.00-363.00 sec  1.44 MBytes  12.0 Mbits/sec  1.137 ms  2839/4721 (60%)  
[  6] 363.00-364.00 sec  1.55 MBytes  13.0 Mbits/sec  0.810 ms  2947/4977 (59%)  
[  6] 364.00-365.00 sec  1.47 MBytes  12.3 Mbits/sec  0.899 ms  2942/4872 (60%)  
[  6] 365.00-366.00 sec  1.46 MBytes  12.2 Mbits/sec  0.648 ms  2871/4779 (60%)  
[  6] 366.00-367.00 sec  1.49 MBytes  12.5 Mbits/sec  0.651 ms  2822/4770 (59%)  
[  6] 367.00-368.00 sec  1.65 MBytes  13.8 Mbits/sec  1.070 ms  2879/5042 (57%)  
[  6] 368.00-369.00 sec  1.51 MBytes  12.7 Mbits/sec  1.104 ms  2875/4858 (59%)  
[  6] 369.00-370.00 sec  1.45 MBytes  12.2 Mbits/sec  0.821 ms  2667/4568 (58%)  
[  6] 370.00-371.00 sec  1.43 MBytes  12.0 Mbits/sec  0.623 ms  2602/4475 (58%)  
[  6] 371.00-372.00 sec  1.43 MBytes  12.0 Mbits/sec  1.083 ms  2253/4133 (55%)  
[  6] 372.00-373.00 sec  1.39 MBytes  11.7 Mbits/sec  0.855 ms  2500/4325 (58%)  
[  6] 373.00-374.00 sec  1.43 MBytes  12.0 Mbits/sec  0.922 ms  2764/4638 (60%)  
[  6] 374.00-375.00 sec  1.63 MBytes  13.6 Mbits/sec  1.219 ms  3207/5340 (60%)  
[  6] 375.00-376.00 sec  1.65 MBytes  13.8 Mbits/sec  0.522 ms  3400/5560 (61%)  
[  6] 376.00-377.00 sec  1.44 MBytes  12.1 Mbits/sec  1.064 ms  2793/4683 (60%)  
[  6] 377.00-378.00 sec  1.43 MBytes  12.0 Mbits/sec  0.598 ms  2615/4484 (58%)  
[  6] 378.00-379.00 sec  1.60 MBytes  13.4 Mbits/sec  0.694 ms  2637/4738 (56%)  
[  6] 379.00-380.00 sec  1.35 MBytes  11.3 Mbits/sec  0.548 ms  1879/3647 (52%)  
[  6] 380.00-381.00 sec  1.43 MBytes  12.0 Mbits/sec  0.669 ms  2838/4707 (60%)  
[  6] 381.00-382.00 sec  1.43 MBytes  12.0 Mbits/sec  0.648 ms  2861/4734 (60%)  
[  6] 382.00-383.00 sec  1.61 MBytes  13.5 Mbits/sec  0.712 ms  2598/4708 (55%)  
[  6] 383.00-384.00 sec  1.46 MBytes  12.2 Mbits/sec  0.994 ms  3139/5047 (62%)  
[  6] 384.00-385.00 sec  1.40 MBytes  11.8 Mbits/sec  0.726 ms  2740/4578 (60%)  
[  6] 385.00-386.00 sec  1.35 MBytes  11.4 Mbits/sec  0.724 ms  2670/4445 (60%)  
[  6] 386.00-387.00 sec  1.43 MBytes  12.0 Mbits/sec  1.206 ms  2263/4135 (55%)  
[  6] 387.00-388.00 sec  1.35 MBytes  11.3 Mbits/sec  0.791 ms  2516/4279 (59%)  
[  6] 388.00-389.00 sec  1.38 MBytes  11.6 Mbits/sec  0.818 ms  2809/4618 (61%)  
[  6] 389.00-390.00 sec  1.60 MBytes  13.4 Mbits/sec  0.631 ms  3399/5493 (62%)  
[  6] 390.00-391.00 sec  1.65 MBytes  13.8 Mbits/sec  3.960 ms  3881/6043 (64%)  
[  6] 391.00-392.00 sec  1.65 MBytes  13.8 Mbits/sec  0.830 ms  3064/5225 (59%)  
[  6] 392.00-393.00 sec  1.66 MBytes  13.9 Mbits/sec  0.702 ms  2988/5162 (58%)  
[  6] 393.00-394.00 sec  1.65 MBytes  13.8 Mbits/sec  1.598 ms  2585/4742 (55%)  
[  6] 394.00-395.00 sec  1.65 MBytes  13.8 Mbits/sec  1.180 ms  2568/4725 (54%)  
[  6] 395.00-396.00 sec  1.46 MBytes  12.3 Mbits/sec  0.595 ms  2135/4052 (53%)  
[  6] 396.00-397.00 sec  1.41 MBytes  11.8 Mbits/sec  0.637 ms  2119/3969 (53%)  
[  6] 397.00-398.00 sec  1.42 MBytes  11.9 Mbits/sec  0.696 ms  2199/4063 (54%)  
[  6] 398.00-399.00 sec  1.43 MBytes  12.0 Mbits/sec  0.601 ms  2246/4118 (55%)  
[  6] 399.00-400.00 sec  1.61 MBytes  13.5 Mbits/sec  0.690 ms  3059/5168 (59%)  
[  6] 400.00-401.00 sec  1.56 MBytes  13.1 Mbits/sec  1.201 ms  3148/5191 (61%)  
[  6] 401.00-402.00 sec  1.58 MBytes  13.2 Mbits/sec  0.713 ms  3105/5175 (60%)  
[  6] 402.00-403.00 sec  1.57 MBytes  13.2 Mbits/sec  0.753 ms  2986/5045 (59%)  
[  6] 403.00-404.00 sec  1.51 MBytes  12.6 Mbits/sec  0.960 ms  2277/4250 (54%)  
[  6] 404.00-405.00 sec  1.58 MBytes  13.3 Mbits/sec  1.039 ms  2867/4944 (58%)  
[  6] 405.00-406.00 sec  1.50 MBytes  12.6 Mbits/sec  0.610 ms  2445/4407 (55%)  
[  6] 406.00-407.00 sec  1.43 MBytes  12.0 Mbits/sec  1.249 ms  2256/4127 (55%)  
[  6] 407.00-408.00 sec  1.56 MBytes  13.1 Mbits/sec  1.614 ms  3067/5114 (60%)  
[  6] 408.00-409.00 sec  1.43 MBytes  12.0 Mbits/sec  0.688 ms  2081/3951 (53%)  
[  6] 409.00-410.00 sec  1.58 MBytes  13.3 Mbits/sec  1.387 ms  3031/5108 (59%)  
[  6] 410.00-411.00 sec  1.47 MBytes  12.3 Mbits/sec  0.679 ms  2858/4780 (60%)  
[  6] 411.00-412.00 sec  1.51 MBytes  12.7 Mbits/sec  1.050 ms  2577/4558 (57%)  
[  6] 412.00-413.00 sec  1.56 MBytes  13.1 Mbits/sec  0.689 ms  3050/5093 (60%)  
[  6] 413.00-414.00 sec  1.65 MBytes  13.9 Mbits/sec  0.841 ms  2788/4954 (56%)  
[  6] 414.00-415.00 sec  1.54 MBytes  13.0 Mbits/sec  0.670 ms  2656/4681 (57%)  
[  6] 415.00-416.00 sec  1.57 MBytes  13.2 Mbits/sec  0.629 ms  3005/5064 (59%)  
[  6] 416.00-417.00 sec  1.62 MBytes  13.6 Mbits/sec  0.583 ms  2886/5006 (58%)  
[  6] 417.00-418.00 sec  1.60 MBytes  13.4 Mbits/sec  1.522 ms  2255/4349 (52%)  
[  6] 418.00-419.00 sec  1.44 MBytes  12.0 Mbits/sec  1.136 ms  2598/4479 (58%)  
[  6] 419.00-420.00 sec  1.55 MBytes  13.0 Mbits/sec  0.596 ms  2309/4341 (53%)  
[  6] 420.00-421.00 sec  1.64 MBytes  13.8 Mbits/sec  0.696 ms  2728/4881 (56%)  
[  6] 421.00-422.00 sec  1.46 MBytes  12.2 Mbits/sec  0.671 ms  2300/4208 (55%)  
[  6] 422.00-423.00 sec  1.53 MBytes  12.8 Mbits/sec  0.664 ms  3089/5093 (61%)  
[  6] 423.00-424.00 sec  1.50 MBytes  12.6 Mbits/sec  0.885 ms  2386/4358 (55%)  
[  6] 424.00-425.00 sec  1.43 MBytes  12.0 Mbits/sec  0.747 ms  2300/4178 (55%)  
[  6] 425.00-426.00 sec  1.56 MBytes  13.1 Mbits/sec  0.892 ms  3010/5059 (59%)  
[  6] 426.00-427.00 sec  1.55 MBytes  13.0 Mbits/sec  0.551 ms  2524/4556 (55%)  
[  6] 427.00-428.00 sec  1.43 MBytes  12.0 Mbits/sec  0.766 ms  2744/4612 (59%)  
[  6] 428.00-429.00 sec  1.54 MBytes  12.9 Mbits/sec  0.616 ms  3019/5041 (60%)  
[  6] 429.00-430.00 sec  1.55 MBytes  13.0 Mbits/sec  0.615 ms  2495/4522 (55%)  
[  6] 430.00-431.00 sec  1.56 MBytes  13.1 Mbits/sec  1.101 ms  2817/4861 (58%)  
[  6] 431.00-432.00 sec  1.57 MBytes  13.2 Mbits/sec  0.952 ms  3106/5167 (60%)  
[  6] 432.00-433.00 sec  1.54 MBytes  12.9 Mbits/sec  0.755 ms  2645/4667 (57%)  
[  6] 433.00-434.00 sec  1.61 MBytes  13.5 Mbits/sec  0.615 ms  2521/4634 (54%)  
[  6] 434.00-435.00 sec  1.37 MBytes  11.5 Mbits/sec  0.638 ms  2335/4125 (57%)  
[  6] 435.00-436.00 sec  1.52 MBytes  12.8 Mbits/sec  0.829 ms  2742/4737 (58%)  
[  6] 436.00-437.00 sec  1.54 MBytes  12.9 Mbits/sec  1.271 ms  2540/4560 (56%)  
[  6] 437.00-438.00 sec  1.43 MBytes  12.0 Mbits/sec  2.264 ms  2431/4308 (56%)  
[  6] 438.00-439.00 sec  1.41 MBytes  11.8 Mbits/sec  0.835 ms  2882/4727 (61%)  
[  6] 439.00-440.00 sec  1.43 MBytes  12.0 Mbits/sec  0.672 ms  2484/4364 (57%)  
[  6] 440.00-441.00 sec  1.43 MBytes  12.0 Mbits/sec  1.182 ms  2498/4366 (57%)  
[  6] 441.00-442.00 sec  1.51 MBytes  12.6 Mbits/sec  1.271 ms  2962/4938 (60%)  
[  6] 442.00-443.00 sec  1.66 MBytes  13.9 Mbits/sec  0.775 ms  3334/5510 (61%)  
[  6] 443.00-444.00 sec  1.56 MBytes  13.0 Mbits/sec  0.715 ms  3024/5063 (60%)  
[  6] 444.00-445.00 sec  1.51 MBytes  12.6 Mbits/sec  0.745 ms  2978/4953 (60%)  
[  6] 445.00-446.00 sec  1.55 MBytes  13.0 Mbits/sec  0.875 ms  2565/4603 (56%)  
[  6] 446.00-447.00 sec  1.49 MBytes  12.5 Mbits/sec  1.490 ms  2245/4192 (54%)  
[  6] 447.00-448.00 sec  1.57 MBytes  13.2 Mbits/sec  0.838 ms  2834/4890 (58%)  
[  6] 448.00-449.00 sec  1.42 MBytes  11.9 Mbits/sec  0.767 ms  2421/4280 (57%)  
[  6] 449.00-450.00 sec  1.51 MBytes  12.7 Mbits/sec  0.713 ms  2681/4660 (58%)  
[  6] 450.00-451.00 sec  1.51 MBytes  12.6 Mbits/sec  1.195 ms  2667/4640 (57%)  
[  6] 451.00-452.00 sec  1.57 MBytes  13.1 Mbits/sec  0.705 ms  2717/4769 (57%)  
[  6] 452.00-453.00 sec  1.43 MBytes  12.0 Mbits/sec  0.970 ms  2885/4756 (61%)  
[  6] 453.00-454.00 sec  1.49 MBytes  12.5 Mbits/sec  0.613 ms  2627/4580 (57%)  
[  6] 454.00-455.00 sec  1.41 MBytes  11.9 Mbits/sec  0.658 ms  2488/4339 (57%)  
[  6] 455.00-456.00 sec  1.48 MBytes  12.4 Mbits/sec  0.824 ms  2535/4471 (57%)  
[  6] 456.00-457.00 sec  1.42 MBytes  11.9 Mbits/sec  0.698 ms  2799/4665 (60%)  
[  6] 457.00-458.00 sec  1.38 MBytes  11.6 Mbits/sec  0.720 ms  2491/4305 (58%)  
[  6] 458.00-459.00 sec  1.41 MBytes  11.9 Mbits/sec  0.899 ms  2885/4737 (61%)  
[  6] 459.00-460.00 sec  1.48 MBytes  12.4 Mbits/sec  0.742 ms  2751/4690 (59%)  
[  6] 460.00-461.00 sec  1.65 MBytes  13.8 Mbits/sec  0.946 ms  3395/5553 (61%)  
[  6] 461.00-462.00 sec  1.54 MBytes  12.9 Mbits/sec  0.645 ms  3068/5088 (60%)  
[  6] 462.00-463.00 sec  1.43 MBytes  12.0 Mbits/sec  1.152 ms  2863/4735 (60%)  
[  6] 463.00-464.00 sec  1.46 MBytes  12.3 Mbits/sec  1.022 ms  2544/4464 (57%)  
[  6] 464.00-465.00 sec  1.60 MBytes  13.5 Mbits/sec  1.132 ms  2464/4567 (54%)  
[  6] 465.00-466.00 sec  1.42 MBytes  11.9 Mbits/sec  1.021 ms  2580/4447 (58%)  
[  6] 466.00-467.00 sec  1.43 MBytes  12.0 Mbits/sec  0.774 ms  2804/4675 (60%)  
[  6] 467.00-468.00 sec  1.47 MBytes  12.3 Mbits/sec  0.572 ms  2663/4594 (58%)  
[  6] 468.00-469.00 sec  1.60 MBytes  13.4 Mbits/sec  1.109 ms  2738/4830 (57%)  
[  6] 469.00-470.00 sec  1.48 MBytes  12.5 Mbits/sec  0.958 ms  2907/4851 (60%)  
[  6] 470.00-471.00 sec  1.46 MBytes  12.2 Mbits/sec  0.629 ms  2854/4766 (60%)  
[  6] 471.00-472.00 sec  1.64 MBytes  13.7 Mbits/sec  1.484 ms  2941/5086 (58%)  
[  6] 472.00-473.00 sec  1.42 MBytes  11.9 Mbits/sec  0.874 ms  2281/4138 (55%)  
[  6] 473.00-474.00 sec  1.55 MBytes  13.0 Mbits/sec  1.157 ms  3009/5041 (60%)  
[  6] 474.00-475.00 sec  1.43 MBytes  12.0 Mbits/sec  0.737 ms  2518/4391 (57%)  
[  6] 475.00-476.00 sec  1.45 MBytes  12.2 Mbits/sec  0.812 ms  2385/4287 (56%)  
[  6] 476.00-477.00 sec  1.62 MBytes  13.6 Mbits/sec  1.231 ms  3213/5334 (60%)  
[  6] 477.00-478.00 sec  1.45 MBytes  12.2 Mbits/sec  1.238 ms  2467/4369 (56%)  
[  6] 478.00-479.00 sec  1.52 MBytes  12.8 Mbits/sec  0.866 ms  2973/4967 (60%)  
[  6] 479.00-480.00 sec  1.42 MBytes  11.9 Mbits/sec  0.679 ms  2583/4448 (58%)  
[  6] 480.00-481.00 sec  1.36 MBytes  11.4 Mbits/sec  0.815 ms  2227/4016 (55%)  
[  6] 481.00-482.00 sec  1.32 MBytes  11.1 Mbits/sec  0.907 ms  2492/4226 (59%)  
[  6] 482.00-483.00 sec  1.40 MBytes  11.7 Mbits/sec  0.760 ms  2461/4293 (57%)  
[  6] 483.00-484.00 sec  1.41 MBytes  11.8 Mbits/sec  0.661 ms  2791/4642 (60%)  
[  6] 484.00-485.00 sec  1.44 MBytes  12.1 Mbits/sec  0.872 ms  3083/4965 (62%)  
[  6] 485.00-486.00 sec  1.50 MBytes  12.6 Mbits/sec  0.804 ms  3338/5302 (63%)  
[  6] 486.00-487.00 sec  1.65 MBytes  13.9 Mbits/sec  1.008 ms  3357/5524 (61%)  
[  6] 487.00-488.00 sec  1.43 MBytes  12.0 Mbits/sec  0.670 ms  2810/4681 (60%)  
[  6] 488.00-489.00 sec  1.43 MBytes  12.0 Mbits/sec  0.681 ms  2600/4476 (58%)  
[  6] 489.00-490.00 sec  1.42 MBytes  11.9 Mbits/sec  0.702 ms  2613/4471 (58%)  
[  6] 490.00-491.00 sec  1.43 MBytes  12.0 Mbits/sec  0.989 ms  2232/4100 (54%)  
[  6] 491.00-492.00 sec  1.64 MBytes  13.8 Mbits/sec  0.704 ms  3214/5369 (60%)  
[  6] 492.00-493.00 sec  1.44 MBytes  12.1 Mbits/sec  0.867 ms  2849/4731 (60%)  
[  6] 493.00-494.00 sec  1.43 MBytes  11.9 Mbits/sec  0.766 ms  2835/4703 (60%)  
[  6] 494.00-495.00 sec  1.43 MBytes  12.0 Mbits/sec  0.656 ms  2704/4578 (59%)  
[  6] 495.00-496.00 sec  1.63 MBytes  13.7 Mbits/sec  0.594 ms  2607/4743 (55%)  
[  6] 496.00-497.00 sec  1.64 MBytes  13.8 Mbits/sec  0.814 ms  3264/5415 (60%)  
[  6] 497.00-498.00 sec  1.45 MBytes  12.1 Mbits/sec  0.783 ms  2846/4744 (60%)  
[  6] 498.00-499.00 sec  1.64 MBytes  13.8 Mbits/sec  0.694 ms  2975/5130 (58%)  
[  6] 499.00-500.00 sec  1.65 MBytes  13.8 Mbits/sec  0.621 ms  2498/4657 (54%)  
[  6] 500.00-501.00 sec  1.38 MBytes  11.6 Mbits/sec  0.911 ms  2333/4148 (56%)  
[  6] 501.00-502.00 sec  1.52 MBytes  12.7 Mbits/sec  0.636 ms  2763/4749 (58%)  
[  6] 502.00-503.00 sec  1.45 MBytes  12.1 Mbits/sec  0.628 ms  2181/4076 (54%)  
[  6] 503.00-504.00 sec  1.52 MBytes  12.8 Mbits/sec  1.030 ms  2435/4430 (55%)  
[  6] 504.00-505.00 sec  1.58 MBytes  13.2 Mbits/sec  1.167 ms  3317/5385 (62%)  
[  6] 505.00-506.00 sec  1.61 MBytes  13.5 Mbits/sec  0.628 ms  2759/4871 (57%)  
[  6] 506.00-507.00 sec  1.61 MBytes  13.5 Mbits/sec  0.667 ms  3170/5274 (60%)  
[  6] 507.00-508.00 sec  1.46 MBytes  12.3 Mbits/sec  1.177 ms  2547/4466 (57%)  
[  6] 508.00-509.00 sec  1.43 MBytes  12.0 Mbits/sec  0.885 ms  2217/4094 (54%)  
[  6] 509.00-510.00 sec  1.58 MBytes  13.3 Mbits/sec  0.574 ms  2566/4639 (55%)  
[  6] 510.00-511.00 sec  1.43 MBytes  12.0 Mbits/sec  0.924 ms  2267/4143 (55%)  
[  6] 511.00-512.00 sec  1.48 MBytes  12.4 Mbits/sec  0.777 ms  2889/4830 (60%)  
[  6] 512.00-513.00 sec  1.61 MBytes  13.5 Mbits/sec  1.015 ms  3166/5275 (60%)  
[  6] 513.00-514.00 sec  1.45 MBytes  12.2 Mbits/sec  0.731 ms  2341/4240 (55%)  
[  6] 514.00-515.00 sec  1.62 MBytes  13.6 Mbits/sec  0.678 ms  3047/5172 (59%)  
[  6] 515.00-516.00 sec  1.47 MBytes  12.3 Mbits/sec  0.845 ms  2783/4710 (59%)  
[  6] 516.00-517.00 sec  1.43 MBytes  12.0 Mbits/sec  0.803 ms  2331/4202 (55%)  
[  6] 517.00-518.00 sec  1.46 MBytes  12.2 Mbits/sec  1.268 ms  2790/4701 (59%)  
[  6] 518.00-519.00 sec  1.45 MBytes  12.1 Mbits/sec  1.044 ms  2150/4045 (53%)  
[  6] 519.00-520.00 sec  1.43 MBytes  12.0 Mbits/sec  0.742 ms  2714/4588 (59%)  
[  6] 520.00-521.00 sec  1.62 MBytes  13.6 Mbits/sec  0.678 ms  3212/5339 (60%)  
[  6] 521.00-522.00 sec  1.66 MBytes  13.9 Mbits/sec  1.404 ms  3210/5380 (60%)  
[  6] 522.00-523.00 sec  1.66 MBytes  14.0 Mbits/sec  0.718 ms  3164/5345 (59%)  
[  6] 523.00-524.00 sec  1.43 MBytes  12.0 Mbits/sec  0.893 ms  2665/4534 (59%)  
[  6] 524.00-525.00 sec  1.36 MBytes  11.4 Mbits/sec  0.675 ms  1995/3780 (53%)  
[  6] 525.00-526.00 sec  1.57 MBytes  13.2 Mbits/sec  0.574 ms  2323/4379 (53%)  
[  6] 526.00-527.00 sec  1.59 MBytes  13.3 Mbits/sec  0.911 ms  2601/4684 (56%)  
[  6] 527.00-528.00 sec  1.49 MBytes  12.5 Mbits/sec  0.706 ms  3163/5122 (62%)  
[  6] 528.00-529.00 sec  1.43 MBytes  12.0 Mbits/sec  1.631 ms  2932/4808 (61%)  
[  6] 529.00-530.00 sec  1.43 MBytes  12.0 Mbits/sec  0.883 ms  2245/4118 (55%)  
[  6] 530.00-531.00 sec  1.58 MBytes  13.3 Mbits/sec  0.894 ms  2484/4555 (55%)  
[  6] 531.00-532.00 sec  1.54 MBytes  12.9 Mbits/sec  1.160 ms  2932/4944 (59%)  
[  6] 532.00-533.00 sec  1.58 MBytes  13.2 Mbits/sec  0.895 ms  3084/5152 (60%)  
[  6] 533.00-534.00 sec  1.47 MBytes  12.4 Mbits/sec  0.570 ms  2915/4847 (60%)  
[  6] 534.00-535.00 sec  1.58 MBytes  13.2 Mbits/sec  1.290 ms  2384/4450 (54%)  
[  6] 535.00-536.00 sec  1.51 MBytes  12.6 Mbits/sec  1.521 ms  2860/4834 (59%)  
[  6] 536.00-537.00 sec  1.45 MBytes  12.2 Mbits/sec  0.584 ms  2193/4099 (54%)  
[  6] 537.00-538.00 sec  1.46 MBytes  12.3 Mbits/sec  1.426 ms  2925/4838 (60%)  
[  6] 538.00-539.00 sec  1.39 MBytes  11.7 Mbits/sec  0.714 ms  2159/3979 (54%)  
[  6] 539.00-540.00 sec  1.57 MBytes  13.2 Mbits/sec  0.614 ms  2886/4942 (58%)  
[  6] 540.00-541.00 sec  1.51 MBytes  12.7 Mbits/sec  0.671 ms  2804/4786 (59%)  
[  6] 541.00-542.00 sec  1.54 MBytes  12.9 Mbits/sec  1.350 ms  3127/5149 (61%)  
[  6] 542.00-543.00 sec  1.60 MBytes  13.5 Mbits/sec  1.076 ms  3221/5323 (61%)  
[  6] 543.00-544.00 sec  1.53 MBytes  12.8 Mbits/sec  1.319 ms  2347/4356 (54%)  
[  6] 544.00-545.00 sec  1.43 MBytes  12.0 Mbits/sec  0.679 ms  2700/4572 (59%)  
[  6] 545.00-546.00 sec  1.43 MBytes  12.0 Mbits/sec  0.604 ms  2302/4182 (55%)  
[  6] 546.00-547.00 sec  1.43 MBytes  12.0 Mbits/sec  0.630 ms  2299/4173 (55%)  
[  6] 547.00-548.00 sec  1.43 MBytes  12.0 Mbits/sec  0.569 ms  2566/4446 (58%)  
[  6] 548.00-549.00 sec  1.43 MBytes  12.0 Mbits/sec  0.700 ms  2851/4726 (60%)  
[  6] 549.00-550.00 sec  1.43 MBytes  12.0 Mbits/sec  1.253 ms  2842/4721 (60%)  
[  6] 550.00-551.00 sec  1.44 MBytes  12.0 Mbits/sec  0.760 ms  2780/4662 (60%)  
[  6] 551.00-552.00 sec  1.54 MBytes  13.0 Mbits/sec  0.674 ms  3030/5055 (60%)  
[  6] 552.00-553.00 sec  1.55 MBytes  13.0 Mbits/sec  1.087 ms  3084/5120 (60%)  
[  6] 553.00-554.00 sec  1.54 MBytes  12.9 Mbits/sec  1.044 ms  3001/5017 (60%)  
[  6] 554.00-555.00 sec  1.65 MBytes  13.8 Mbits/sec  0.618 ms  3195/5359 (60%)  
[  6] 555.00-556.00 sec  1.51 MBytes  12.7 Mbits/sec  0.930 ms  2361/4338 (54%)  
[  6] 556.00-557.00 sec  1.43 MBytes  12.0 Mbits/sec  0.786 ms  2663/4536 (59%)  
[  6] 557.00-558.00 sec  1.42 MBytes  11.9 Mbits/sec  0.623 ms  2249/4106 (55%)  
[  6] 558.00-559.00 sec  1.42 MBytes  11.9 Mbits/sec  0.728 ms  2179/4042 (54%)  
[  6] 559.00-560.00 sec  1.42 MBytes  11.9 Mbits/sec  0.659 ms  2591/4449 (58%)  
[  6] 560.00-561.00 sec  1.46 MBytes  12.3 Mbits/sec  0.854 ms  2913/4833 (60%)  
[  6] 561.00-562.00 sec  1.43 MBytes  12.0 Mbits/sec  1.302 ms  2875/4743 (61%)  
[  6] 562.00-563.00 sec  1.60 MBytes  13.4 Mbits/sec  0.992 ms  3147/5239 (60%)  
[  6] 563.00-564.00 sec  1.66 MBytes  13.9 Mbits/sec  1.564 ms  3331/5504 (61%)  
[  6] 564.00-565.00 sec  1.57 MBytes  13.1 Mbits/sec  0.887 ms  2918/4971 (59%)  
[  6] 565.00-566.00 sec  1.43 MBytes  12.0 Mbits/sec  0.645 ms  2651/4522 (59%)  
[  6] 566.00-567.00 sec  1.45 MBytes  12.1 Mbits/sec  1.267 ms  2293/4188 (55%)  
[  6] 567.00-568.00 sec  1.43 MBytes  12.0 Mbits/sec  0.598 ms  2137/4009 (53%)  
[  6] 568.00-569.00 sec  1.58 MBytes  13.3 Mbits/sec  0.814 ms  2774/4850 (57%)  
[  6] 569.00-570.00 sec  1.41 MBytes  11.8 Mbits/sec  1.438 ms  2816/4660 (60%)  
[  6] 570.00-571.00 sec  1.51 MBytes  12.6 Mbits/sec  0.808 ms  2884/4861 (59%)  
[  6] 571.00-572.00 sec  1.41 MBytes  11.8 Mbits/sec  1.003 ms  2767/4616 (60%)  
[  6] 572.00-573.00 sec  1.33 MBytes  11.2 Mbits/sec  0.585 ms  2133/3880 (55%)  
[  6] 573.00-574.00 sec  1.35 MBytes  11.3 Mbits/sec  0.803 ms  2712/4477 (61%)  
[  6] 574.00-575.00 sec  1.43 MBytes  12.0 Mbits/sec  0.638 ms  2610/4484 (58%)  
[  6] 575.00-576.00 sec  1.41 MBytes  11.8 Mbits/sec  1.382 ms  2796/4638 (60%)  
[  6] 576.00-577.00 sec  1.42 MBytes  11.9 Mbits/sec  0.818 ms  3109/4972 (63%)  
[  6] 577.00-578.00 sec  1.48 MBytes  12.4 Mbits/sec  0.588 ms  3141/5077 (62%)  
[  6] 578.00-579.00 sec  1.51 MBytes  12.7 Mbits/sec  0.859 ms  3018/4999 (60%)  
[  6] 579.00-580.00 sec  1.65 MBytes  13.9 Mbits/sec  1.029 ms  3337/5503 (61%)  
[  6] 580.00-581.00 sec  1.67 MBytes  14.0 Mbits/sec  0.801 ms  3277/5461 (60%)  
[  6] 581.00-582.00 sec  1.66 MBytes  13.9 Mbits/sec  0.967 ms  3039/5211 (58%)  
[  6] 582.00-583.00 sec  1.59 MBytes  13.3 Mbits/sec  0.629 ms  2446/4528 (54%)  
[  6] 583.00-584.00 sec  1.47 MBytes  12.4 Mbits/sec  0.890 ms  2329/4262 (55%)  
[  6] 584.00-585.00 sec  1.57 MBytes  13.1 Mbits/sec  0.689 ms  2328/4381 (53%)  
[  6] 585.00-586.00 sec  1.47 MBytes  12.3 Mbits/sec  0.512 ms  2181/4107 (53%)  
[  6] 586.00-587.00 sec  1.62 MBytes  13.6 Mbits/sec  0.757 ms  2981/5106 (58%)  
[  6] 587.00-588.00 sec  1.42 MBytes  11.9 Mbits/sec  1.642 ms  2462/4327 (57%)  
[  6] 588.00-589.00 sec  1.43 MBytes  12.0 Mbits/sec  0.731 ms  2527/4398 (57%)  
[  6] 589.00-590.00 sec  1.42 MBytes  11.9 Mbits/sec  0.634 ms  2531/4396 (58%)  
[  6] 590.00-591.00 sec  1.47 MBytes  12.3 Mbits/sec  0.679 ms  2385/4307 (55%)  
[  6] 591.00-592.00 sec  1.65 MBytes  13.8 Mbits/sec  0.933 ms  3290/5449 (60%)  
[  6] 592.00-593.00 sec  1.49 MBytes  12.5 Mbits/sec  0.799 ms  2921/4870 (60%)  
[  6] 593.00-594.00 sec  1.52 MBytes  12.7 Mbits/sec  0.710 ms  2966/4955 (60%)  
[  6] 594.00-595.00 sec  1.45 MBytes  12.1 Mbits/sec  0.692 ms  2567/4465 (57%)  
[  6] 595.00-596.00 sec  1.65 MBytes  13.9 Mbits/sec  0.550 ms  3409/5577 (61%)  
[  6] 596.00-597.00 sec  1.61 MBytes  13.5 Mbits/sec  0.690 ms  2274/4384 (52%)  
[  6] 597.00-598.00 sec  1.35 MBytes  11.3 Mbits/sec  0.658 ms  2383/4146 (57%)  
[  6] 598.00-599.00 sec  1.32 MBytes  11.1 Mbits/sec  0.693 ms  2385/4113 (58%)  
[  6] 599.00-600.00 sec  1.33 MBytes  11.2 Mbits/sec  0.775 ms  2070/3815 (54%)  
[  6] 600.00-601.00 sec  1.33 MBytes  11.1 Mbits/sec  1.616 ms  2097/3839 (55%)  
[  6] 601.00-602.00 sec  1.41 MBytes  11.8 Mbits/sec  0.673 ms  2960/4807 (62%)  
[  6] 602.00-603.00 sec  1.38 MBytes  11.5 Mbits/sec  1.727 ms  2889/4693 (62%)  
[  6] 603.00-604.00 sec  1.33 MBytes  11.2 Mbits/sec  0.870 ms  3089/4835 (64%)  
[  6] 604.00-605.00 sec  1.37 MBytes  11.5 Mbits/sec  0.669 ms  3097/4897 (63%)  
[  6] 605.00-606.00 sec  1.37 MBytes  11.5 Mbits/sec  0.804 ms  2721/4513 (60%)  
[  6] 606.00-607.00 sec  1.16 MBytes  9.71 Mbits/sec  1.733 ms  2452/3968 (62%)  
[  6] 607.00-608.00 sec  1.15 MBytes  9.64 Mbits/sec  0.981 ms  2370/3876 (61%)  
[  6] 608.00-609.00 sec  1.05 MBytes  8.77 Mbits/sec  0.977 ms  2318/3688 (63%)  
[  6] 609.00-610.00 sec  1.26 MBytes  10.6 Mbits/sec  0.798 ms  2656/4306 (62%)  
[  6] 610.00-611.00 sec  1.34 MBytes  11.3 Mbits/sec  0.737 ms  2846/4605 (62%)  
[  6] 611.00-612.00 sec  1.54 MBytes  13.0 Mbits/sec  0.882 ms  4549/6574 (69%)  
[  6] 612.00-613.00 sec  1.41 MBytes  11.8 Mbits/sec  1.146 ms  4255/6101 (70%)  
[  6] 613.00-614.00 sec  1.40 MBytes  11.8 Mbits/sec  0.816 ms  3376/5214 (65%)  
[  6] 614.00-615.00 sec  1.40 MBytes  11.7 Mbits/sec  0.641 ms  3008/4840 (62%)  
[  6] 615.00-616.00 sec  1.36 MBytes  11.5 Mbits/sec  0.743 ms  2310/4098 (56%)  
[  6] 616.00-617.00 sec  1.46 MBytes  12.2 Mbits/sec  1.075 ms  2988/4903 (61%)  
[  6] 617.00-618.00 sec  1.45 MBytes  12.1 Mbits/sec  1.150 ms  2927/4822 (61%)  
[  6] 618.00-619.00 sec  1.61 MBytes  13.5 Mbits/sec  1.497 ms  3316/5431 (61%)  
[  6] 619.00-620.00 sec  1.44 MBytes  12.1 Mbits/sec  0.598 ms  2886/4776 (60%)  
[  6] 620.00-621.00 sec  1.42 MBytes  11.9 Mbits/sec  0.951 ms  2846/4708 (60%)  
[  6] 621.00-622.00 sec  1.34 MBytes  11.2 Mbits/sec  0.772 ms  2614/4373 (60%)  
[  6] 622.00-623.00 sec  1.38 MBytes  11.6 Mbits/sec  0.845 ms  2133/3941 (54%)  
[  6] 623.00-624.00 sec  1.40 MBytes  11.7 Mbits/sec  0.699 ms  2602/4435 (59%)  
[  6] 624.00-625.00 sec  1.38 MBytes  11.6 Mbits/sec  0.913 ms  2772/4582 (60%)  
[  6] 625.00-626.00 sec  1.36 MBytes  11.4 Mbits/sec  0.622 ms  2897/4682 (62%)  
[  6] 626.00-627.00 sec  1.43 MBytes  12.0 Mbits/sec  1.114 ms  3052/4924 (62%)  
[  6] 627.00-628.00 sec  1.37 MBytes  11.5 Mbits/sec  0.664 ms  2763/4560 (61%)  
[  6] 628.00-629.00 sec  1.39 MBytes  11.6 Mbits/sec  1.120 ms  2935/4753 (62%)  
[  6] 629.00-630.00 sec  1.37 MBytes  11.5 Mbits/sec  0.768 ms  2837/4632 (61%)  
[  6] 630.00-631.00 sec  1.44 MBytes  12.0 Mbits/sec  1.512 ms  2956/4840 (61%)  
[  6] 631.00-632.00 sec  1.46 MBytes  12.3 Mbits/sec  0.681 ms  2977/4892 (61%)  
[  6] 632.00-633.00 sec  1.40 MBytes  11.7 Mbits/sec  0.971 ms  2939/4770 (62%)  
[  6] 633.00-634.00 sec  1.38 MBytes  11.6 Mbits/sec  0.722 ms  2908/4722 (62%)  
[  6] 634.00-635.00 sec  1.37 MBytes  11.5 Mbits/sec  1.144 ms  2707/4498 (60%)  
[  6] 635.00-636.00 sec  1.59 MBytes  13.3 Mbits/sec  1.073 ms  3027/5107 (59%)  
[  6] 636.00-637.00 sec  1.45 MBytes  12.2 Mbits/sec  1.129 ms  2935/4836 (61%)  
[  6] 637.00-638.00 sec  1.41 MBytes  11.8 Mbits/sec  1.043 ms  2924/4775 (61%)  
[  6] 638.00-639.00 sec  1.38 MBytes  11.6 Mbits/sec  0.585 ms  2974/4787 (62%)  
[  6] 639.00-640.00 sec  1.40 MBytes  11.8 Mbits/sec  0.742 ms  2162/4001 (54%)  
[  6] 640.00-641.00 sec  1.53 MBytes  12.8 Mbits/sec  1.085 ms  2991/4997 (60%)  
[  6] 641.00-642.00 sec  1.51 MBytes  12.7 Mbits/sec  0.784 ms  3012/4994 (60%)  
[  6] 642.00-643.00 sec  1.48 MBytes  12.4 Mbits/sec  0.767 ms  3058/4993 (61%)  
[  6] 643.00-644.00 sec  1.36 MBytes  11.5 Mbits/sec  0.682 ms  2725/4513 (60%)  
[  6] 644.00-645.00 sec  1.58 MBytes  13.2 Mbits/sec  0.641 ms  2811/4876 (58%)  
[  6] 645.00-646.00 sec  1.55 MBytes  13.0 Mbits/sec  1.483 ms  3080/5117 (60%)  
[  6] 646.00-647.00 sec  1.46 MBytes  12.2 Mbits/sec  1.490 ms  2461/4374 (56%)  
[  6] 647.00-648.00 sec  1.47 MBytes  12.4 Mbits/sec  0.694 ms  3052/4983 (61%)  
[  6] 648.00-649.00 sec  1.40 MBytes  11.8 Mbits/sec  0.651 ms  2191/4029 (54%)  
[  6] 649.00-650.00 sec  1.41 MBytes  11.8 Mbits/sec  0.899 ms  2465/4309 (57%)  
[  6] 650.00-651.00 sec  1.53 MBytes  12.9 Mbits/sec  0.764 ms  2930/4939 (59%)  
[  6] 651.00-652.00 sec  1.44 MBytes  12.1 Mbits/sec  1.099 ms  2720/4603 (59%)  
[  6] 652.00-653.00 sec  1.41 MBytes  11.8 Mbits/sec  1.416 ms  2860/4711 (61%)  
[  6] 653.00-654.00 sec  1.40 MBytes  11.7 Mbits/sec  0.866 ms  2786/4618 (60%)  
[  6] 654.00-655.00 sec  1.40 MBytes  11.7 Mbits/sec  0.735 ms  2454/4287 (57%)  
[  6] 655.00-656.00 sec  1.40 MBytes  11.8 Mbits/sec  0.733 ms  2698/4535 (59%)  
[  6] 656.00-657.00 sec  1.45 MBytes  12.1 Mbits/sec  0.886 ms  2917/4812 (61%)  
[  6] 657.00-658.00 sec  1.41 MBytes  11.8 Mbits/sec  0.882 ms  2880/4732 (61%)  
[  6] 658.00-659.00 sec  1.54 MBytes  12.9 Mbits/sec  0.698 ms  3113/5126 (61%)  
[  6] 659.00-660.00 sec  1.44 MBytes  12.1 Mbits/sec  0.968 ms  2938/4823 (61%)  
[  6] 660.00-661.00 sec  1.51 MBytes  12.7 Mbits/sec  0.837 ms  2960/4944 (60%)  
[  6] 661.00-662.00 sec  1.54 MBytes  12.9 Mbits/sec  0.729 ms  3033/5045 (60%)  
[  6] 662.00-663.00 sec  1.51 MBytes  12.6 Mbits/sec  0.534 ms  2871/4844 (59%)  
[  6] 663.00-664.00 sec  1.58 MBytes  13.2 Mbits/sec  0.841 ms  2863/4932 (58%)  
[  6] 664.00-665.00 sec  1.60 MBytes  13.4 Mbits/sec  0.701 ms  2793/4895 (57%)  
[  6] 665.00-666.00 sec  1.49 MBytes  12.5 Mbits/sec  1.210 ms  2646/4593 (58%)  
[  6] 666.00-667.00 sec  1.50 MBytes  12.6 Mbits/sec  0.731 ms  2506/4477 (56%)  
[  6] 667.00-668.00 sec  1.54 MBytes  12.9 Mbits/sec  1.026 ms  2580/4601 (56%)  
[  6] 668.00-669.00 sec  1.49 MBytes  12.5 Mbits/sec  0.609 ms  2374/4326 (55%)  
[  6] 669.00-670.00 sec  1.51 MBytes  12.7 Mbits/sec  1.288 ms  2980/4964 (60%)  
[  6] 670.00-671.00 sec  1.42 MBytes  11.9 Mbits/sec  0.789 ms  2381/4239 (56%)  
[  6] 671.00-672.00 sec  1.47 MBytes  12.3 Mbits/sec  0.743 ms  2640/4569 (58%)  
[  6] 672.00-673.00 sec  1.41 MBytes  11.8 Mbits/sec  0.873 ms  2557/4407 (58%)  
[  6] 673.00-674.00 sec  1.42 MBytes  11.9 Mbits/sec  0.731 ms  2556/4416 (58%)  
[  6] 674.00-675.00 sec  1.48 MBytes  12.4 Mbits/sec  0.695 ms  2965/4907 (60%)  
[  6] 675.00-676.00 sec  1.51 MBytes  12.7 Mbits/sec  0.766 ms  2844/4827 (59%)  
[  6] 676.00-677.00 sec  1.54 MBytes  12.9 Mbits/sec  0.727 ms  3066/5080 (60%)  
[  6] 677.00-678.00 sec  1.48 MBytes  12.4 Mbits/sec  0.619 ms  2938/4875 (60%)  
[  6] 678.00-679.00 sec  1.43 MBytes  12.0 Mbits/sec  0.599 ms  2539/4415 (58%)  
[  6] 679.00-680.00 sec  1.49 MBytes  12.5 Mbits/sec  0.686 ms  2759/4706 (59%)  
[  6] 680.00-681.00 sec  1.55 MBytes  13.0 Mbits/sec  1.252 ms  2762/4800 (58%)  
[  6] 681.00-682.00 sec  1.50 MBytes  12.5 Mbits/sec  0.623 ms  2618/4579 (57%)  
[  6] 682.00-683.00 sec  1.42 MBytes  11.9 Mbits/sec  0.732 ms  2912/4774 (61%)  
[  6] 683.00-684.00 sec  1.43 MBytes  12.0 Mbits/sec  0.631 ms  2530/4402 (57%)  
[  6] 684.00-685.00 sec  1.46 MBytes  12.3 Mbits/sec  0.680 ms  2541/4460 (57%)  
[  6] 685.00-686.00 sec  1.39 MBytes  11.6 Mbits/sec  0.789 ms  2561/4381 (58%)  
[  6] 686.00-687.00 sec  1.40 MBytes  11.8 Mbits/sec  1.533 ms  2813/4654 (60%)  
[  6] 687.00-688.00 sec  1.40 MBytes  11.7 Mbits/sec  0.700 ms  2691/4526 (59%)  
[  6] 688.00-689.00 sec  1.35 MBytes  11.4 Mbits/sec  0.812 ms  2615/4390 (60%)  
[  6] 689.00-690.00 sec  1.35 MBytes  11.4 Mbits/sec  0.684 ms  2762/4536 (61%)  
[  6] 690.00-691.00 sec  1.45 MBytes  12.1 Mbits/sec  0.737 ms  2925/4819 (61%)  
[  6] 691.00-692.00 sec  1.42 MBytes  11.9 Mbits/sec  0.661 ms  2886/4751 (61%)  
[  6] 692.00-693.00 sec  1.58 MBytes  13.3 Mbits/sec  0.834 ms  3529/5605 (63%)  
[  6] 693.00-694.00 sec  1.43 MBytes  12.0 Mbits/sec  1.640 ms  2973/4845 (61%)  
[  6] 694.00-695.00 sec  1.47 MBytes  12.3 Mbits/sec  1.277 ms  2834/4755 (60%)  
[  6] 695.00-696.00 sec  1.46 MBytes  12.3 Mbits/sec  0.614 ms  2686/4605 (58%)  
[  6] 696.00-697.00 sec  1.41 MBytes  11.8 Mbits/sec  0.797 ms  2408/4251 (57%)  
[  6] 697.00-698.00 sec  1.46 MBytes  12.3 Mbits/sec  0.623 ms  2883/4802 (60%)  
[  6] 698.00-699.00 sec  1.40 MBytes  11.7 Mbits/sec  0.672 ms  2623/4452 (59%)  
[  6] 699.00-700.00 sec  1.43 MBytes  12.0 Mbits/sec  0.670 ms  2751/4621 (60%)  
[  6] 700.00-701.00 sec  1.48 MBytes  12.4 Mbits/sec  0.803 ms  2970/4914 (60%)  
[  6] 701.00-702.00 sec  1.46 MBytes  12.3 Mbits/sec  0.539 ms  2703/4620 (59%)  
[  6] 702.00-703.00 sec  1.45 MBytes  12.2 Mbits/sec  0.868 ms  3050/4952 (62%)  
[  6] 703.00-704.00 sec  1.40 MBytes  11.7 Mbits/sec  1.348 ms  2735/4567 (60%)  
[  6] 704.00-705.00 sec  1.44 MBytes  12.1 Mbits/sec  0.685 ms  2657/4545 (58%)  
[  6] 705.00-706.00 sec  1.56 MBytes  13.1 Mbits/sec  0.663 ms  2953/4995 (59%)  
[  6] 706.00-707.00 sec  1.58 MBytes  13.3 Mbits/sec  0.986 ms  3082/5159 (60%)  
[  6] 707.00-708.00 sec  1.43 MBytes  12.0 Mbits/sec  1.495 ms  2941/4819 (61%)  
[  6] 708.00-709.00 sec  1.59 MBytes  13.3 Mbits/sec  0.756 ms  2902/4988 (58%)  
[  6] 709.00-710.00 sec  1.46 MBytes  12.3 Mbits/sec  0.510 ms  2375/4291 (55%)  
[  6] 710.00-711.00 sec  1.60 MBytes  13.4 Mbits/sec  0.636 ms  2876/4974 (58%)  
[  6] 711.00-712.00 sec  1.42 MBytes  11.9 Mbits/sec  0.807 ms  2624/4482 (59%)  
[  6] 712.00-713.00 sec  1.59 MBytes  13.3 Mbits/sec  1.019 ms  2733/4817 (57%)  
[  6] 713.00-714.00 sec  1.42 MBytes  11.9 Mbits/sec  0.641 ms  2557/4416 (58%)  
[  6] 714.00-715.00 sec  1.45 MBytes  12.2 Mbits/sec  0.860 ms  2451/4356 (56%)  
[  6] 715.00-716.00 sec  1.62 MBytes  13.6 Mbits/sec  0.635 ms  3122/5242 (60%)  
[  6] 716.00-717.00 sec  1.59 MBytes  13.3 Mbits/sec  1.480 ms  2729/4809 (57%)  
[  6] 717.00-718.00 sec  1.41 MBytes  11.8 Mbits/sec  0.647 ms  2806/4653 (60%)  
[  6] 718.00-719.00 sec  1.42 MBytes  11.9 Mbits/sec  1.928 ms  2563/4420 (58%)  
[  6] 719.00-720.00 sec  1.40 MBytes  11.8 Mbits/sec  0.754 ms  2281/4119 (55%)  
[  6] 720.00-721.00 sec  1.58 MBytes  13.3 Mbits/sec  1.134 ms  2607/4682 (56%)  
[  6] 721.00-722.00 sec  1.42 MBytes  11.9 Mbits/sec  1.121 ms  2851/4707 (61%)  
[  6] 722.00-723.00 sec  1.46 MBytes  12.2 Mbits/sec  0.781 ms  2894/4803 (60%)  
[  6] 723.00-724.00 sec  1.48 MBytes  12.4 Mbits/sec  0.633 ms  3008/4947 (61%)  
[  6] 724.00-725.00 sec  1.61 MBytes  13.5 Mbits/sec  1.022 ms  2690/4804 (56%)  
[  6] 725.00-726.00 sec  1.42 MBytes  11.9 Mbits/sec  0.674 ms  2671/4528 (59%)  
[  6] 726.00-727.00 sec  1.41 MBytes  11.8 Mbits/sec  0.913 ms  2733/4583 (60%)  
[  6] 727.00-728.00 sec  1.41 MBytes  11.8 Mbits/sec  0.619 ms  2961/4805 (62%)  
[  6] 728.00-729.00 sec  1.40 MBytes  11.7 Mbits/sec  0.974 ms  1897/3733 (51%)  
[  6] 729.00-730.00 sec  1.40 MBytes  11.8 Mbits/sec  0.648 ms  2758/4599 (60%)  
[  6] 730.00-731.00 sec  1.61 MBytes  13.5 Mbits/sec  0.796 ms  3287/5400 (61%)  
[  6] 731.00-732.00 sec  1.42 MBytes  11.9 Mbits/sec  0.648 ms  2879/4741 (61%)  
[  6] 732.00-733.00 sec  1.42 MBytes  11.9 Mbits/sec  1.185 ms  2900/4763 (61%)  
[  6] 733.00-734.00 sec  1.41 MBytes  11.9 Mbits/sec  0.652 ms  2796/4650 (60%)  
[  6] 734.00-735.00 sec  1.41 MBytes  11.8 Mbits/sec  0.633 ms  2164/4007 (54%)  
[  6] 735.00-736.00 sec  1.42 MBytes  11.9 Mbits/sec  0.789 ms  2869/4734 (61%)  
[  6] 736.00-737.00 sec  1.42 MBytes  11.9 Mbits/sec  0.704 ms  2809/4670 (60%)  
[  6] 737.00-738.00 sec  1.42 MBytes  11.9 Mbits/sec  0.698 ms  2840/4697 (60%)  
[  6] 738.00-739.00 sec  1.45 MBytes  12.2 Mbits/sec  0.629 ms  2903/4803 (60%)  
[  6] 739.00-740.00 sec  1.60 MBytes  13.4 Mbits/sec  0.603 ms  3203/5294 (61%)  
[  6] 740.00-741.00 sec  1.44 MBytes  12.1 Mbits/sec  0.688 ms  2881/4766 (60%)  
[  6] 741.00-742.00 sec  1.43 MBytes  12.0 Mbits/sec  0.714 ms  2858/4734 (60%)  
[  6] 742.00-743.00 sec  1.40 MBytes  11.7 Mbits/sec  2.335 ms  3077/4908 (63%)  
[  6] 743.00-744.00 sec  1.37 MBytes  11.5 Mbits/sec  0.673 ms  1768/3560 (50%)  
[  6] 744.00-745.00 sec  1.43 MBytes  12.0 Mbits/sec  1.429 ms  2799/4679 (60%)  
[  6] 745.00-746.00 sec  1.55 MBytes  13.0 Mbits/sec  0.667 ms  2989/5020 (60%)  
[  6] 746.00-747.00 sec  1.44 MBytes  12.1 Mbits/sec  0.721 ms  3026/4916 (62%)  
[  6] 747.00-748.00 sec  1.61 MBytes  13.5 Mbits/sec  1.263 ms  3275/5384 (61%)  
[  6] 748.00-749.00 sec  1.47 MBytes  12.3 Mbits/sec  1.564 ms  3001/4923 (61%)  
[  6] 749.00-750.00 sec  1.57 MBytes  13.2 Mbits/sec  0.998 ms  2540/4596 (55%)  
[  6] 750.00-751.00 sec  1.59 MBytes  13.3 Mbits/sec  0.669 ms  3003/5088 (59%)  
[  6] 751.00-752.00 sec  1.59 MBytes  13.3 Mbits/sec  0.898 ms  2571/4651 (55%)  
[  6] 752.00-753.00 sec  1.48 MBytes  12.4 Mbits/sec  0.675 ms  2869/4808 (60%)  
[  6] 753.00-754.00 sec  1.41 MBytes  11.9 Mbits/sec  0.772 ms  2266/4118 (55%)  
[  6] 754.00-755.00 sec  1.58 MBytes  13.3 Mbits/sec  0.561 ms  2670/4747 (56%)  
[  6] 755.00-756.00 sec  1.48 MBytes  12.4 Mbits/sec  3.159 ms  2851/4796 (59%)  
[  6] 756.00-757.00 sec  1.46 MBytes  12.2 Mbits/sec  0.730 ms  2247/4155 (54%)  
[  6] 757.00-758.00 sec  1.42 MBytes  11.9 Mbits/sec  0.617 ms  2833/4690 (60%)  
[  6] 758.00-759.00 sec  1.41 MBytes  11.8 Mbits/sec  0.651 ms  2237/4086 (55%)  
[  6] 759.00-760.00 sec  1.41 MBytes  11.9 Mbits/sec  1.099 ms  2695/4549 (59%)  
[  6] 760.00-761.00 sec  1.41 MBytes  11.9 Mbits/sec  0.656 ms  2650/4504 (59%)  
[  6] 761.00-762.00 sec  1.42 MBytes  11.9 Mbits/sec  0.631 ms  2838/4693 (60%)  
[  6] 762.00-763.00 sec  1.42 MBytes  11.9 Mbits/sec  0.687 ms  2836/4693 (60%)  
[  6] 763.00-764.00 sec  1.48 MBytes  12.4 Mbits/sec  1.193 ms  3029/4973 (61%)  
[  6] 764.00-765.00 sec  1.42 MBytes  12.0 Mbits/sec  0.734 ms  2828/4695 (60%)  
[  6] 765.00-766.00 sec  1.42 MBytes  11.9 Mbits/sec  0.742 ms  2824/4686 (60%)  
[  6] 766.00-767.00 sec  1.43 MBytes  12.0 Mbits/sec  1.245 ms  2877/4745 (61%)  
[  6] 767.00-768.00 sec  1.44 MBytes  12.1 Mbits/sec  0.685 ms  2630/4522 (58%)  
[  6] 768.00-769.00 sec  1.53 MBytes  12.9 Mbits/sec  0.812 ms  3063/5074 (60%)  
[  6] 769.00-770.00 sec  1.64 MBytes  13.8 Mbits/sec  0.603 ms  3228/5379 (60%)  
[  6] 770.00-771.00 sec  1.62 MBytes  13.6 Mbits/sec  0.690 ms  3247/5374 (60%)  
[  6] 771.00-772.00 sec  1.62 MBytes  13.6 Mbits/sec  0.615 ms  3061/5183 (59%)  
[  6] 772.00-773.00 sec  1.52 MBytes  12.8 Mbits/sec  0.810 ms  2417/4414 (55%)  
[  6] 773.00-774.00 sec  1.44 MBytes  12.1 Mbits/sec  0.634 ms  2230/4115 (54%)  
[  6] 774.00-775.00 sec  1.43 MBytes  12.0 Mbits/sec  0.670 ms  2221/4098 (54%)  
[  6] 775.00-776.00 sec  1.42 MBytes  11.9 Mbits/sec  1.091 ms  2302/4160 (55%)  
[  6] 776.00-777.00 sec  1.47 MBytes  12.3 Mbits/sec  1.236 ms  2653/4575 (58%)  
[  6] 777.00-778.00 sec  1.63 MBytes  13.7 Mbits/sec  0.723 ms  3155/5294 (60%)  
[  6] 778.00-779.00 sec  1.52 MBytes  12.7 Mbits/sec  1.422 ms  3009/4996 (60%)  
[  6] 779.00-780.00 sec  1.53 MBytes  12.9 Mbits/sec  1.428 ms  3052/5063 (60%)  
[  6] 780.00-781.00 sec  1.62 MBytes  13.6 Mbits/sec  0.793 ms  2793/4913 (57%)  
[  6] 781.00-782.00 sec  1.63 MBytes  13.6 Mbits/sec  0.609 ms  2465/4595 (54%)  
[  6] 782.00-783.00 sec  1.54 MBytes  12.9 Mbits/sec  1.157 ms  3102/5116 (61%)  
[  6] 783.00-784.00 sec  1.38 MBytes  11.6 Mbits/sec  1.267 ms  2154/3968 (54%)  
[  6] 784.00-785.00 sec  1.41 MBytes  11.8 Mbits/sec  0.641 ms  2238/4084 (55%)  
[  6] 785.00-786.00 sec  1.46 MBytes  12.3 Mbits/sec  0.519 ms  2237/4151 (54%)  
[  6] 786.00-787.00 sec  1.50 MBytes  12.6 Mbits/sec  0.828 ms  2733/4706 (58%)  
[  6] 787.00-788.00 sec  1.50 MBytes  12.6 Mbits/sec  0.702 ms  3069/5039 (61%)  
[  6] 788.00-789.00 sec  1.42 MBytes  11.9 Mbits/sec  1.387 ms  2910/4774 (61%)  
[  6] 789.00-790.00 sec  1.42 MBytes  11.9 Mbits/sec  1.119 ms  2678/4535 (59%)  
[  6] 790.00-791.00 sec  1.53 MBytes  12.8 Mbits/sec  0.523 ms  3097/5100 (61%)  
[  6] 791.00-792.00 sec  1.54 MBytes  12.9 Mbits/sec  1.365 ms  2463/4485 (55%)  
[  6] 792.00-793.00 sec  1.42 MBytes  11.9 Mbits/sec  1.394 ms  2812/4672 (60%)  
[  6] 793.00-794.00 sec  1.41 MBytes  11.9 Mbits/sec  1.115 ms  2819/4672 (60%)  
[  6] 794.00-795.00 sec  1.41 MBytes  11.8 Mbits/sec  0.710 ms  2410/4261 (57%)  
[  6] 795.00-796.00 sec  1.54 MBytes  12.9 Mbits/sec  1.132 ms  2697/4711 (57%)  
[  6] 796.00-797.00 sec  1.40 MBytes  11.8 Mbits/sec  0.704 ms  2764/4604 (60%)  
[  6] 797.00-798.00 sec  1.51 MBytes  12.6 Mbits/sec  0.635 ms  3024/4998 (61%)  
[  6] 798.00-799.00 sec  1.50 MBytes  12.6 Mbits/sec  0.550 ms  2962/4933 (60%)  
[  6] 799.00-800.00 sec  1.54 MBytes  12.9 Mbits/sec  0.744 ms  2742/4761 (58%)  
[  6] 800.00-801.00 sec  1.42 MBytes  11.9 Mbits/sec  0.731 ms  2846/4704 (61%)  
[  6] 801.00-802.00 sec  1.48 MBytes  12.4 Mbits/sec  0.695 ms  2665/4603 (58%)  
[  6] 802.00-803.00 sec  1.51 MBytes  12.7 Mbits/sec  0.811 ms  2657/4639 (57%)  
[  6] 803.00-804.00 sec  1.50 MBytes  12.6 Mbits/sec  1.092 ms  2758/4725 (58%)  
[  6] 804.00-805.00 sec  1.50 MBytes  12.6 Mbits/sec  0.755 ms  2925/4896 (60%)  
[  6] 805.00-806.00 sec  1.41 MBytes  11.8 Mbits/sec  0.769 ms  2616/4458 (59%)  
[  6] 806.00-807.00 sec  1.48 MBytes  12.4 Mbits/sec  0.533 ms  2626/4571 (57%)  
[  6] 807.00-808.00 sec  1.57 MBytes  13.2 Mbits/sec  1.420 ms  2775/4836 (57%)  
[  6] 808.00-809.00 sec  1.47 MBytes  12.3 Mbits/sec  0.968 ms  2774/4701 (59%)  
[  6] 809.00-810.00 sec  1.41 MBytes  11.9 Mbits/sec  1.080 ms  2874/4727 (61%)  
[  6] 810.00-811.00 sec  1.42 MBytes  11.9 Mbits/sec  0.685 ms  2476/4336 (57%)  
[  6] 811.00-812.00 sec  1.43 MBytes  12.0 Mbits/sec  0.656 ms  2420/4290 (56%)  
[  6] 812.00-813.00 sec  1.42 MBytes  11.9 Mbits/sec  1.154 ms  2718/4579 (59%)  
[  6] 813.00-814.00 sec  1.45 MBytes  12.2 Mbits/sec  0.831 ms  2902/4809 (60%)  
[  6] 814.00-815.00 sec  1.46 MBytes  12.2 Mbits/sec  0.627 ms  2863/4774 (60%)  
[  6] 815.00-816.00 sec  1.54 MBytes  12.9 Mbits/sec  0.595 ms  3052/5075 (60%)  
[  6] 816.00-817.00 sec  1.46 MBytes  12.2 Mbits/sec  0.940 ms  2939/4849 (61%)  
[  6] 817.00-818.00 sec  1.45 MBytes  12.2 Mbits/sec  1.190 ms  2790/4692 (59%)  
[  6] 818.00-819.00 sec  1.41 MBytes  11.8 Mbits/sec  0.602 ms  2524/4369 (58%)  
[  6] 819.00-820.00 sec  1.42 MBytes  11.9 Mbits/sec  0.587 ms  2465/4326 (57%)  
[  6] 820.00-821.00 sec  1.49 MBytes  12.5 Mbits/sec  0.619 ms  2898/4856 (60%)  
[  6] 821.00-822.00 sec  1.41 MBytes  11.9 Mbits/sec  0.858 ms  2749/4602 (60%)  
[  6] 822.00-823.00 sec  1.38 MBytes  11.6 Mbits/sec  0.831 ms  2790/4604 (61%)  
[  6] 823.00-824.00 sec  1.45 MBytes  12.2 Mbits/sec  0.711 ms  2873/4772 (60%)  
[  6] 824.00-825.00 sec  1.45 MBytes  12.2 Mbits/sec  1.104 ms  2669/4573 (58%)  
[  6] 825.00-826.00 sec  1.45 MBytes  12.1 Mbits/sec  1.072 ms  2914/4808 (61%)  
[  6] 826.00-827.00 sec  1.46 MBytes  12.2 Mbits/sec  0.701 ms  2983/4893 (61%)  
[  6] 827.00-828.00 sec  1.44 MBytes  12.1 Mbits/sec  0.714 ms  2736/4619 (59%)  
[  6] 828.00-829.00 sec  1.47 MBytes  12.3 Mbits/sec  0.849 ms  2860/4788 (60%)  
[  6] 829.00-830.00 sec  1.41 MBytes  11.8 Mbits/sec  0.692 ms  2716/4566 (59%)  
[  6] 830.00-831.00 sec  1.45 MBytes  12.1 Mbits/sec  0.478 ms  2685/4580 (59%)  
[  6] 831.00-832.00 sec  1.43 MBytes  12.0 Mbits/sec  0.968 ms  2881/4755 (61%)  
[  6] 832.00-833.00 sec  1.52 MBytes  12.7 Mbits/sec  1.162 ms  2853/4843 (59%)  
[  6] 833.00-834.00 sec  1.42 MBytes  11.9 Mbits/sec  0.725 ms  2893/4757 (61%)  
[  6] 834.00-835.00 sec  1.55 MBytes  13.0 Mbits/sec  1.413 ms  2921/4949 (59%)  
[  6] 835.00-836.00 sec  1.44 MBytes  12.0 Mbits/sec  0.654 ms  2854/4738 (60%)  
[  6] 836.00-837.00 sec  1.62 MBytes  13.6 Mbits/sec  1.019 ms  2921/5049 (58%)  
[  6] 837.00-838.00 sec  1.43 MBytes  12.0 Mbits/sec  0.807 ms  2791/4660 (60%)  
[  6] 838.00-839.00 sec  1.43 MBytes  12.0 Mbits/sec  0.980 ms  2443/4317 (57%)  
[  6] 839.00-840.00 sec  1.43 MBytes  12.0 Mbits/sec  0.826 ms  2710/4583 (59%)  
[  6] 840.00-841.00 sec  1.42 MBytes  11.9 Mbits/sec  0.760 ms  2231/4090 (55%)  
[  6] 841.00-842.00 sec  1.45 MBytes  12.1 Mbits/sec  0.726 ms  2827/4721 (60%)  
[  6] 842.00-843.00 sec  1.41 MBytes  11.8 Mbits/sec  0.985 ms  2810/4656 (60%)  
[  6] 843.00-844.00 sec  1.51 MBytes  12.6 Mbits/sec  1.041 ms  2968/4941 (60%)  
[  6] 844.00-845.00 sec  1.53 MBytes  12.8 Mbits/sec  0.670 ms  2913/4913 (59%)  
[  6] 845.00-846.00 sec  1.41 MBytes  11.8 Mbits/sec  0.992 ms  2849/4701 (61%)  
[  6] 846.00-847.00 sec  1.65 MBytes  13.9 Mbits/sec  0.809 ms  3158/5322 (59%)  
[  6] 847.00-848.00 sec  1.42 MBytes  11.9 Mbits/sec  0.678 ms  2573/4438 (58%)  
[  6] 848.00-849.00 sec  1.42 MBytes  11.9 Mbits/sec  0.849 ms  2623/4483 (59%)  
[  6] 849.00-850.00 sec  1.62 MBytes  13.6 Mbits/sec  0.879 ms  3074/5192 (59%)  
[  6] 850.00-851.00 sec  1.44 MBytes  12.1 Mbits/sec  1.106 ms  2294/4181 (55%)  
[  6] 851.00-852.00 sec  1.46 MBytes  12.2 Mbits/sec  0.840 ms  2891/4804 (60%)  
[  6] 852.00-853.00 sec  1.42 MBytes  11.9 Mbits/sec  0.582 ms  3010/4875 (62%)  
[  6] 853.00-854.00 sec  1.54 MBytes  12.9 Mbits/sec  0.637 ms  2159/4178 (52%)  
[  6] 854.00-855.00 sec  1.47 MBytes  12.3 Mbits/sec  0.553 ms  2862/4787 (60%)  
[  6] 855.00-856.00 sec  1.47 MBytes  12.4 Mbits/sec  0.668 ms  2851/4783 (60%)  
[  6] 856.00-857.00 sec  1.41 MBytes  11.8 Mbits/sec  1.613 ms  2799/4646 (60%)  
[  6] 857.00-858.00 sec  1.49 MBytes  12.5 Mbits/sec  1.279 ms  2579/4538 (57%)  
[  6] 858.00-859.00 sec  1.39 MBytes  11.6 Mbits/sec  0.984 ms  2612/4432 (59%)  
[  6] 859.00-860.00 sec  1.41 MBytes  11.8 Mbits/sec  0.857 ms  2639/4489 (59%)  
[  6] 860.00-861.00 sec  1.46 MBytes  12.2 Mbits/sec  0.663 ms  2919/4833 (60%)  
[  6] 861.00-862.00 sec  1.37 MBytes  11.5 Mbits/sec  1.129 ms  2513/4312 (58%)  
[  6] 862.00-863.00 sec  1.42 MBytes  11.9 Mbits/sec  0.807 ms  2927/4792 (61%)  
[  6] 863.00-864.00 sec  1.43 MBytes  12.0 Mbits/sec  1.060 ms  2883/4757 (61%)  
[  6] 864.00-865.00 sec  1.35 MBytes  11.3 Mbits/sec  0.739 ms  2522/4288 (59%)  
[  6] 865.00-866.00 sec  1.54 MBytes  12.9 Mbits/sec  1.392 ms  3253/5268 (62%)  
[  6] 866.00-867.00 sec  1.60 MBytes  13.4 Mbits/sec  0.565 ms  3122/5221 (60%)  
[  6] 867.00-868.00 sec  1.47 MBytes  12.3 Mbits/sec  1.623 ms  3121/5043 (62%)  
[  6] 868.00-869.00 sec  1.44 MBytes  12.1 Mbits/sec  0.600 ms  2798/4683 (60%)  
[  6] 869.00-870.00 sec  1.44 MBytes  12.1 Mbits/sec  0.598 ms  2625/4518 (58%)  
[  6] 870.00-871.00 sec  1.41 MBytes  11.8 Mbits/sec  0.618 ms  2077/3919 (53%)  
[  6] 871.00-872.00 sec  1.43 MBytes  12.0 Mbits/sec  0.626 ms  2755/4628 (60%)  
[  6] 872.00-873.00 sec  1.40 MBytes  11.7 Mbits/sec  0.657 ms  2742/4575 (60%)  
[  6] 873.00-874.00 sec  1.44 MBytes  12.1 Mbits/sec  0.913 ms  2789/4676 (60%)  
[  6] 874.00-875.00 sec  1.44 MBytes  12.1 Mbits/sec  0.610 ms  2897/4783 (61%)  
[  6] 875.00-876.00 sec  1.48 MBytes  12.5 Mbits/sec  0.688 ms  2928/4874 (60%)  
[  6] 876.00-877.00 sec  1.42 MBytes  11.9 Mbits/sec  0.696 ms  2893/4748 (61%)  
[  6] 877.00-878.00 sec  1.59 MBytes  13.4 Mbits/sec  0.803 ms  3143/5232 (60%)  
[  6] 878.00-879.00 sec  1.50 MBytes  12.6 Mbits/sec  0.641 ms  2724/4689 (58%)  
[  6] 879.00-880.00 sec  1.59 MBytes  13.3 Mbits/sec  0.704 ms  3139/5224 (60%)  
[  6] 880.00-881.00 sec  1.57 MBytes  13.2 Mbits/sec  0.598 ms  3007/5063 (59%)  
[  6] 881.00-882.00 sec  1.46 MBytes  12.3 Mbits/sec  0.708 ms  2234/4151 (54%)  
[  6] 882.00-883.00 sec  1.49 MBytes  12.5 Mbits/sec  0.643 ms  2888/4841 (60%)  
[  6] 883.00-884.00 sec  1.58 MBytes  13.2 Mbits/sec  0.813 ms  2563/4630 (55%)  
[  6] 884.00-885.00 sec  1.50 MBytes  12.6 Mbits/sec  0.730 ms  2494/4458 (56%)  
[  6] 885.00-886.00 sec  1.59 MBytes  13.3 Mbits/sec  0.993 ms  2958/5039 (59%)  
[  6] 886.00-887.00 sec  1.64 MBytes  13.8 Mbits/sec  0.568 ms  3014/5167 (58%)  
[  6] 887.00-888.00 sec  1.66 MBytes  13.9 Mbits/sec  0.785 ms  2645/4816 (55%)  
[  6] 888.00-889.00 sec  1.65 MBytes  13.9 Mbits/sec  0.533 ms  3034/5202 (58%)  
[  6] 889.00-890.00 sec  1.66 MBytes  13.9 Mbits/sec  0.573 ms  2610/4787 (55%)  
[  6] 890.00-891.00 sec  1.67 MBytes  14.0 Mbits/sec  1.178 ms  2561/4752 (54%)  
[  6] 891.00-892.00 sec  1.65 MBytes  13.9 Mbits/sec  0.503 ms  2448/4616 (53%)  
[  6] 892.00-893.00 sec  1.51 MBytes  12.7 Mbits/sec  0.749 ms  2330/4305 (54%)  
[  6] 893.00-894.00 sec  1.43 MBytes  12.0 Mbits/sec  1.178 ms  2163/4036 (54%)  
[  6] 894.00-895.00 sec  1.55 MBytes  13.0 Mbits/sec  0.567 ms  2258/4292 (53%)  
[  6] 895.00-896.00 sec  1.54 MBytes  12.9 Mbits/sec  0.819 ms  2404/4416 (54%)  
[  6] 896.00-897.00 sec  1.51 MBytes  12.6 Mbits/sec  1.322 ms  2876/4850 (59%)  
[  6] 897.00-898.00 sec  1.45 MBytes  12.1 Mbits/sec  1.163 ms  2858/4756 (60%)  
[  6] 898.00-899.00 sec  1.54 MBytes  13.0 Mbits/sec  1.391 ms  2641/4666 (57%)  
[  6] 899.00-900.00 sec  1.44 MBytes  12.0 Mbits/sec  0.619 ms  2417/4298 (56%)  
[  6] 900.00-901.00 sec  1.50 MBytes  12.6 Mbits/sec  0.885 ms  2686/4649 (58%)  
[  6] 901.00-902.00 sec  1.43 MBytes  12.0 Mbits/sec  1.113 ms  2810/4679 (60%)  
[  6] 902.00-903.00 sec  1.40 MBytes  11.7 Mbits/sec  1.656 ms  2389/4220 (57%)  
[  6] 903.00-904.00 sec  1.41 MBytes  11.9 Mbits/sec  0.770 ms  2728/4581 (60%)  
[  6] 904.00-905.00 sec  1.53 MBytes  12.8 Mbits/sec  0.836 ms  2794/4798 (58%)  
[  6] 905.00-906.00 sec  1.42 MBytes  11.9 Mbits/sec  0.654 ms  2773/4634 (60%)  
[  6] 906.00-907.00 sec  1.41 MBytes  11.8 Mbits/sec  0.675 ms  2894/4743 (61%)  
[  6] 907.00-908.00 sec  1.49 MBytes  12.5 Mbits/sec  0.793 ms  3005/4961 (61%)  
[  6] 908.00-909.00 sec  1.39 MBytes  11.7 Mbits/sec  0.662 ms  2381/4203 (57%)  
[  6] 909.00-910.00 sec  1.45 MBytes  12.2 Mbits/sec  1.168 ms  2959/4861 (61%)  
[  6] 910.00-911.00 sec  1.43 MBytes  12.0 Mbits/sec  0.741 ms  2836/4706 (60%)  
[  6] 911.00-912.00 sec  1.41 MBytes  11.9 Mbits/sec  0.726 ms  2559/4413 (58%)  
[  6] 912.00-913.00 sec  1.42 MBytes  11.9 Mbits/sec  0.673 ms  2911/4770 (61%)  
[  6] 913.00-914.00 sec  1.46 MBytes  12.3 Mbits/sec  0.646 ms  2811/4728 (59%)  
[  6] 914.00-915.00 sec  1.44 MBytes  12.0 Mbits/sec  0.940 ms  2847/4728 (60%)  
[  6] 915.00-916.00 sec  1.37 MBytes  11.5 Mbits/sec  1.085 ms  2779/4581 (61%)  
[  6] 916.00-917.00 sec  1.21 MBytes  10.2 Mbits/sec  1.320 ms  2431/4018 (61%)  
[  6] 917.00-918.00 sec  1.33 MBytes  11.1 Mbits/sec  0.686 ms  2460/4200 (59%)  
[  6] 918.00-919.00 sec  1.50 MBytes  12.6 Mbits/sec  0.814 ms  2952/4920 (60%)  
[  6] 919.00-920.00 sec  1.56 MBytes  13.1 Mbits/sec  0.689 ms  3244/5293 (61%)  
[  6] 920.00-921.00 sec  1.51 MBytes  12.7 Mbits/sec  0.512 ms  3707/5690 (65%)  
[  6] 921.00-922.00 sec  1.40 MBytes  11.7 Mbits/sec  1.277 ms  3134/4969 (63%)  
[  6] 922.00-923.00 sec  1.42 MBytes  11.9 Mbits/sec  0.776 ms  2430/4296 (57%)  
[  6] 923.00-924.00 sec  1.43 MBytes  12.0 Mbits/sec  0.814 ms  2476/4348 (57%)  
[  6] 924.00-925.00 sec  1.48 MBytes  12.4 Mbits/sec  0.985 ms  2662/4601 (58%)  
[  6] 925.00-926.00 sec  1.55 MBytes  13.0 Mbits/sec  0.983 ms  3142/5178 (61%)  
[  6] 926.00-927.00 sec  1.43 MBytes  12.0 Mbits/sec  0.670 ms  2804/4681 (60%)  
[  6] 927.00-928.00 sec  1.43 MBytes  12.0 Mbits/sec  1.104 ms  2856/4724 (60%)  
[  6] 928.00-929.00 sec  1.42 MBytes  11.9 Mbits/sec  0.649 ms  2494/4349 (57%)  
[  6] 929.00-930.00 sec  1.40 MBytes  11.8 Mbits/sec  0.942 ms  2466/4306 (57%)  
[  6] 930.00-931.00 sec  1.38 MBytes  11.6 Mbits/sec  0.639 ms  2661/4466 (60%)  
[  6] 931.00-932.00 sec  1.39 MBytes  11.7 Mbits/sec  1.300 ms  2808/4628 (61%)  
[  6] 932.00-933.00 sec  1.47 MBytes  12.4 Mbits/sec  0.610 ms  2895/4826 (60%)  
[  6] 933.00-934.00 sec  1.46 MBytes  12.2 Mbits/sec  0.959 ms  2988/4898 (61%)  
[  6] 934.00-935.00 sec  1.40 MBytes  11.8 Mbits/sec  0.805 ms  2933/4773 (61%)  
[  6] 935.00-936.00 sec  1.50 MBytes  12.6 Mbits/sec  1.255 ms  3116/5080 (61%)  
[  6] 936.00-937.00 sec  1.39 MBytes  11.7 Mbits/sec  0.945 ms  2540/4364 (58%)  
[  6] 937.00-938.00 sec  1.42 MBytes  11.9 Mbits/sec  1.234 ms  2743/4608 (60%)  
[  6] 938.00-939.00 sec  1.42 MBytes  11.9 Mbits/sec  0.732 ms  2821/4685 (60%)  
[  6] 939.00-940.00 sec  1.63 MBytes  13.7 Mbits/sec  0.596 ms  2996/5132 (58%)  
[  6] 940.00-941.00 sec  1.63 MBytes  13.6 Mbits/sec  1.191 ms  3361/5493 (61%)  
[  6] 941.00-942.00 sec  1.45 MBytes  12.2 Mbits/sec  1.211 ms  2892/4791 (60%)  
[  6] 942.00-943.00 sec  1.47 MBytes  12.3 Mbits/sec  0.585 ms  2706/4632 (58%)  
[  6] 943.00-944.00 sec  1.53 MBytes  12.9 Mbits/sec  1.035 ms  2448/4456 (55%)  
[  6] 944.00-945.00 sec  1.42 MBytes  11.9 Mbits/sec  0.543 ms  2140/4004 (53%)  
[  6] 945.00-946.00 sec  1.42 MBytes  11.9 Mbits/sec  1.073 ms  2861/4725 (61%)  
[  6] 946.00-947.00 sec  1.41 MBytes  11.9 Mbits/sec  0.783 ms  2561/4415 (58%)  
[  6] 947.00-948.00 sec  1.41 MBytes  11.8 Mbits/sec  0.754 ms  2497/4341 (58%)  
[  6] 948.00-949.00 sec  1.43 MBytes  12.0 Mbits/sec  1.042 ms  2875/4746 (61%)  
[  6] 949.00-950.00 sec  1.46 MBytes  12.3 Mbits/sec  0.655 ms  2867/4786 (60%)  
[  6] 950.00-951.00 sec  1.62 MBytes  13.6 Mbits/sec  0.814 ms  3259/5387 (60%)  
[  6] 951.00-952.00 sec  1.46 MBytes  12.2 Mbits/sec  1.066 ms  2970/4883 (61%)  
[  6] 952.00-953.00 sec  1.65 MBytes  13.8 Mbits/sec  0.650 ms  3214/5373 (60%)  
[  6] 953.00-954.00 sec  1.53 MBytes  12.8 Mbits/sec  0.864 ms  2634/4636 (57%)  
[  6] 954.00-955.00 sec  1.44 MBytes  12.1 Mbits/sec  0.782 ms  2479/4366 (57%)  
[  6] 955.00-956.00 sec  1.39 MBytes  11.7 Mbits/sec  1.835 ms  2520/4348 (58%)  
[  6] 956.00-957.00 sec  1.42 MBytes  11.9 Mbits/sec  0.620 ms  2087/3944 (53%)  
[  6] 957.00-958.00 sec  1.43 MBytes  12.0 Mbits/sec  0.605 ms  2574/4445 (58%)  
