Connecting to host 10.45.0.1, port 5213
Reverse mode, remote host 10.45.0.1 is sending
[  6] local 10.45.0.6 port 60593 connected to 10.45.0.1 port 5213
[ ID] Interval           Transfer     Bitrate         Jitter    Lost/Total Datagrams
[  6]   0.00-1.00   sec   930 KBytes  7.62 Mbits/sec  0.766 ms  0/1191 (0%)  
[  6]   1.00-2.00   sec   522 KBytes  4.28 Mbits/sec  2.288 ms  0/668 (0%)  
[  6]   2.00-3.00   sec   577 KBytes  4.73 Mbits/sec  0.701 ms  0/739 (0%)  
[  6]   3.00-4.00   sec   923 KBytes  7.56 Mbits/sec  0.761 ms  0/1181 (0%)  
[  6]   4.00-5.00   sec   859 KBytes  7.04 Mbits/sec  0.729 ms  0/1100 (0%)  
[  6]   5.00-6.00   sec  1.13 MBytes  9.51 Mbits/sec  0.621 ms  0/1486 (0%)  
[  6]   6.00-7.00   sec  1.11 MBytes  9.34 Mbits/sec  0.806 ms  0/1460 (0%)  
[  6]   7.00-8.00   sec  1.40 MBytes  11.7 Mbits/sec  3.236 ms  2662/4496 (59%)  
[  6]   8.00-9.00   sec  1.38 MBytes  11.6 Mbits/sec  0.623 ms  5763/7575 (76%)  
[  6]   9.00-10.00  sec   892 KBytes  7.31 Mbits/sec  3.041 ms  3618/4760 (76%)  
[  6]  10.00-11.00  sec   759 KBytes  6.22 Mbits/sec  0.743 ms  2281/3252 (70%)  
[  6]  11.00-12.00  sec  1.00 MBytes  8.40 Mbits/sec  0.777 ms  2809/4122 (68%)  
[  6]  12.00-13.00  sec  1.56 MBytes  13.1 Mbits/sec  0.582 ms  3194/5241 (61%)  
[  6]  13.00-14.00  sec  1.69 MBytes  14.2 Mbits/sec  1.750 ms  4250/6467 (66%)  
[  6]  14.00-15.00  sec  1.21 MBytes  10.2 Mbits/sec  0.808 ms  5600/7191 (78%)  
[  6]  15.00-16.00  sec  1.10 MBytes  9.24 Mbits/sec  1.399 ms  3578/5021 (71%)  
[  6]  16.00-17.00  sec  1.49 MBytes  12.5 Mbits/sec  0.587 ms  2716/4671 (58%)  
[  6]  17.00-18.00  sec  1.54 MBytes  12.9 Mbits/sec  0.827 ms  2270/4287 (53%)  
[  6]  18.00-19.00  sec   981 KBytes  8.04 Mbits/sec  0.639 ms  1337/2593 (52%)  
[  6]  19.00-20.00  sec  1.09 MBytes  9.11 Mbits/sec  1.152 ms  3639/5062 (72%)  
[  6]  20.00-21.00  sec  1.35 MBytes  11.3 Mbits/sec  0.855 ms  3514/5286 (66%)  
[  6]  21.00-22.00  sec   748 KBytes  6.13 Mbits/sec  0.977 ms  1032/1989 (52%)  
[  6]  22.00-23.00  sec   811 KBytes  6.64 Mbits/sec  0.763 ms  1137/2175 (52%)  
[  6]  23.00-24.00  sec  1.14 MBytes  9.55 Mbits/sec  1.919 ms  3050/4542 (67%)  
[  6]  24.00-25.00  sec  1.28 MBytes  10.7 Mbits/sec  1.034 ms  3417/5090 (67%)  
[  6]  25.00-26.00  sec  1.24 MBytes  10.4 Mbits/sec  1.619 ms  3589/5210 (69%)  
[  6]  26.00-27.00  sec  1.40 MBytes  11.8 Mbits/sec  1.818 ms  6163/8004 (77%)  
[  6]  27.00-28.00  sec  1009 KBytes  8.27 Mbits/sec  0.830 ms  3308/4599 (72%)  
[  6]  28.00-29.00  sec  1.18 MBytes  9.91 Mbits/sec  2.678 ms  3075/4624 (67%)  
[  6]  29.00-30.00  sec   921 KBytes  7.55 Mbits/sec  1.462 ms  2584/3763 (69%)  
[  6]  30.00-31.00  sec   837 KBytes  6.86 Mbits/sec  1.271 ms  2022/3093 (65%)  
[  6]  31.00-32.00  sec   794 KBytes  6.50 Mbits/sec  0.935 ms  1712/2728 (63%)  
[  6]  32.00-33.00  sec   636 KBytes  5.21 Mbits/sec  0.861 ms  970/1786 (54%)  
[  6]  33.00-34.00  sec   744 KBytes  6.09 Mbits/sec  1.069 ms  1650/2602 (63%)  
[  6]  34.00-35.00  sec  1.03 MBytes  8.68 Mbits/sec  0.852 ms  3104/4460 (70%)  
[  6]  35.00-36.00  sec   700 KBytes  5.74 Mbits/sec  0.742 ms  2374/3270 (73%)  
[  6]  36.00-37.00  sec   716 KBytes  5.87 Mbits/sec  1.786 ms  1690/2607 (65%)  
[  6]  37.00-38.00  sec   749 KBytes  6.14 Mbits/sec  1.709 ms  4631/5590 (83%)  
[  6]  38.00-39.00  sec  1020 KBytes  8.36 Mbits/sec  1.126 ms  3893/5199 (75%)  
[  6]  39.00-40.00  sec  1.44 MBytes  12.1 Mbits/sec  1.301 ms  8134/10020 (81%)  
[  6]  40.00-41.00  sec  1.17 MBytes  9.78 Mbits/sec  0.793 ms  3686/5215 (71%)  
[  6]  41.00-42.00  sec  1.40 MBytes  11.8 Mbits/sec  1.046 ms  7835/9674 (81%)  
[  6]  42.00-43.00  sec  1003 KBytes  8.22 Mbits/sec  1.478 ms  5229/6513 (80%)  
[  6]  43.00-44.00  sec   472 KBytes  3.87 Mbits/sec  3.109 ms  1158/1762 (66%)  
[  6]  44.00-45.00  sec   605 KBytes  4.96 Mbits/sec  1.965 ms  877/1652 (53%)  
[  6]  45.00-46.00  sec   666 KBytes  5.45 Mbits/sec  1.144 ms  926/1778 (52%)  
[  6]  46.00-47.00  sec   704 KBytes  5.77 Mbits/sec  1.046 ms  1918/2819 (68%)  
[  6]  47.00-48.00  sec   798 KBytes  6.54 Mbits/sec  2.041 ms  2371/3393 (70%)  
[  6]  48.00-49.00  sec   624 KBytes  5.11 Mbits/sec  1.788 ms  1296/2095 (62%)  
[  6]  49.00-50.00  sec   562 KBytes  4.60 Mbits/sec  1.707 ms  1095/1814 (60%)  
[  6]  50.00-51.00  sec   605 KBytes  4.95 Mbits/sec  1.707 ms  1109/1883 (59%)  
[  6]  51.00-52.00  sec   876 KBytes  7.17 Mbits/sec  0.767 ms  4127/5248 (79%)  
[  6]  52.00-53.00  sec   710 KBytes  5.82 Mbits/sec  1.574 ms  4848/5757 (84%)  
[  6]  53.00-54.00  sec   709 KBytes  5.81 Mbits/sec  2.846 ms  4345/5252 (83%)  
[  6]  54.00-55.00  sec   721 KBytes  5.91 Mbits/sec  2.713 ms  4546/5469 (83%)  
[  6]  55.00-56.00  sec   572 KBytes  4.69 Mbits/sec  1.670 ms  2389/3121 (77%)  
[  6]  56.00-57.00  sec   910 KBytes  7.45 Mbits/sec  0.756 ms  4270/5435 (79%)  
[  6]  57.00-58.00  sec   659 KBytes  5.40 Mbits/sec  3.903 ms  5536/6380 (87%)  
[  6]  58.00-59.00  sec   623 KBytes  5.10 Mbits/sec  4.595 ms  4049/4846 (84%)  
[  6]  59.00-60.00  sec   722 KBytes  5.91 Mbits/sec  5.098 ms  3041/3965 (77%)  
[  6]  60.00-61.00  sec   805 KBytes  6.60 Mbits/sec  0.770 ms  3683/4714 (78%)  
[  6]  61.00-62.00  sec   848 KBytes  6.95 Mbits/sec  2.346 ms  5256/6342 (83%)  
[  6]  62.00-63.00  sec   911 KBytes  7.46 Mbits/sec  1.028 ms  4787/5953 (80%)  
[  6]  63.00-64.00  sec   787 KBytes  6.44 Mbits/sec  1.080 ms  4108/5115 (80%)  
[  6]  64.00-65.00  sec   631 KBytes  5.17 Mbits/sec  2.003 ms  2263/3071 (74%)  
[  6]  65.00-66.00  sec   750 KBytes  6.14 Mbits/sec  1.719 ms  4877/5837 (84%)  
[  6]  66.00-67.00  sec   812 KBytes  6.66 Mbits/sec  0.938 ms  4561/5601 (81%)  
[  6]  67.00-68.00  sec   938 KBytes  7.68 Mbits/sec  0.996 ms  4484/5684 (79%)  
[  6]  68.00-69.00  sec   890 KBytes  7.29 Mbits/sec  5.983 ms  3553/4692 (76%)  
[  6]  69.00-70.00  sec   948 KBytes  7.77 Mbits/sec  1.668 ms  3746/4960 (76%)  
[  6]  70.00-71.00  sec   419 KBytes  3.43 Mbits/sec  2.189 ms  1977/2513 (79%)  
[  6]  71.00-72.00  sec   597 KBytes  4.89 Mbits/sec  1.993 ms  3477/4241 (82%)  
[  6]  72.00-73.00  sec   655 KBytes  5.37 Mbits/sec  3.549 ms  3727/4566 (82%)  
[  6]  73.00-74.00  sec   557 KBytes  4.56 Mbits/sec  2.190 ms  2496/3209 (78%)  
[  6]  74.00-75.00  sec   895 KBytes  7.33 Mbits/sec  1.444 ms  4243/5389 (79%)  
[  6]  75.00-76.00  sec   934 KBytes  7.66 Mbits/sec  3.649 ms  3128/4324 (72%)  
[  6]  76.00-77.00  sec   925 KBytes  7.57 Mbits/sec  1.580 ms  3915/5099 (77%)  
[  6]  77.00-78.00  sec   752 KBytes  6.17 Mbits/sec  1.108 ms  2273/3236 (70%)  
[  6]  78.00-79.00  sec   771 KBytes  6.31 Mbits/sec  2.731 ms  6326/7313 (87%)  
[  6]  79.00-80.00  sec   858 KBytes  7.03 Mbits/sec  1.256 ms  5189/6287 (83%)  
[  6]  80.00-81.00  sec  1.18 MBytes  9.88 Mbits/sec  1.346 ms  6559/8102 (81%)  
[  6]  81.00-82.00  sec  1.46 MBytes  12.3 Mbits/sec  1.686 ms  6593/8511 (77%)  
[  6]  82.00-83.00  sec  1.21 MBytes  10.2 Mbits/sec  2.791 ms  4581/6173 (74%)  
[  6]  83.00-84.00  sec   852 KBytes  6.98 Mbits/sec  1.087 ms  4353/5443 (80%)  
[  6]  84.00-85.00  sec   623 KBytes  5.11 Mbits/sec  1.944 ms  3000/3798 (79%)  
[  6]  85.00-86.00  sec   748 KBytes  6.13 Mbits/sec  1.332 ms  2142/3099 (69%)  
[  6]  86.00-87.00  sec   608 KBytes  4.98 Mbits/sec  2.935 ms  1742/2520 (69%)  
[  6]  87.00-88.00  sec   737 KBytes  6.04 Mbits/sec  0.920 ms  1235/2178 (57%)  
[  6]  88.00-89.00  sec   895 KBytes  7.33 Mbits/sec  2.067 ms  1541/2686 (57%)  
[  6]  89.00-90.00  sec  1.29 MBytes  10.8 Mbits/sec  0.799 ms  3492/5181 (67%)  
[  6]  90.00-91.00  sec  1.37 MBytes  11.5 Mbits/sec  0.877 ms  7344/9146 (80%)  
[  6]  91.00-92.00  sec   905 KBytes  7.41 Mbits/sec  0.618 ms  4562/5720 (80%)  
[  6]  92.00-93.00  sec  1.21 MBytes  10.1 Mbits/sec  0.921 ms  6982/8568 (81%)  
[  6]  93.00-94.00  sec  1012 KBytes  8.29 Mbits/sec  2.057 ms  3954/5249 (75%)  
[  6]  94.00-95.00  sec  1.14 MBytes  9.55 Mbits/sec  1.565 ms  2553/4044 (63%)  
[  6]  95.00-96.00  sec  1.18 MBytes  9.87 Mbits/sec  1.156 ms  2379/3921 (61%)  
[  6]  96.00-97.00  sec  1.06 MBytes  8.92 Mbits/sec  0.879 ms  3880/5274 (74%)  
[  6]  97.00-98.00  sec  1.25 MBytes  10.5 Mbits/sec  0.774 ms  3208/4848 (66%)  
[  6]  98.00-99.00  sec  1.21 MBytes  10.2 Mbits/sec  2.386 ms  4225/5812 (73%)  
[  6]  99.00-100.00 sec  1.26 MBytes  10.5 Mbits/sec  1.147 ms  3271/4919 (66%)  
[  6] 100.00-101.00 sec  1.35 MBytes  11.4 Mbits/sec  0.992 ms  3915/5691 (69%)  
[  6] 101.00-102.00 sec  1.35 MBytes  11.4 Mbits/sec  0.724 ms  3739/5513 (68%)  
[  6] 102.00-103.00 sec  1.36 MBytes  11.4 Mbits/sec  1.649 ms  3435/5215 (66%)  
[  6] 103.00-104.00 sec  1.30 MBytes  10.9 Mbits/sec  0.687 ms  3186/4891 (65%)  
[  6] 104.00-105.00 sec  1.41 MBytes  11.8 Mbits/sec  0.593 ms  3607/5455 (66%)  
[  6] 105.00-106.00 sec  1.56 MBytes  13.1 Mbits/sec  0.683 ms  2722/4768 (57%)  
[  6] 106.00-107.00 sec  1.39 MBytes  11.7 Mbits/sec  0.931 ms  3010/4835 (62%)  
[  6] 107.00-108.00 sec  1.34 MBytes  11.3 Mbits/sec  1.369 ms  3098/4859 (64%)  
[  6] 108.00-109.00 sec  1.39 MBytes  11.6 Mbits/sec  0.633 ms  2731/4550 (60%)  
[  6] 109.00-110.00 sec  1.42 MBytes  11.9 Mbits/sec  0.697 ms  2375/4237 (56%)  
[  6] 110.00-111.00 sec  1.65 MBytes  13.8 Mbits/sec  1.074 ms  3396/5556 (61%)  
[  6] 111.00-112.00 sec  1.49 MBytes  12.5 Mbits/sec  1.481 ms  3306/5260 (63%)  
[  6] 112.00-113.00 sec  1.61 MBytes  13.5 Mbits/sec  0.980 ms  3219/5328 (60%)  
[  6] 113.00-114.00 sec  1.37 MBytes  11.5 Mbits/sec  0.806 ms  2467/4258 (58%)  
[  6] 114.00-115.00 sec  1.39 MBytes  11.7 Mbits/sec  0.623 ms  2183/4010 (54%)  
[  6] 115.00-116.00 sec  1.50 MBytes  12.6 Mbits/sec  0.782 ms  3117/5078 (61%)  
[  6] 116.00-117.00 sec  1.45 MBytes  12.1 Mbits/sec  0.668 ms  1952/3850 (51%)  
[  6] 117.00-118.00 sec  1.52 MBytes  12.7 Mbits/sec  0.771 ms  3302/5293 (62%)  
[  6] 118.00-119.00 sec  1.56 MBytes  13.1 Mbits/sec  0.652 ms  3262/5310 (61%)  
[  6] 119.00-120.00 sec  1.44 MBytes  12.0 Mbits/sec  0.580 ms  2454/4336 (57%)  
[  6] 120.00-121.00 sec  1.42 MBytes  11.9 Mbits/sec  0.957 ms  2725/4589 (59%)  
[  6] 121.00-122.00 sec  1.42 MBytes  11.9 Mbits/sec  0.836 ms  2517/4381 (57%)  
[  6] 122.00-123.00 sec  1.56 MBytes  13.1 Mbits/sec  0.690 ms  2613/4664 (56%)  
[  6] 123.00-124.00 sec  1.61 MBytes  13.5 Mbits/sec  0.932 ms  3181/5295 (60%)  
[  6] 124.00-125.00 sec  1.47 MBytes  12.4 Mbits/sec  0.966 ms  2978/4911 (61%)  
[  6] 125.00-126.00 sec  1.61 MBytes  13.5 Mbits/sec  0.637 ms  3037/5148 (59%)  
[  6] 126.00-127.00 sec  1.56 MBytes  13.1 Mbits/sec  0.750 ms  2662/4712 (56%)  
[  6] 127.00-128.00 sec  1.47 MBytes  12.3 Mbits/sec  1.106 ms  2275/4198 (54%)  
[  6] 128.00-129.00 sec  1.70 MBytes  14.3 Mbits/sec  0.732 ms  3188/5417 (59%)  
[  6] 129.00-130.00 sec  1.53 MBytes  12.9 Mbits/sec  0.552 ms  2274/4284 (53%)  
[  6] 130.00-131.00 sec  1.44 MBytes  12.0 Mbits/sec  0.649 ms  2605/4486 (58%)  
[  6] 131.00-132.00 sec  1.69 MBytes  14.2 Mbits/sec  0.701 ms  2872/5088 (56%)  
[  6] 132.00-133.00 sec  1.53 MBytes  12.8 Mbits/sec  0.787 ms  2207/4214 (52%)  
[  6] 133.00-134.00 sec  1.44 MBytes  12.1 Mbits/sec  1.251 ms  2791/4683 (60%)  
[  6] 134.00-135.00 sec  1.44 MBytes  12.1 Mbits/sec  1.266 ms  2602/4486 (58%)  
[  6] 135.00-136.00 sec  1.45 MBytes  12.2 Mbits/sec  0.617 ms  2120/4027 (53%)  
[  6] 136.00-137.00 sec  1.58 MBytes  13.2 Mbits/sec  0.794 ms  2845/4910 (58%)  
[  6] 137.00-138.00 sec  1.69 MBytes  14.2 Mbits/sec  0.722 ms  3284/5501 (60%)  
[  6] 138.00-139.00 sec  1.54 MBytes  12.9 Mbits/sec  0.880 ms  3057/5074 (60%)  
[  6] 139.00-140.00 sec  1.58 MBytes  13.2 Mbits/sec  0.523 ms  3186/5256 (61%)  
[  6] 140.00-141.00 sec  1.69 MBytes  14.2 Mbits/sec  0.685 ms  2756/4977 (55%)  
[  6] 141.00-142.00 sec  1.61 MBytes  13.5 Mbits/sec  1.130 ms  1896/4009 (47%)  
[  6] 142.00-143.00 sec  1.54 MBytes  13.0 Mbits/sec  0.634 ms  2908/4933 (59%)  
[  6] 143.00-144.00 sec  1.44 MBytes  12.1 Mbits/sec  0.871 ms  2125/4018 (53%)  
[  6] 144.00-145.00 sec  1.58 MBytes  13.2 Mbits/sec  0.709 ms  2441/4508 (54%)  
[  6] 145.00-146.00 sec  1.55 MBytes  13.0 Mbits/sec  0.619 ms  2302/4332 (53%)  
[  6] 146.00-147.00 sec  1.44 MBytes  12.1 Mbits/sec  0.967 ms  2708/4595 (59%)  
[  6] 147.00-148.00 sec  1.56 MBytes  13.1 Mbits/sec  0.620 ms  2986/5027 (59%)  
[  6] 148.00-149.00 sec  1.68 MBytes  14.1 Mbits/sec  0.532 ms  2548/4746 (54%)  
[  6] 149.00-150.00 sec  1.57 MBytes  13.1 Mbits/sec  1.013 ms  2993/5048 (59%)  
[  6] 150.00-151.00 sec  1.44 MBytes  12.1 Mbits/sec  1.379 ms  2820/4706 (60%)  
[  6] 151.00-152.00 sec  1.44 MBytes  12.1 Mbits/sec  0.631 ms  2563/4451 (58%)  
[  6] 152.00-153.00 sec  1.44 MBytes  12.1 Mbits/sec  0.721 ms  1739/3623 (48%)  
[  6] 153.00-154.00 sec  1.44 MBytes  12.0 Mbits/sec  1.208 ms  2519/4401 (57%)  
[  6] 154.00-155.00 sec  1.56 MBytes  13.1 Mbits/sec  0.624 ms  2983/5028 (59%)  
[  6] 155.00-156.00 sec  1.71 MBytes  14.3 Mbits/sec  0.840 ms  3338/5574 (60%)  
[  6] 156.00-157.00 sec  1.51 MBytes  12.6 Mbits/sec  0.958 ms  2945/4921 (60%)  
[  6] 157.00-158.00 sec  1.44 MBytes  12.1 Mbits/sec  1.095 ms  2826/4714 (60%)  
[  6] 158.00-159.00 sec  1.44 MBytes  12.1 Mbits/sec  0.670 ms  2163/4050 (53%)  
[  6] 159.00-160.00 sec  1.55 MBytes  13.0 Mbits/sec  0.926 ms  2258/4291 (53%)  
[  6] 160.00-161.00 sec  1.56 MBytes  13.1 Mbits/sec  0.592 ms  2901/4942 (59%)  
[  6] 161.00-162.00 sec  1.44 MBytes  12.1 Mbits/sec  0.665 ms  2810/4698 (60%)  
[  6] 162.00-163.00 sec  1.44 MBytes  12.1 Mbits/sec  0.832 ms  2813/4698 (60%)  
[  6] 163.00-164.00 sec  1.44 MBytes  12.0 Mbits/sec  0.649 ms  2285/4167 (55%)  
[  6] 164.00-165.00 sec  1.44 MBytes  12.1 Mbits/sec  0.563 ms  2667/4558 (59%)  
[  6] 165.00-166.00 sec  1.44 MBytes  12.1 Mbits/sec  0.890 ms  2705/4593 (59%)  
[  6] 166.00-167.00 sec  1.52 MBytes  12.8 Mbits/sec  1.308 ms  3003/5000 (60%)  
[  6] 167.00-168.00 sec  1.68 MBytes  14.1 Mbits/sec  0.620 ms  3226/5427 (59%)  
[  6] 168.00-169.00 sec  1.59 MBytes  13.3 Mbits/sec  0.968 ms  3107/5191 (60%)  
[  6] 169.00-170.00 sec  1.44 MBytes  12.1 Mbits/sec  0.649 ms  2754/4642 (59%)  
[  6] 170.00-171.00 sec  1.44 MBytes  12.1 Mbits/sec  0.701 ms  2342/4234 (55%)  
[  6] 171.00-172.00 sec  1.53 MBytes  12.8 Mbits/sec  1.495 ms  2330/4330 (54%)  
[  6] 172.00-173.00 sec  1.69 MBytes  14.1 Mbits/sec  0.660 ms  2867/5078 (56%)  
[  6] 173.00-174.00 sec  1.68 MBytes  14.1 Mbits/sec  0.770 ms  3285/5491 (60%)  
[  6] 174.00-175.00 sec  1.61 MBytes  13.5 Mbits/sec  0.802 ms  3103/5207 (60%)  
[  6] 175.00-176.00 sec  1.44 MBytes  12.1 Mbits/sec  0.580 ms  2151/4043 (53%)  
[  6] 176.00-177.00 sec  1.43 MBytes  12.0 Mbits/sec  0.938 ms  2181/4061 (54%)  
[  6] 177.00-178.00 sec  1.45 MBytes  12.2 Mbits/sec  0.622 ms  2086/3987 (52%)  
[  6] 178.00-179.00 sec  1.51 MBytes  12.6 Mbits/sec  0.715 ms  2525/4500 (56%)  
[  6] 179.00-180.00 sec  1.54 MBytes  13.0 Mbits/sec  0.691 ms  2986/5010 (60%)  
[  6] 180.00-181.00 sec  1.53 MBytes  12.8 Mbits/sec  0.892 ms  3009/5012 (60%)  
[  6] 181.00-182.00 sec  1.51 MBytes  12.6 Mbits/sec  1.433 ms  2916/4892 (60%)  
[  6] 182.00-183.00 sec  1.63 MBytes  13.7 Mbits/sec  0.788 ms  2786/4922 (57%)  
[  6] 183.00-184.00 sec  1.50 MBytes  12.6 Mbits/sec  0.663 ms  2581/4547 (57%)  
[  6] 184.00-185.00 sec  1.68 MBytes  14.1 Mbits/sec  0.642 ms  3096/5301 (58%)  
[  6] 185.00-186.00 sec  1.59 MBytes  13.3 Mbits/sec  0.620 ms  2478/4560 (54%)  
[  6] 186.00-187.00 sec  1.49 MBytes  12.5 Mbits/sec  0.840 ms  2702/4659 (58%)  
[  6] 187.00-188.00 sec  1.69 MBytes  14.1 Mbits/sec  0.543 ms  2653/4863 (55%)  
[  6] 188.00-189.00 sec  1.69 MBytes  14.2 Mbits/sec  0.578 ms  2650/4868 (54%)  
[  6] 189.00-190.00 sec  1.64 MBytes  13.7 Mbits/sec  0.641 ms  2951/5097 (58%)  
[  6] 190.00-191.00 sec  1.44 MBytes  12.1 Mbits/sec  1.700 ms  2298/4186 (55%)  
[  6] 191.00-192.00 sec  1.48 MBytes  12.5 Mbits/sec  0.645 ms  2171/4117 (53%)  
[  6] 192.00-193.00 sec  1.63 MBytes  13.7 Mbits/sec  0.599 ms  2330/4471 (52%)  
[  6] 193.00-194.00 sec  1.44 MBytes  12.1 Mbits/sec  1.430 ms  2487/4377 (57%)  
[  6] 194.00-195.00 sec  1.45 MBytes  12.1 Mbits/sec  0.636 ms  2757/4653 (59%)  
[  6] 195.00-196.00 sec  1.44 MBytes  12.1 Mbits/sec  0.586 ms  2533/4419 (57%)  
[  6] 196.00-197.00 sec  1.47 MBytes  12.3 Mbits/sec  0.811 ms  2375/4304 (55%)  
[  6] 197.00-198.00 sec  1.69 MBytes  14.2 Mbits/sec  0.815 ms  3282/5498 (60%)  
[  6] 198.00-199.00 sec  1.69 MBytes  14.2 Mbits/sec  0.809 ms  3267/5486 (60%)  
[  6] 199.00-200.00 sec  1.64 MBytes  13.7 Mbits/sec  0.698 ms  3162/5306 (60%)  
[  6] 200.00-201.00 sec  1.44 MBytes  12.0 Mbits/sec  0.649 ms  2273/4154 (55%)  
[  6] 201.00-202.00 sec  1.44 MBytes  12.1 Mbits/sec  1.297 ms  2169/4058 (53%)  
[  6] 202.00-203.00 sec  1.43 MBytes  12.0 Mbits/sec  0.632 ms  2087/3967 (53%)  
[  6] 203.00-204.00 sec  1.46 MBytes  12.3 Mbits/sec  1.067 ms  2364/4283 (55%)  
[  6] 204.00-205.00 sec  1.68 MBytes  14.1 Mbits/sec  0.648 ms  3237/5435 (60%)  
[  6] 205.00-206.00 sec  1.46 MBytes  12.2 Mbits/sec  1.004 ms  2876/4790 (60%)  
[  6] 206.00-207.00 sec  1.69 MBytes  14.2 Mbits/sec  0.883 ms  3299/5514 (60%)  
[  6] 207.00-208.00 sec  1.68 MBytes  14.1 Mbits/sec  0.551 ms  2736/4934 (55%)  
[  6] 208.00-209.00 sec  1.67 MBytes  14.0 Mbits/sec  0.642 ms  2900/5094 (57%)  
[  6] 209.00-210.00 sec  1.39 MBytes  11.7 Mbits/sec  0.983 ms  2238/4065 (55%)  
[  6] 210.00-211.00 sec  1.43 MBytes  12.0 Mbits/sec  0.568 ms  2187/4062 (54%)  
[  6] 211.00-212.00 sec  1.68 MBytes  14.1 Mbits/sec  0.514 ms  2396/4592 (52%)  
[  6] 212.00-213.00 sec  1.69 MBytes  14.2 Mbits/sec  0.735 ms  2822/5039 (56%)  
[  6] 213.00-214.00 sec  1.52 MBytes  12.8 Mbits/sec  0.746 ms  3137/5133 (61%)  
[  6] 214.00-215.00 sec  1.44 MBytes  12.1 Mbits/sec  0.542 ms  2660/4550 (58%)  
[  6] 215.00-216.00 sec  1.68 MBytes  14.1 Mbits/sec  0.659 ms  2345/4549 (52%)  
[  6] 216.00-217.00 sec  1.69 MBytes  14.2 Mbits/sec  0.926 ms  2531/4749 (53%)  
[  6] 217.00-218.00 sec  1.68 MBytes  14.1 Mbits/sec  1.238 ms  3276/5481 (60%)  
[  6] 218.00-219.00 sec  1.69 MBytes  14.2 Mbits/sec  0.588 ms  2727/4943 (55%)  
[  6] 219.00-220.00 sec  1.69 MBytes  14.2 Mbits/sec  0.654 ms  2501/4717 (53%)  
[  6] 220.00-221.00 sec  1.69 MBytes  14.2 Mbits/sec  0.532 ms  2482/4694 (53%)  
[  6] 221.00-222.00 sec  1.45 MBytes  12.2 Mbits/sec  0.721 ms  2135/4038 (53%)  
[  6] 222.00-223.00 sec  1.65 MBytes  13.9 Mbits/sec  0.573 ms  2382/4551 (52%)  
[  6] 223.00-224.00 sec  1.67 MBytes  14.0 Mbits/sec  0.713 ms  2531/4726 (54%)  
[  6] 224.00-225.00 sec  1.70 MBytes  14.3 Mbits/sec  0.797 ms  2806/5035 (56%)  
[  6] 225.00-226.00 sec  1.46 MBytes  12.2 Mbits/sec  0.628 ms  2432/4342 (56%)  
[  6] 226.00-227.00 sec  1.67 MBytes  14.0 Mbits/sec  0.702 ms  2598/4793 (54%)  
[  6] 227.00-228.00 sec  1.69 MBytes  14.1 Mbits/sec  0.564 ms  2425/4634 (52%)  
[  6] 228.00-229.00 sec  1.68 MBytes  14.1 Mbits/sec  0.613 ms  2789/4990 (56%)  
[  6] 229.00-230.00 sec  1.47 MBytes  12.3 Mbits/sec  0.664 ms  2493/4418 (56%)  
[  6] 230.00-231.00 sec  1.44 MBytes  12.1 Mbits/sec  0.755 ms  2128/4016 (53%)  
[  6] 231.00-232.00 sec  1.44 MBytes  12.1 Mbits/sec  0.747 ms  2131/4021 (53%)  
[  6] 232.00-233.00 sec  1.43 MBytes  12.0 Mbits/sec  0.886 ms  2126/4006 (53%)  
[  6] 233.00-234.00 sec  1.58 MBytes  13.3 Mbits/sec  0.918 ms  3038/5115 (59%)  
[  6] 234.00-235.00 sec  1.44 MBytes  12.1 Mbits/sec  1.109 ms  2815/4699 (60%)  
[  6] 235.00-236.00 sec  1.65 MBytes  13.9 Mbits/sec  0.645 ms  3166/5334 (59%)  
[  6] 236.00-237.00 sec  1.48 MBytes  12.4 Mbits/sec  0.639 ms  3025/4968 (61%)  
[  6] 237.00-238.00 sec  1.44 MBytes  12.1 Mbits/sec  1.196 ms  2248/4137 (54%)  
[  6] 238.00-239.00 sec  1.65 MBytes  13.8 Mbits/sec  0.556 ms  3185/5343 (60%)  
[  6] 239.00-240.00 sec  1.67 MBytes  14.0 Mbits/sec  0.727 ms  2403/4591 (52%)  
[  6] 240.00-241.00 sec  1.49 MBytes  12.5 Mbits/sec  0.646 ms  2874/4824 (60%)  
[  6] 241.00-242.00 sec  1.44 MBytes  12.1 Mbits/sec  0.639 ms  2831/4715 (60%)  
[  6] 242.00-243.00 sec  1.64 MBytes  13.8 Mbits/sec  0.550 ms  2216/4365 (51%)  
[  6] 243.00-244.00 sec  1.68 MBytes  14.1 Mbits/sec  0.688 ms  2653/4859 (55%)  
[  6] 244.00-245.00 sec  1.62 MBytes  13.6 Mbits/sec  0.840 ms  3172/5299 (60%)  
[  6] 245.00-246.00 sec  1.63 MBytes  13.7 Mbits/sec  0.690 ms  2872/5009 (57%)  
[  6] 246.00-247.00 sec  1.68 MBytes  14.1 Mbits/sec  0.559 ms  2455/4658 (53%)  
[  6] 247.00-248.00 sec  1.70 MBytes  14.3 Mbits/sec  1.053 ms  2538/4772 (53%)  
[  6] 248.00-249.00 sec  1.50 MBytes  12.6 Mbits/sec  0.683 ms  2491/4459 (56%)  
[  6] 249.00-250.00 sec  1.62 MBytes  13.6 Mbits/sec  0.687 ms  2448/4576 (53%)  
[  6] 250.00-251.00 sec  1.51 MBytes  12.6 Mbits/sec  0.754 ms  2166/4139 (52%)  
[  6] 251.00-252.00 sec  1.62 MBytes  13.5 Mbits/sec  0.648 ms  2397/4514 (53%)  
[  6] 252.00-253.00 sec  1.67 MBytes  14.0 Mbits/sec  0.682 ms  3101/5295 (59%)  
[  6] 253.00-254.00 sec  1.51 MBytes  12.7 Mbits/sec  0.908 ms  2322/4303 (54%)  
[  6] 254.00-255.00 sec  1.44 MBytes  12.1 Mbits/sec  1.270 ms  2724/4609 (59%)  
[  6] 255.00-256.00 sec  1.61 MBytes  13.5 Mbits/sec  0.636 ms  2397/4513 (53%)  
[  6] 256.00-257.00 sec  1.60 MBytes  13.4 Mbits/sec  0.551 ms  2615/4717 (55%)  
[  6] 257.00-258.00 sec  1.55 MBytes  13.0 Mbits/sec  0.685 ms  2754/4780 (58%)  
[  6] 258.00-259.00 sec  1.44 MBytes  12.1 Mbits/sec  0.670 ms  2794/4685 (60%)  
[  6] 259.00-260.00 sec  1.44 MBytes  12.1 Mbits/sec  0.571 ms  2063/3954 (52%)  
[  6] 260.00-261.00 sec  1.44 MBytes  12.1 Mbits/sec  0.682 ms  2431/4317 (56%)  
[  6] 261.00-262.00 sec  1.61 MBytes  13.5 Mbits/sec  0.583 ms  2783/4892 (57%)  
[  6] 262.00-263.00 sec  1.53 MBytes  12.8 Mbits/sec  0.821 ms  2979/4984 (60%)  
[  6] 263.00-264.00 sec  1.59 MBytes  13.3 Mbits/sec  1.012 ms  3111/5192 (60%)  
[  6] 264.00-265.00 sec  1.63 MBytes  13.7 Mbits/sec  0.805 ms  3069/5207 (59%)  
[  6] 265.00-266.00 sec  1.56 MBytes  13.1 Mbits/sec  0.829 ms  2271/4314 (53%)  
[  6] 266.00-267.00 sec  1.68 MBytes  14.1 Mbits/sec  0.578 ms  3138/5344 (59%)  
[  6] 267.00-268.00 sec  1.54 MBytes  13.0 Mbits/sec  0.559 ms  2711/4736 (57%)  
[  6] 268.00-269.00 sec  1.44 MBytes  12.0 Mbits/sec  0.723 ms  2134/4017 (53%)  
[  6] 269.00-270.00 sec  1.44 MBytes  12.1 Mbits/sec  0.795 ms  2235/4123 (54%)  
[  6] 270.00-271.00 sec  1.44 MBytes  12.1 Mbits/sec  0.668 ms  2077/3961 (52%)  
[  6] 271.00-272.00 sec  1.44 MBytes  12.1 Mbits/sec  0.703 ms  2543/4436 (57%)  
[  6] 272.00-273.00 sec  1.56 MBytes  13.1 Mbits/sec  0.709 ms  3059/5109 (60%)  
[  6] 273.00-274.00 sec  1.55 MBytes  13.0 Mbits/sec  0.694 ms  2993/5022 (60%)  
[  6] 274.00-275.00 sec  1.57 MBytes  13.1 Mbits/sec  0.627 ms  3044/5096 (60%)  
[  6] 275.00-276.00 sec  1.55 MBytes  13.0 Mbits/sec  1.305 ms  3043/5072 (60%)  
[  6] 276.00-277.00 sec  1.44 MBytes  12.0 Mbits/sec  0.654 ms  2625/4506 (58%)  
[  6] 277.00-278.00 sec  1.44 MBytes  12.1 Mbits/sec  0.668 ms  2178/4067 (54%)  
[  6] 278.00-279.00 sec  1.44 MBytes  12.1 Mbits/sec  0.664 ms  2325/4216 (55%)  
[  6] 279.00-280.00 sec  1.55 MBytes  13.0 Mbits/sec  0.715 ms  2766/4802 (58%)  
[  6] 280.00-281.00 sec  1.68 MBytes  14.1 Mbits/sec  0.950 ms  3288/5494 (60%)  
[  6] 281.00-282.00 sec  1.52 MBytes  12.7 Mbits/sec  0.759 ms  2934/4923 (60%)  
[  6] 282.00-283.00 sec  1.54 MBytes  12.9 Mbits/sec  0.850 ms  2987/5000 (60%)  
[  6] 283.00-284.00 sec  1.53 MBytes  12.8 Mbits/sec  1.043 ms  2365/4370 (54%)  
[  6] 284.00-285.00 sec  1.44 MBytes  12.1 Mbits/sec  0.827 ms  2081/3969 (52%)  
[  6] 285.00-286.00 sec  1.44 MBytes  12.1 Mbits/sec  0.972 ms  2726/4613 (59%)  
[  6] 286.00-287.00 sec  1.44 MBytes  12.1 Mbits/sec  0.724 ms  2422/4310 (56%)  
[  6] 287.00-288.00 sec  1.44 MBytes  12.1 Mbits/sec  1.170 ms  2580/4466 (58%)  
[  6] 288.00-289.00 sec  1.55 MBytes  13.0 Mbits/sec  0.773 ms  2989/5017 (60%)  
[  6] 289.00-290.00 sec  1.70 MBytes  14.3 Mbits/sec  0.631 ms  3283/5511 (60%)  
[  6] 290.00-291.00 sec  1.66 MBytes  14.0 Mbits/sec  1.385 ms  3282/5463 (60%)  
[  6] 291.00-292.00 sec  1.58 MBytes  13.3 Mbits/sec  0.603 ms  3052/5124 (60%)  
[  6] 292.00-293.00 sec  1.44 MBytes  12.1 Mbits/sec  1.024 ms  2110/4001 (53%)  
[  6] 293.00-294.00 sec  1.44 MBytes  12.1 Mbits/sec  0.701 ms  2065/3952 (52%)  
[  6] 294.00-295.00 sec  1.44 MBytes  12.0 Mbits/sec  0.691 ms  2171/4052 (54%)  
[  6] 295.00-296.00 sec  1.44 MBytes  12.1 Mbits/sec  1.071 ms  2489/4378 (57%)  
[  6] 296.00-297.00 sec  1.53 MBytes  12.8 Mbits/sec  0.656 ms  2928/4933 (59%)  
[  6] 297.00-298.00 sec  1.60 MBytes  13.4 Mbits/sec  0.650 ms  3118/5214 (60%)  
[  6] 298.00-299.00 sec  1.52 MBytes  12.8 Mbits/sec  0.799 ms  2992/4990 (60%)  
[  6] 299.00-300.00 sec  1.68 MBytes  14.1 Mbits/sec  1.242 ms  3279/5484 (60%)  
[  6] 300.00-301.00 sec  1.60 MBytes  13.4 Mbits/sec  0.565 ms  2683/4776 (56%)  
[  6] 301.00-302.00 sec  1.53 MBytes  12.8 Mbits/sec  0.770 ms  2568/4568 (56%)  
[  6] 302.00-303.00 sec  1.59 MBytes  13.3 Mbits/sec  0.746 ms  2485/4568 (54%)  
[  6] 303.00-304.00 sec  1.43 MBytes  12.0 Mbits/sec  0.900 ms  2095/3963 (53%)  
[  6] 304.00-305.00 sec  1.52 MBytes  12.8 Mbits/sec  0.588 ms  2654/4648 (57%)  
[  6] 305.00-306.00 sec  1.58 MBytes  13.2 Mbits/sec  0.576 ms  2568/4634 (55%)  
[  6] 306.00-307.00 sec  1.63 MBytes  13.6 Mbits/sec  0.704 ms  2911/5041 (58%)  
[  6] 307.00-308.00 sec  1.43 MBytes  12.0 Mbits/sec  1.028 ms  2829/4708 (60%)  
[  6] 308.00-309.00 sec  1.50 MBytes  12.6 Mbits/sec  0.876 ms  2449/4419 (55%)  
[  6] 309.00-310.00 sec  1.61 MBytes  13.5 Mbits/sec  0.690 ms  2669/4785 (56%)  
[  6] 310.00-311.00 sec  1.44 MBytes  12.1 Mbits/sec  0.974 ms  2442/4329 (56%)  
[  6] 311.00-312.00 sec  1.44 MBytes  12.1 Mbits/sec  1.058 ms  2825/4712 (60%)  
[  6] 312.00-313.00 sec  1.50 MBytes  12.6 Mbits/sec  0.962 ms  2551/4519 (56%)  
[  6] 313.00-314.00 sec  1.61 MBytes  13.5 Mbits/sec  0.801 ms  2707/4823 (56%)  
[  6] 314.00-315.00 sec  1.44 MBytes  12.1 Mbits/sec  0.942 ms  2815/4701 (60%)  
[  6] 315.00-316.00 sec  1.49 MBytes  12.5 Mbits/sec  0.621 ms  2872/4831 (59%)  
[  6] 316.00-317.00 sec  1.70 MBytes  14.3 Mbits/sec  0.554 ms  2877/5106 (56%)  
[  6] 317.00-318.00 sec  1.65 MBytes  13.8 Mbits/sec  1.407 ms  2904/5061 (57%)  
[  6] 318.00-319.00 sec  1.44 MBytes  12.1 Mbits/sec  1.326 ms  2827/4716 (60%)  
[  6] 319.00-320.00 sec  1.44 MBytes  12.1 Mbits/sec  0.616 ms  2275/4163 (55%)  
[  6] 320.00-321.00 sec  1.49 MBytes  12.5 Mbits/sec  0.618 ms  2165/4112 (53%)  
[  6] 321.00-322.00 sec  1.66 MBytes  13.9 Mbits/sec  0.615 ms  2727/4904 (56%)  
[  6] 322.00-323.00 sec  1.65 MBytes  13.8 Mbits/sec  0.823 ms  3224/5381 (60%)  
[  6] 323.00-324.00 sec  1.36 MBytes  11.4 Mbits/sec  0.797 ms  2636/4418 (60%)  
[  6] 324.00-325.00 sec  1.44 MBytes  12.1 Mbits/sec  0.558 ms  2735/4623 (59%)  
[  6] 325.00-326.00 sec  1.44 MBytes  12.1 Mbits/sec  0.598 ms  1948/3836 (51%)  
[  6] 326.00-327.00 sec  1.47 MBytes  12.3 Mbits/sec  1.045 ms  2273/4202 (54%)  
[  6] 327.00-328.00 sec  1.68 MBytes  14.1 Mbits/sec  0.613 ms  3495/5701 (61%)  
[  6] 328.00-329.00 sec  1.65 MBytes  13.9 Mbits/sec  0.866 ms  3224/5389 (60%)  
[  6] 329.00-330.00 sec  1.44 MBytes  12.1 Mbits/sec  1.193 ms  2816/4701 (60%)  
[  6] 330.00-331.00 sec  1.44 MBytes  12.1 Mbits/sec  0.599 ms  2373/4261 (56%)  
[  6] 331.00-332.00 sec  1.47 MBytes  12.3 Mbits/sec  0.526 ms  2150/4071 (53%)  
[  6] 332.00-333.00 sec  1.69 MBytes  14.2 Mbits/sec  0.924 ms  2825/5044 (56%)  
[  6] 333.00-334.00 sec  1.53 MBytes  12.8 Mbits/sec  1.388 ms  2997/5002 (60%)  
[  6] 334.00-335.00 sec  1.39 MBytes  11.7 Mbits/sec  1.235 ms  2691/4513 (60%)  
[  6] 335.00-336.00 sec  1.43 MBytes  12.0 Mbits/sec  0.717 ms  2478/4348 (57%)  
[  6] 336.00-337.00 sec  1.44 MBytes  12.1 Mbits/sec  0.765 ms  2134/4019 (53%)  
[  6] 337.00-338.00 sec  1.44 MBytes  12.1 Mbits/sec  1.062 ms  2560/4444 (58%)  
[  6] 338.00-339.00 sec  1.45 MBytes  12.2 Mbits/sec  0.731 ms  2969/4868 (61%)  
[  6] 339.00-340.00 sec  1.68 MBytes  14.1 Mbits/sec  0.998 ms  3317/5516 (60%)  
[  6] 340.00-341.00 sec  1.58 MBytes  13.2 Mbits/sec  0.817 ms  3062/5128 (60%)  
[  6] 341.00-342.00 sec  1.68 MBytes  14.1 Mbits/sec  1.158 ms  3282/5488 (60%)  
[  6] 342.00-343.00 sec  1.44 MBytes  12.1 Mbits/sec  1.149 ms  2436/4321 (56%)  
[  6] 343.00-344.00 sec  1.44 MBytes  12.1 Mbits/sec  0.670 ms  2141/4026 (53%)  
[  6] 344.00-345.00 sec  1.44 MBytes  12.1 Mbits/sec  0.641 ms  2378/4269 (56%)  
[  6] 345.00-346.00 sec  1.70 MBytes  14.2 Mbits/sec  0.606 ms  2665/4888 (55%)  
[  6] 346.00-347.00 sec  1.46 MBytes  12.2 Mbits/sec  0.978 ms  2884/4794 (60%)  
[  6] 347.00-348.00 sec  1.43 MBytes  12.0 Mbits/sec  0.716 ms  2754/4634 (59%)  
[  6] 348.00-349.00 sec  1.44 MBytes  12.1 Mbits/sec  0.687 ms  2620/4509 (58%)  
[  6] 349.00-350.00 sec  1.44 MBytes  12.1 Mbits/sec  0.635 ms  2462/4353 (57%)  
[  6] 350.00-351.00 sec  1.45 MBytes  12.1 Mbits/sec  0.814 ms  2481/4377 (57%)  
[  6] 351.00-352.00 sec  1.66 MBytes  13.9 Mbits/sec  0.790 ms  3224/5400 (60%)  
[  6] 352.00-353.00 sec  1.45 MBytes  12.2 Mbits/sec  0.877 ms  2814/4715 (60%)  
[  6] 353.00-354.00 sec  1.44 MBytes  12.1 Mbits/sec  1.039 ms  2808/4696 (60%)  
[  6] 354.00-355.00 sec  1.44 MBytes  12.1 Mbits/sec  0.696 ms  2657/4543 (58%)  
[  6] 355.00-356.00 sec  1.67 MBytes  14.0 Mbits/sec  0.789 ms  2612/4802 (54%)  
[  6] 356.00-357.00 sec  1.47 MBytes  12.3 Mbits/sec  0.704 ms  2825/4746 (60%)  
[  6] 357.00-358.00 sec  1.44 MBytes  12.1 Mbits/sec  0.926 ms  2827/4711 (60%)  
[  6] 358.00-359.00 sec  1.66 MBytes  14.0 Mbits/sec  0.782 ms  3017/5199 (58%)  
[  6] 359.00-360.00 sec  1.47 MBytes  12.3 Mbits/sec  0.666 ms  2219/4144 (54%)  
[  6] 360.00-361.00 sec  1.44 MBytes  12.1 Mbits/sec  0.738 ms  2813/4701 (60%)  
[  6] 361.00-362.00 sec  1.44 MBytes  12.0 Mbits/sec  0.630 ms  3064/4946 (62%)  
[  6] 362.00-363.00 sec  1.65 MBytes  13.8 Mbits/sec  0.669 ms  2114/4277 (49%)  
[  6] 363.00-364.00 sec  1.47 MBytes  12.4 Mbits/sec  0.794 ms  2875/4805 (60%)  
[  6] 364.00-365.00 sec  1.63 MBytes  13.7 Mbits/sec  0.737 ms  3177/5314 (60%)  
[  6] 365.00-366.00 sec  1.66 MBytes  14.0 Mbits/sec  0.630 ms  3014/5196 (58%)  
[  6] 366.00-367.00 sec  1.48 MBytes  12.4 Mbits/sec  0.715 ms  2316/4257 (54%)  
[  6] 367.00-368.00 sec  1.65 MBytes  13.8 Mbits/sec  0.518 ms  2964/5122 (58%)  
[  6] 368.00-369.00 sec  1.69 MBytes  14.2 Mbits/sec  1.206 ms  2575/4786 (54%)  
[  6] 369.00-370.00 sec  1.63 MBytes  13.6 Mbits/sec  0.696 ms  2609/4741 (55%)  
[  6] 370.00-371.00 sec  1.44 MBytes  12.1 Mbits/sec  0.974 ms  2607/4495 (58%)  
[  6] 371.00-372.00 sec  1.44 MBytes  12.0 Mbits/sec  0.688 ms  2068/3949 (52%)  
[  6] 372.00-373.00 sec  1.44 MBytes  12.1 Mbits/sec  0.819 ms  2123/4014 (53%)  
[  6] 373.00-374.00 sec  1.44 MBytes  12.1 Mbits/sec  0.888 ms  2326/4212 (55%)  
[  6] 374.00-375.00 sec  1.44 MBytes  12.1 Mbits/sec  1.016 ms  2814/4705 (60%)  
[  6] 375.00-376.00 sec  1.44 MBytes  12.0 Mbits/sec  0.631 ms  2764/4646 (59%)  
[  6] 376.00-377.00 sec  1.44 MBytes  12.1 Mbits/sec  0.743 ms  2817/4707 (60%)  
[  6] 377.00-378.00 sec  1.63 MBytes  13.7 Mbits/sec  0.713 ms  3164/5296 (60%)  
[  6] 378.00-379.00 sec  1.65 MBytes  13.8 Mbits/sec  1.110 ms  3242/5399 (60%)  
[  6] 379.00-380.00 sec  1.61 MBytes  13.5 Mbits/sec  0.728 ms  3101/5214 (59%)  
[  6] 380.00-381.00 sec  1.50 MBytes  12.6 Mbits/sec  0.572 ms  2705/4672 (58%)  
[  6] 381.00-382.00 sec  1.42 MBytes  12.0 Mbits/sec  0.667 ms  2236/4103 (54%)  
[  6] 382.00-383.00 sec  1.44 MBytes  12.1 Mbits/sec  0.740 ms  2227/4110 (54%)  
[  6] 383.00-384.00 sec  1.44 MBytes  12.1 Mbits/sec  0.609 ms  2183/4070 (54%)  
[  6] 384.00-385.00 sec  1.44 MBytes  12.1 Mbits/sec  0.839 ms  2697/4581 (59%)  
[  6] 385.00-386.00 sec  1.43 MBytes  12.0 Mbits/sec  0.685 ms  2811/4689 (60%)  
[  6] 386.00-387.00 sec  1.44 MBytes  12.1 Mbits/sec  0.667 ms  2834/4727 (60%)  
[  6] 387.00-388.00 sec  1.62 MBytes  13.6 Mbits/sec  0.918 ms  3167/5285 (60%)  
[  6] 388.00-389.00 sec  1.56 MBytes  13.1 Mbits/sec  1.077 ms  3064/5112 (60%)  
[  6] 389.00-390.00 sec  1.43 MBytes  12.0 Mbits/sec  0.802 ms  2754/4622 (60%)  
[  6] 390.00-391.00 sec  1.44 MBytes  12.1 Mbits/sec  0.985 ms  2805/4688 (60%)  
[  6] 391.00-392.00 sec  1.44 MBytes  12.1 Mbits/sec  1.260 ms  2151/4037 (53%)  
[  6] 392.00-393.00 sec  1.60 MBytes  13.4 Mbits/sec  0.581 ms  2749/4844 (57%)  
[  6] 393.00-394.00 sec  1.63 MBytes  13.7 Mbits/sec  0.612 ms  3209/5342 (60%)  
[  6] 394.00-395.00 sec  1.69 MBytes  14.1 Mbits/sec  0.684 ms  3295/5506 (60%)  
[  6] 395.00-396.00 sec  1.61 MBytes  13.5 Mbits/sec  0.744 ms  2989/5095 (59%)  
[  6] 396.00-397.00 sec  1.43 MBytes  12.0 Mbits/sec  0.654 ms  2766/4644 (60%)  
[  6] 397.00-398.00 sec  1.45 MBytes  12.1 Mbits/sec  0.608 ms  1621/3515 (46%)  
[  6] 398.00-399.00 sec  1.44 MBytes  12.1 Mbits/sec  1.055 ms  2129/4017 (53%)  
[  6] 399.00-400.00 sec  1.44 MBytes  12.1 Mbits/sec  0.652 ms  2351/4244 (55%)  
[  6] 400.00-401.00 sec  1.57 MBytes  13.2 Mbits/sec  0.598 ms  3061/5120 (60%)  
[  6] 401.00-402.00 sec  1.68 MBytes  14.1 Mbits/sec  0.748 ms  3278/5477 (60%)  
[  6] 402.00-403.00 sec  1.52 MBytes  12.8 Mbits/sec  1.401 ms  2984/4981 (60%)  
[  6] 403.00-404.00 sec  1.44 MBytes  12.1 Mbits/sec  0.681 ms  2757/4646 (59%)  
[  6] 404.00-405.00 sec  1.57 MBytes  13.2 Mbits/sec  0.516 ms  2663/4719 (56%)  
[  6] 405.00-406.00 sec  1.55 MBytes  13.0 Mbits/sec  0.679 ms  2003/4040 (50%)  
[  6] 406.00-407.00 sec  1.57 MBytes  13.1 Mbits/sec  0.595 ms  2973/5026 (59%)  
[  6] 407.00-408.00 sec  1.56 MBytes  13.0 Mbits/sec  0.800 ms  3052/5091 (60%)  
[  6] 408.00-409.00 sec  1.43 MBytes  12.0 Mbits/sec  0.805 ms  2158/4036 (53%)  
[  6] 409.00-410.00 sec  1.54 MBytes  12.9 Mbits/sec  0.689 ms  2808/4821 (58%)  
[  6] 410.00-411.00 sec  1.54 MBytes  12.9 Mbits/sec  0.609 ms  2351/4372 (54%)  
[  6] 411.00-412.00 sec  1.56 MBytes  13.1 Mbits/sec  0.856 ms  2912/4957 (59%)  
[  6] 412.00-413.00 sec  1.56 MBytes  13.1 Mbits/sec  1.025 ms  3062/5111 (60%)  
[  6] 413.00-414.00 sec  1.51 MBytes  12.7 Mbits/sec  0.534 ms  2379/4359 (55%)  
[  6] 414.00-415.00 sec  1.56 MBytes  13.1 Mbits/sec  0.897 ms  2939/4988 (59%)  
[  6] 415.00-416.00 sec  1.53 MBytes  12.8 Mbits/sec  0.561 ms  2331/4337 (54%)  
[  6] 416.00-417.00 sec  1.43 MBytes  12.0 Mbits/sec  0.771 ms  2656/4536 (59%)  
[  6] 417.00-418.00 sec  1.55 MBytes  13.0 Mbits/sec  0.815 ms  2595/4627 (56%)  
[  6] 418.00-419.00 sec  1.56 MBytes  13.1 Mbits/sec  0.903 ms  2851/4902 (58%)  
[  6] 419.00-420.00 sec  1.54 MBytes  12.9 Mbits/sec  0.533 ms  2850/4871 (59%)  
[  6] 420.00-421.00 sec  1.59 MBytes  13.3 Mbits/sec  0.673 ms  2897/4982 (58%)  
[  6] 421.00-422.00 sec  1.54 MBytes  12.9 Mbits/sec  0.520 ms  2436/4458 (55%)  
[  6] 422.00-423.00 sec  1.59 MBytes  13.3 Mbits/sec  0.641 ms  2894/4978 (58%)  
[  6] 423.00-424.00 sec  1.52 MBytes  12.7 Mbits/sec  0.554 ms  2335/4323 (54%)  
[  6] 424.00-425.00 sec  1.57 MBytes  13.2 Mbits/sec  0.609 ms  2848/4904 (58%)  
[  6] 425.00-426.00 sec  1.44 MBytes  12.1 Mbits/sec  0.666 ms  2239/4123 (54%)  
[  6] 426.00-427.00 sec  1.44 MBytes  12.1 Mbits/sec  0.647 ms  2548/4435 (57%)  
[  6] 427.00-428.00 sec  1.44 MBytes  12.1 Mbits/sec  0.624 ms  2446/4337 (56%)  
[  6] 428.00-429.00 sec  1.44 MBytes  12.1 Mbits/sec  1.015 ms  2520/4406 (57%)  
[  6] 429.00-430.00 sec  1.44 MBytes  12.1 Mbits/sec  1.286 ms  2818/4707 (60%)  
[  6] 430.00-431.00 sec  1.44 MBytes  12.1 Mbits/sec  0.745 ms  2766/4650 (59%)  
[  6] 431.00-432.00 sec  1.44 MBytes  12.1 Mbits/sec  1.164 ms  2817/4701 (60%)  
[  6] 432.00-433.00 sec  1.52 MBytes  12.7 Mbits/sec  0.807 ms  2944/4932 (60%)  
[  6] 433.00-434.00 sec  1.67 MBytes  14.0 Mbits/sec  0.687 ms  3228/5416 (60%)  
[  6] 434.00-435.00 sec  1.67 MBytes  14.0 Mbits/sec  0.593 ms  3225/5411 (60%)  
[  6] 435.00-436.00 sec  1.66 MBytes  13.9 Mbits/sec  0.668 ms  3229/5399 (60%)  
[  6] 436.00-437.00 sec  1.53 MBytes  12.8 Mbits/sec  0.838 ms  2388/4394 (54%)  
[  6] 437.00-438.00 sec  1.66 MBytes  13.9 Mbits/sec  0.941 ms  2451/4629 (53%)  
[  6] 438.00-439.00 sec  1.69 MBytes  14.2 Mbits/sec  0.602 ms  2527/4740 (53%)  
[  6] 439.00-440.00 sec  1.58 MBytes  13.3 Mbits/sec  0.962 ms  2732/4807 (57%)  
[  6] 440.00-441.00 sec  1.63 MBytes  13.6 Mbits/sec  1.720 ms  2570/4701 (55%)  
[  6] 441.00-442.00 sec  1.43 MBytes  12.0 Mbits/sec  0.809 ms  2130/4007 (53%)  
[  6] 442.00-443.00 sec  1.45 MBytes  12.2 Mbits/sec  0.662 ms  2096/3996 (52%)  
[  6] 443.00-444.00 sec  1.49 MBytes  12.5 Mbits/sec  0.571 ms  2595/4544 (57%)  
[  6] 444.00-445.00 sec  1.62 MBytes  13.6 Mbits/sec  0.696 ms  2561/4687 (55%)  
[  6] 445.00-446.00 sec  1.49 MBytes  12.5 Mbits/sec  0.814 ms  2954/4910 (60%)  
[  6] 446.00-447.00 sec  1.69 MBytes  14.2 Mbits/sec  0.600 ms  3233/5453 (59%)  
[  6] 447.00-448.00 sec  1.62 MBytes  13.6 Mbits/sec  0.636 ms  2814/4943 (57%)  
[  6] 448.00-449.00 sec  1.48 MBytes  12.5 Mbits/sec  1.062 ms  2519/4465 (56%)  
[  6] 449.00-450.00 sec  1.69 MBytes  14.2 Mbits/sec  0.841 ms  2711/4924 (55%)  
[  6] 450.00-451.00 sec  1.63 MBytes  13.7 Mbits/sec  0.838 ms  2394/4530 (53%)  
[  6] 451.00-452.00 sec  1.45 MBytes  12.2 Mbits/sec  0.722 ms  2545/4445 (57%)  
[  6] 452.00-453.00 sec  1.45 MBytes  12.1 Mbits/sec  0.981 ms  2421/4319 (56%)  
[  6] 453.00-454.00 sec  1.44 MBytes  12.1 Mbits/sec  0.753 ms  2083/3968 (52%)  
[  6] 454.00-455.00 sec  1.44 MBytes  12.1 Mbits/sec  0.660 ms  2318/4203 (55%)  
[  6] 455.00-456.00 sec  1.44 MBytes  12.1 Mbits/sec  1.031 ms  2804/4687 (60%)  
[  6] 456.00-457.00 sec  1.44 MBytes  12.0 Mbits/sec  0.898 ms  2744/4626 (59%)  
[  6] 457.00-458.00 sec  1.47 MBytes  12.3 Mbits/sec  1.121 ms  2885/4811 (60%)  
[  6] 458.00-459.00 sec  1.68 MBytes  14.1 Mbits/sec  0.660 ms  3242/5440 (60%)  
[  6] 459.00-460.00 sec  1.67 MBytes  14.0 Mbits/sec  0.962 ms  3303/5496 (60%)  
[  6] 460.00-461.00 sec  1.64 MBytes  13.8 Mbits/sec  0.734 ms  3174/5329 (60%)  
[  6] 461.00-462.00 sec  1.44 MBytes  12.0 Mbits/sec  0.847 ms  2340/4222 (55%)  
[  6] 462.00-463.00 sec  1.46 MBytes  12.3 Mbits/sec  1.085 ms  2195/4114 (53%)  
[  6] 463.00-464.00 sec  1.48 MBytes  12.4 Mbits/sec  0.884 ms  2249/4191 (54%)  
[  6] 464.00-465.00 sec  1.63 MBytes  13.7 Mbits/sec  1.159 ms  2633/4765 (55%)  
[  6] 465.00-466.00 sec  1.43 MBytes  12.0 Mbits/sec  0.755 ms  2767/4647 (60%)  
[  6] 466.00-467.00 sec  1.45 MBytes  12.1 Mbits/sec  0.545 ms  2638/4535 (58%)  
[  6] 467.00-468.00 sec  1.68 MBytes  14.1 Mbits/sec  0.984 ms  3069/5268 (58%)  
[  6] 468.00-469.00 sec  1.49 MBytes  12.5 Mbits/sec  1.334 ms  2517/4473 (56%)  
[  6] 469.00-470.00 sec  1.44 MBytes  12.1 Mbits/sec  0.577 ms  2781/4672 (60%)  
[  6] 470.00-471.00 sec  1.68 MBytes  14.1 Mbits/sec  0.532 ms  3006/5204 (58%)  
[  6] 471.00-472.00 sec  1.67 MBytes  14.0 Mbits/sec  0.768 ms  2514/4699 (54%)  
[  6] 472.00-473.00 sec  1.67 MBytes  14.1 Mbits/sec  1.255 ms  3294/5489 (60%)  
[  6] 473.00-474.00 sec  1.47 MBytes  12.3 Mbits/sec  0.629 ms  2469/4394 (56%)  
[  6] 474.00-475.00 sec  1.44 MBytes  12.0 Mbits/sec  0.581 ms  2350/4232 (56%)  
[  6] 475.00-476.00 sec  1.69 MBytes  14.2 Mbits/sec  0.572 ms  2351/4568 (51%)  
[  6] 476.00-477.00 sec  1.43 MBytes  12.0 Mbits/sec  0.652 ms  2095/3969 (53%)  
[  6] 477.00-478.00 sec  1.44 MBytes  12.1 Mbits/sec  0.680 ms  2831/4716 (60%)  
[  6] 478.00-479.00 sec  1.67 MBytes  14.0 Mbits/sec  0.766 ms  3023/5214 (58%)  
[  6] 479.00-480.00 sec  1.68 MBytes  14.1 Mbits/sec  0.834 ms  2701/4901 (55%)  
[  6] 480.00-481.00 sec  1.45 MBytes  12.2 Mbits/sec  0.775 ms  2856/4755 (60%)  
[  6] 481.00-482.00 sec  1.44 MBytes  12.1 Mbits/sec  0.623 ms  2955/4838 (61%)  
[  6] 482.00-483.00 sec  1.44 MBytes  12.1 Mbits/sec  0.576 ms  2140/4025 (53%)  
[  6] 483.00-484.00 sec  1.44 MBytes  12.0 Mbits/sec  0.898 ms  1736/3618 (48%)  
[  6] 484.00-485.00 sec  1.65 MBytes  13.9 Mbits/sec  1.285 ms  3239/5405 (60%)  
[  6] 485.00-486.00 sec  1.46 MBytes  12.2 Mbits/sec  0.849 ms  2820/4731 (60%)  
[  6] 486.00-487.00 sec  1.53 MBytes  12.8 Mbits/sec  0.998 ms  3007/5009 (60%)  
[  6] 487.00-488.00 sec  1.43 MBytes  12.0 Mbits/sec  1.071 ms  2656/4532 (59%)  
[  6] 488.00-489.00 sec  1.40 MBytes  11.8 Mbits/sec  0.606 ms  2229/4069 (55%)  
[  6] 489.00-490.00 sec  1.44 MBytes  12.1 Mbits/sec  0.721 ms  2681/4571 (59%)  
[  6] 490.00-491.00 sec  1.44 MBytes  12.1 Mbits/sec  0.704 ms  2464/4350 (57%)  
[  6] 491.00-492.00 sec  1.44 MBytes  12.1 Mbits/sec  0.817 ms  2842/4726 (60%)  
[  6] 492.00-493.00 sec  1.64 MBytes  13.8 Mbits/sec  1.373 ms  3346/5496 (61%)  
[  6] 493.00-494.00 sec  1.44 MBytes  12.1 Mbits/sec  0.712 ms  2759/4645 (59%)  
[  6] 494.00-495.00 sec  1.44 MBytes  12.1 Mbits/sec  1.018 ms  2815/4700 (60%)  
[  6] 495.00-496.00 sec  1.44 MBytes  12.1 Mbits/sec  0.606 ms  2699/4588 (59%)  
[  6] 496.00-497.00 sec  1.44 MBytes  12.0 Mbits/sec  0.765 ms  2212/4093 (54%)  
[  6] 497.00-498.00 sec  1.64 MBytes  13.8 Mbits/sec  1.128 ms  3250/5406 (60%)  
[  6] 498.00-499.00 sec  1.47 MBytes  12.3 Mbits/sec  0.789 ms  2815/4737 (59%)  
[  6] 499.00-500.00 sec  1.56 MBytes  13.1 Mbits/sec  0.684 ms  3059/5110 (60%)  
[  6] 500.00-501.00 sec  1.53 MBytes  12.9 Mbits/sec  0.610 ms  2882/4891 (59%)  
[  6] 501.00-502.00 sec  1.63 MBytes  13.6 Mbits/sec  0.952 ms  2501/4631 (54%)  
[  6] 502.00-503.00 sec  1.48 MBytes  12.4 Mbits/sec  0.854 ms  2917/4860 (60%)  
[  6] 503.00-504.00 sec  1.62 MBytes  13.6 Mbits/sec  1.060 ms  2492/4619 (54%)  
[  6] 504.00-505.00 sec  1.68 MBytes  14.1 Mbits/sec  0.523 ms  3207/5412 (59%)  
[  6] 505.00-506.00 sec  1.64 MBytes  13.8 Mbits/sec  1.354 ms  2465/4613 (53%)  
[  6] 506.00-507.00 sec  1.44 MBytes  12.0 Mbits/sec  0.578 ms  2539/4420 (57%)  
[  6] 507.00-508.00 sec  1.43 MBytes  12.0 Mbits/sec  0.940 ms  2179/4056 (54%)  
[  6] 508.00-509.00 sec  1.61 MBytes  13.5 Mbits/sec  0.596 ms  2410/4516 (53%)  
[  6] 509.00-510.00 sec  1.67 MBytes  14.0 Mbits/sec  0.755 ms  2760/4943 (56%)  
[  6] 510.00-511.00 sec  1.45 MBytes  12.2 Mbits/sec  1.432 ms  2891/4796 (60%)  
[  6] 511.00-512.00 sec  1.39 MBytes  11.7 Mbits/sec  1.031 ms  3037/4858 (63%)  
[  6] 512.00-513.00 sec  1.51 MBytes  12.6 Mbits/sec  0.579 ms  1857/3832 (48%)  
[  6] 513.00-514.00 sec  1.59 MBytes  13.4 Mbits/sec  0.600 ms  2444/4530 (54%)  
[  6] 514.00-515.00 sec  1.52 MBytes  12.7 Mbits/sec  1.170 ms  3021/5010 (60%)  
[  6] 515.00-516.00 sec  1.59 MBytes  13.4 Mbits/sec  0.998 ms  3037/5126 (59%)  
[  6] 516.00-517.00 sec  1.66 MBytes  13.9 Mbits/sec  0.573 ms  3534/5715 (62%)  
[  6] 517.00-518.00 sec  1.51 MBytes  12.7 Mbits/sec  0.619 ms  1896/3878 (49%)  
[  6] 518.00-519.00 sec  1.59 MBytes  13.3 Mbits/sec  0.544 ms  2955/5041 (59%)  
[  6] 519.00-520.00 sec  1.47 MBytes  12.4 Mbits/sec  0.845 ms  2260/4193 (54%)  
[  6] 520.00-521.00 sec  1.44 MBytes  12.0 Mbits/sec  1.027 ms  2191/4074 (54%)  
[  6] 521.00-522.00 sec  1.43 MBytes  12.0 Mbits/sec  1.030 ms  2686/4565 (59%)  
[  6] 522.00-523.00 sec  1.21 MBytes  10.1 Mbits/sec  2.465 ms  2276/3859 (59%)  
[  6] 523.00-524.00 sec   874 KBytes  7.16 Mbits/sec  1.668 ms  1119/2238 (50%)  
[  6] 524.00-525.00 sec  1.12 MBytes  9.43 Mbits/sec  0.876 ms  2171/3644 (60%)  
[  6] 525.00-526.00 sec  1.52 MBytes  12.7 Mbits/sec  0.574 ms  2955/4947 (60%)  
[  6] 526.00-527.00 sec  1.67 MBytes  14.0 Mbits/sec  1.224 ms  3508/5702 (62%)  
[  6] 527.00-528.00 sec  1.53 MBytes  12.9 Mbits/sec  0.930 ms  6258/8268 (76%)  
[  6] 528.00-529.00 sec  1.44 MBytes  12.1 Mbits/sec  0.630 ms  2962/4851 (61%)  
[  6] 529.00-530.00 sec  1.43 MBytes  12.0 Mbits/sec  0.648 ms  2378/4252 (56%)  
[  6] 530.00-531.00 sec  1.43 MBytes  12.0 Mbits/sec  1.090 ms  2139/4018 (53%)  
[  6] 531.00-532.00 sec  1.44 MBytes  12.0 Mbits/sec  0.932 ms  2549/4431 (58%)  
[  6] 532.00-533.00 sec  1.44 MBytes  12.0 Mbits/sec  0.699 ms  2763/4646 (59%)  
[  6] 533.00-534.00 sec  1.51 MBytes  12.6 Mbits/sec  1.361 ms  3014/4990 (60%)  
[  6] 534.00-535.00 sec  1.44 MBytes  12.1 Mbits/sec  0.661 ms  2778/4666 (60%)  
[  6] 535.00-536.00 sec  1.43 MBytes  12.0 Mbits/sec  0.983 ms  2825/4704 (60%)  
[  6] 536.00-537.00 sec  1.43 MBytes  12.0 Mbits/sec  0.765 ms  2773/4653 (60%)  
[  6] 537.00-538.00 sec  1.55 MBytes  13.0 Mbits/sec  1.380 ms  2856/4894 (58%)  
[  6] 538.00-539.00 sec  1.56 MBytes  13.1 Mbits/sec  0.688 ms  3001/5046 (59%)  
[  6] 539.00-540.00 sec  1.55 MBytes  13.0 Mbits/sec  1.178 ms  3071/5104 (60%)  
[  6] 540.00-541.00 sec  1.65 MBytes  13.8 Mbits/sec  0.732 ms  3187/5349 (60%)  
[  6] 541.00-542.00 sec  1.43 MBytes  12.0 Mbits/sec  1.967 ms  2229/4109 (54%)  
[  6] 542.00-543.00 sec  1.44 MBytes  12.0 Mbits/sec  0.667 ms  2579/4461 (58%)  
[  6] 543.00-544.00 sec  1.44 MBytes  12.0 Mbits/sec  0.582 ms  2285/4166 (55%)  
[  6] 544.00-545.00 sec  1.44 MBytes  12.1 Mbits/sec  0.971 ms  2288/4176 (55%)  
[  6] 545.00-546.00 sec  1.55 MBytes  13.0 Mbits/sec  0.602 ms  3005/5042 (60%)  
[  6] 546.00-547.00 sec  1.57 MBytes  13.1 Mbits/sec  0.665 ms  3075/5129 (60%)  
[  6] 547.00-548.00 sec  1.43 MBytes  12.0 Mbits/sec  0.860 ms  2812/4692 (60%)  
[  6] 548.00-549.00 sec  1.44 MBytes  12.1 Mbits/sec  1.382 ms  2814/4698 (60%)  
[  6] 549.00-550.00 sec  1.43 MBytes  12.0 Mbits/sec  0.699 ms  2292/4172 (55%)  
[  6] 550.00-551.00 sec  1.44 MBytes  12.1 Mbits/sec  0.615 ms  2465/4348 (57%)  
[  6] 551.00-552.00 sec  1.41 MBytes  11.8 Mbits/sec  0.798 ms  2777/4620 (60%)  
[  6] 552.00-553.00 sec  1.53 MBytes  12.9 Mbits/sec  0.917 ms  3002/5012 (60%)  
[  6] 553.00-554.00 sec  1.58 MBytes  13.3 Mbits/sec  0.746 ms  3069/5145 (60%)  
[  6] 554.00-555.00 sec  1.53 MBytes  12.9 Mbits/sec  0.712 ms  3004/5013 (60%)  
[  6] 555.00-556.00 sec  1.60 MBytes  13.4 Mbits/sec  0.659 ms  3217/5309 (61%)  
[  6] 556.00-557.00 sec  1.44 MBytes  12.1 Mbits/sec  1.260 ms  2304/4195 (55%)  
[  6] 557.00-558.00 sec  1.44 MBytes  12.0 Mbits/sec  1.319 ms  2547/4429 (58%)  
[  6] 558.00-559.00 sec  1.52 MBytes  12.7 Mbits/sec  0.688 ms  2454/4443 (55%)  
[  6] 559.00-560.00 sec  1.59 MBytes  13.3 Mbits/sec  0.722 ms  2751/4836 (57%)  
[  6] 560.00-561.00 sec  1.52 MBytes  12.7 Mbits/sec  0.689 ms  2949/4941 (60%)  
[  6] 561.00-562.00 sec  1.67 MBytes  14.0 Mbits/sec  1.345 ms  3299/5489 (60%)  
[  6] 562.00-563.00 sec  1.68 MBytes  14.1 Mbits/sec  0.684 ms  2633/4838 (54%)  
[  6] 563.00-564.00 sec  1.60 MBytes  13.4 Mbits/sec  0.723 ms  2946/5040 (58%)  
[  6] 564.00-565.00 sec  1.44 MBytes  12.0 Mbits/sec  0.701 ms  2731/4612 (59%)  
[  6] 565.00-566.00 sec  1.44 MBytes  12.0 Mbits/sec  0.981 ms  1645/3526 (47%)  
[  6] 566.00-567.00 sec  1.50 MBytes  12.6 Mbits/sec  0.640 ms  2190/4152 (53%)  
[  6] 567.00-568.00 sec  1.62 MBytes  13.6 Mbits/sec  1.014 ms  2791/4911 (57%)  
[  6] 568.00-569.00 sec  1.50 MBytes  12.6 Mbits/sec  1.174 ms  2946/4916 (60%)  
[  6] 569.00-570.00 sec  1.69 MBytes  14.1 Mbits/sec  0.602 ms  3240/5449 (59%)  
[  6] 570.00-571.00 sec  1.66 MBytes  13.9 Mbits/sec  0.537 ms  2802/4973 (56%)  
[  6] 571.00-572.00 sec  1.56 MBytes  13.1 Mbits/sec  0.721 ms  2721/4770 (57%)  
[  6] 572.00-573.00 sec  1.69 MBytes  14.2 Mbits/sec  0.593 ms  2672/4892 (55%)  
[  6] 573.00-574.00 sec  1.46 MBytes  12.3 Mbits/sec  0.589 ms  2139/4053 (53%)  
[  6] 574.00-575.00 sec  1.49 MBytes  12.5 Mbits/sec  0.651 ms  2290/4243 (54%)  
[  6] 575.00-576.00 sec  1.62 MBytes  13.6 Mbits/sec  1.181 ms  2737/4859 (56%)  
[  6] 576.00-577.00 sec  1.49 MBytes  12.5 Mbits/sec  0.943 ms  2286/4240 (54%)  
[  6] 577.00-578.00 sec  1.68 MBytes  14.1 Mbits/sec  0.795 ms  3240/5438 (60%)  
[  6] 578.00-579.00 sec  1.66 MBytes  14.0 Mbits/sec  0.873 ms  2711/4893 (55%)  
[  6] 579.00-580.00 sec  1.57 MBytes  13.2 Mbits/sec  0.723 ms  2798/4854 (58%)  
[  6] 580.00-581.00 sec  1.47 MBytes  12.4 Mbits/sec  0.992 ms  2392/4325 (55%)  
[  6] 581.00-582.00 sec  1.68 MBytes  14.1 Mbits/sec  0.516 ms  2697/4903 (55%)  
[  6] 582.00-583.00 sec  1.64 MBytes  13.8 Mbits/sec  1.252 ms  2463/4617 (53%)  
[  6] 583.00-584.00 sec  1.47 MBytes  12.3 Mbits/sec  0.654 ms  2537/4464 (57%)  
[  6] 584.00-585.00 sec  1.68 MBytes  14.1 Mbits/sec  0.587 ms  2807/5014 (56%)  
[  6] 585.00-586.00 sec  1.65 MBytes  13.9 Mbits/sec  0.860 ms  2441/4608 (53%)  
[  6] 586.00-587.00 sec  1.44 MBytes  12.1 Mbits/sec  0.663 ms  2469/4352 (57%)  
[  6] 587.00-588.00 sec  1.43 MBytes  12.0 Mbits/sec  0.700 ms  2444/4323 (57%)  
[  6] 588.00-589.00 sec  1.47 MBytes  12.3 Mbits/sec  0.755 ms  2190/4115 (53%)  
[  6] 589.00-590.00 sec  1.68 MBytes  14.1 Mbits/sec  0.710 ms  2725/4924 (55%)  
[  6] 590.00-591.00 sec  1.66 MBytes  13.9 Mbits/sec  0.890 ms  3238/5409 (60%)  
[  6] 591.00-592.00 sec  1.44 MBytes  12.1 Mbits/sec  1.426 ms  2831/4718 (60%)  
[  6] 592.00-593.00 sec  1.43 MBytes  12.0 Mbits/sec  0.706 ms  2397/4271 (56%)  
[  6] 593.00-594.00 sec  1.46 MBytes  12.3 Mbits/sec  0.812 ms  2189/4106 (53%)  
[  6] 594.00-595.00 sec  1.63 MBytes  13.7 Mbits/sec  0.845 ms  2618/4754 (55%)  
[  6] 595.00-596.00 sec  1.44 MBytes  12.1 Mbits/sec  1.071 ms  2823/4715 (60%)  
[  6] 596.00-597.00 sec  1.41 MBytes  11.8 Mbits/sec  0.708 ms  2720/4564 (60%)  
[  6] 597.00-598.00 sec  1.44 MBytes  12.0 Mbits/sec  1.114 ms  2677/4559 (59%)  
[  6] 598.00-599.00 sec  1.45 MBytes  12.1 Mbits/sec  1.080 ms  2285/4182 (55%)  
[  6] 599.00-600.00 sec  1.65 MBytes  13.9 Mbits/sec  0.658 ms  3244/5413 (60%)  
[  6] 600.00-601.00 sec  1.39 MBytes  11.7 Mbits/sec  1.451 ms  2787/4613 (60%)  
[  6] 601.00-602.00 sec  1.68 MBytes  14.1 Mbits/sec  0.648 ms  3235/5441 (59%)  
[  6] 602.00-603.00 sec  1.44 MBytes  12.0 Mbits/sec  0.750 ms  2547/4430 (57%)  
[  6] 603.00-604.00 sec  1.43 MBytes  12.0 Mbits/sec  0.950 ms  2344/4223 (56%)  
[  6] 604.00-605.00 sec  1.44 MBytes  12.0 Mbits/sec  0.670 ms  2779/4662 (60%)  
[  6] 605.00-606.00 sec  1.67 MBytes  14.0 Mbits/sec  0.730 ms  2617/4802 (54%)  
[  6] 606.00-607.00 sec  1.44 MBytes  12.1 Mbits/sec  0.914 ms  2823/4712 (60%)  
[  6] 607.00-608.00 sec  1.43 MBytes  12.0 Mbits/sec  0.706 ms  2792/4670 (60%)  
[  6] 608.00-609.00 sec  1.44 MBytes  12.1 Mbits/sec  0.572 ms  2907/4796 (61%)  
[  6] 609.00-610.00 sec  1.43 MBytes  12.0 Mbits/sec  1.143 ms  1968/3847 (51%)  
[  6] 610.00-611.00 sec  1.43 MBytes  12.0 Mbits/sec  0.773 ms  2776/4653 (60%)  
[  6] 611.00-612.00 sec  1.43 MBytes  12.0 Mbits/sec  0.647 ms  2768/4647 (60%)  
[  6] 612.00-613.00 sec  1.67 MBytes  14.0 Mbits/sec  0.938 ms  3294/5478 (60%)  
[  6] 613.00-614.00 sec  1.68 MBytes  14.1 Mbits/sec  0.622 ms  3252/5449 (60%)  
[  6] 614.00-615.00 sec  1.61 MBytes  13.5 Mbits/sec  1.325 ms  3177/5281 (60%)  
[  6] 615.00-616.00 sec  1.66 MBytes  13.9 Mbits/sec  1.144 ms  2866/5042 (57%)  
[  6] 616.00-617.00 sec  1.45 MBytes  12.2 Mbits/sec  1.105 ms  2128/4033 (53%)  
[  6] 617.00-618.00 sec  1.64 MBytes  13.7 Mbits/sec  0.544 ms  2424/4570 (53%)  
[  6] 618.00-619.00 sec  1.45 MBytes  12.2 Mbits/sec  0.638 ms  2362/4263 (55%)  
[  6] 619.00-620.00 sec  1.40 MBytes  11.8 Mbits/sec  0.710 ms  2179/4016 (54%)  
[  6] 620.00-621.00 sec  1.63 MBytes  13.7 Mbits/sec  0.861 ms  3075/5210 (59%)  
[  6] 621.00-622.00 sec  1.59 MBytes  13.4 Mbits/sec  1.312 ms  2514/4604 (55%)  
[  6] 622.00-623.00 sec  1.43 MBytes  12.0 Mbits/sec  0.755 ms  2899/4770 (61%)  
[  6] 623.00-624.00 sec  1.43 MBytes  12.0 Mbits/sec  1.243 ms  2735/4615 (59%)  
[  6] 624.00-625.00 sec  1.44 MBytes  12.1 Mbits/sec  0.729 ms  2165/4054 (53%)  
[  6] 625.00-626.00 sec  1.43 MBytes  12.0 Mbits/sec  0.638 ms  2525/4404 (57%)  
[  6] 626.00-627.00 sec  1.44 MBytes  12.1 Mbits/sec  0.865 ms  2690/4573 (59%)  
[  6] 627.00-628.00 sec  1.60 MBytes  13.4 Mbits/sec  0.878 ms  3140/5234 (60%)  
[  6] 628.00-629.00 sec  1.47 MBytes  12.4 Mbits/sec  0.972 ms  2874/4804 (60%)  
[  6] 629.00-630.00 sec  1.44 MBytes  12.1 Mbits/sec  1.385 ms  2826/4712 (60%)  
[  6] 630.00-631.00 sec  1.61 MBytes  13.5 Mbits/sec  0.588 ms  3044/5160 (59%)  
[  6] 631.00-632.00 sec  1.67 MBytes  14.0 Mbits/sec  0.681 ms  2662/4846 (55%)  
[  6] 632.00-633.00 sec  1.67 MBytes  14.0 Mbits/sec  1.350 ms  3311/5500 (60%)  
[  6] 633.00-634.00 sec  1.48 MBytes  12.4 Mbits/sec  0.695 ms  2630/4564 (58%)  
[  6] 634.00-635.00 sec  1.59 MBytes  13.3 Mbits/sec  1.050 ms  2439/4521 (54%)  
[  6] 635.00-636.00 sec  1.43 MBytes  12.0 Mbits/sec  0.657 ms  2093/3971 (53%)  
[  6] 636.00-637.00 sec  1.61 MBytes  13.5 Mbits/sec  0.852 ms  2494/4604 (54%)  
[  6] 637.00-638.00 sec  1.48 MBytes  12.4 Mbits/sec  0.884 ms  2901/4841 (60%)  
[  6] 638.00-639.00 sec  1.44 MBytes  12.1 Mbits/sec  1.286 ms  2358/4251 (55%)  
[  6] 639.00-640.00 sec  1.58 MBytes  13.3 Mbits/sec  0.593 ms  3396/5471 (62%)  
[  6] 640.00-641.00 sec  1017 KBytes  8.33 Mbits/sec  1.797 ms  1123/2425 (46%)  
[  6] 641.00-642.00 sec  1.27 MBytes  10.7 Mbits/sec  0.820 ms  2259/3927 (58%)  
[  6] 642.00-643.00 sec  1.44 MBytes  12.1 Mbits/sec  1.631 ms  2726/4610 (59%)  
[  6] 643.00-644.00 sec  1.53 MBytes  12.8 Mbits/sec  0.906 ms  2759/4758 (58%)  
[  6] 644.00-645.00 sec  1.43 MBytes  12.0 Mbits/sec  2.136 ms  4246/6121 (69%)  
[  6] 645.00-646.00 sec  1.43 MBytes  12.0 Mbits/sec  1.052 ms  3120/4989 (63%)  
[  6] 646.00-647.00 sec  1.44 MBytes  12.1 Mbits/sec  0.669 ms  2769/4653 (60%)  
[  6] 647.00-648.00 sec  1.60 MBytes  13.4 Mbits/sec  0.515 ms  2862/4960 (58%)  
[  6] 648.00-649.00 sec  1.51 MBytes  12.7 Mbits/sec  1.136 ms  2992/4976 (60%)  
[  6] 649.00-650.00 sec  1.43 MBytes  12.0 Mbits/sec  0.694 ms  2800/4676 (60%)  
[  6] 650.00-651.00 sec  1.55 MBytes  13.0 Mbits/sec  1.257 ms  3074/5112 (60%)  
[  6] 651.00-652.00 sec  1.67 MBytes  14.0 Mbits/sec  0.533 ms  2801/4986 (56%)  
[  6] 652.00-653.00 sec  1.57 MBytes  13.1 Mbits/sec  0.890 ms  2709/4764 (57%)  
[  6] 653.00-654.00 sec  1.44 MBytes  12.1 Mbits/sec  1.236 ms  2852/4737 (60%)  
[  6] 654.00-655.00 sec  1.43 MBytes  12.0 Mbits/sec  0.553 ms  2305/4184 (55%)  
[  6] 655.00-656.00 sec  1.57 MBytes  13.2 Mbits/sec  0.825 ms  2238/4301 (52%)  
[  6] 656.00-657.00 sec  1.68 MBytes  14.1 Mbits/sec  0.882 ms  3022/5226 (58%)  
[  6] 657.00-658.00 sec  1.54 MBytes  12.9 Mbits/sec  1.127 ms  3021/5034 (60%)  
[  6] 658.00-659.00 sec  1.44 MBytes  12.1 Mbits/sec  0.759 ms  2832/4719 (60%)  
[  6] 659.00-660.00 sec  1.53 MBytes  12.8 Mbits/sec  0.832 ms  2251/4250 (53%)  
[  6] 660.00-661.00 sec  1.44 MBytes  12.1 Mbits/sec  0.684 ms  2073/3960 (52%)  
[  6] 661.00-662.00 sec  1.56 MBytes  13.1 Mbits/sec  0.632 ms  2864/4911 (58%)  
[  6] 662.00-663.00 sec  1.66 MBytes  13.9 Mbits/sec  0.632 ms  3244/5420 (60%)  
[  6] 663.00-664.00 sec  1.49 MBytes  12.5 Mbits/sec  1.203 ms  2642/4597 (57%)  
[  6] 664.00-665.00 sec  1.57 MBytes  13.2 Mbits/sec  1.670 ms  3133/5188 (60%)  
[  6] 665.00-666.00 sec  1.65 MBytes  13.9 Mbits/sec  0.509 ms  2407/4572 (53%)  
[  6] 666.00-667.00 sec  1.47 MBytes  12.4 Mbits/sec  0.612 ms  2561/4492 (57%)  
[  6] 667.00-668.00 sec  1.48 MBytes  12.4 Mbits/sec  0.668 ms  2617/4562 (57%)  
[  6] 668.00-669.00 sec  1.67 MBytes  14.0 Mbits/sec  1.190 ms  2618/4806 (54%)  
[  6] 669.00-670.00 sec  1.69 MBytes  14.2 Mbits/sec  0.608 ms  2651/4864 (55%)  
[  6] 670.00-671.00 sec  1.55 MBytes  13.0 Mbits/sec  0.689 ms  3075/5109 (60%)  
[  6] 671.00-672.00 sec  1.54 MBytes  12.9 Mbits/sec  0.567 ms  2468/4489 (55%)  
[  6] 672.00-673.00 sec  1.57 MBytes  13.2 Mbits/sec  0.595 ms  2346/4405 (53%)  
[  6] 673.00-674.00 sec  1.53 MBytes  12.8 Mbits/sec  0.597 ms  2234/4240 (53%)  
[  6] 674.00-675.00 sec  1.56 MBytes  13.1 Mbits/sec  0.613 ms  2900/4940 (59%)  
[  6] 675.00-676.00 sec  1.44 MBytes  12.1 Mbits/sec  1.630 ms  2310/4196 (55%)  
[  6] 676.00-677.00 sec  1.53 MBytes  12.8 Mbits/sec  0.825 ms  2734/4737 (58%)  
[  6] 677.00-678.00 sec  1.67 MBytes  14.0 Mbits/sec  1.018 ms  2761/4948 (56%)  
[  6] 678.00-679.00 sec  1.60 MBytes  13.5 Mbits/sec  0.795 ms  2923/5026 (58%)  
[  6] 679.00-680.00 sec  1.53 MBytes  12.8 Mbits/sec  1.132 ms  3012/5013 (60%)  
[  6] 680.00-681.00 sec  1.58 MBytes  13.2 Mbits/sec  0.618 ms  2410/4480 (54%)  
[  6] 681.00-682.00 sec  1.44 MBytes  12.1 Mbits/sec  0.698 ms  2146/4029 (53%)  
[  6] 682.00-683.00 sec  1.52 MBytes  12.7 Mbits/sec  0.607 ms  2650/4640 (57%)  
[  6] 683.00-684.00 sec  1.57 MBytes  13.2 Mbits/sec  0.615 ms  2569/4624 (56%)  
[  6] 684.00-685.00 sec  1.44 MBytes  12.1 Mbits/sec  0.658 ms  2534/4422 (57%)  
[  6] 685.00-686.00 sec  1.41 MBytes  11.8 Mbits/sec  0.784 ms  2766/4616 (60%)  
[  6] 686.00-687.00 sec  1.51 MBytes  12.7 Mbits/sec  1.999 ms  2636/4617 (57%)  
[  6] 687.00-688.00 sec  1.59 MBytes  13.4 Mbits/sec  1.047 ms  2763/4852 (57%)  
[  6] 688.00-689.00 sec  1.45 MBytes  12.2 Mbits/sec  1.023 ms  2812/4712 (60%)  
[  6] 689.00-690.00 sec  1.39 MBytes  11.7 Mbits/sec  0.896 ms  2793/4615 (61%)  
[  6] 690.00-691.00 sec  1.44 MBytes  12.1 Mbits/sec  0.738 ms  2468/4356 (57%)  
[  6] 691.00-692.00 sec  1.44 MBytes  12.1 Mbits/sec  0.621 ms  2358/4244 (56%)  
[  6] 692.00-693.00 sec  1.43 MBytes  12.0 Mbits/sec  0.590 ms  2752/4628 (59%)  
[  6] 693.00-694.00 sec  1.51 MBytes  12.6 Mbits/sec  0.561 ms  3131/5106 (61%)  
[  6] 694.00-695.00 sec  1.60 MBytes  13.4 Mbits/sec  1.013 ms  3117/5210 (60%)  
[  6] 695.00-696.00 sec  1.43 MBytes  12.0 Mbits/sec  0.715 ms  2761/4636 (60%)  
[  6] 696.00-697.00 sec  1.50 MBytes  12.6 Mbits/sec  0.772 ms  2962/4933 (60%)  
[  6] 697.00-698.00 sec  1.67 MBytes  14.0 Mbits/sec  0.621 ms  2758/4949 (56%)  
[  6] 698.00-699.00 sec  1.50 MBytes  12.6 Mbits/sec  0.657 ms  2655/4621 (57%)  
[  6] 699.00-700.00 sec  1.44 MBytes  12.0 Mbits/sec  0.732 ms  2835/4717 (60%)  
[  6] 700.00-701.00 sec  1.44 MBytes  12.0 Mbits/sec  1.084 ms  2450/4331 (57%)  
[  6] 701.00-702.00 sec  1.43 MBytes  12.0 Mbits/sec  0.668 ms  2089/3968 (53%)  
[  6] 702.00-703.00 sec  1.49 MBytes  12.5 Mbits/sec  0.693 ms  2765/4713 (59%)  
[  6] 703.00-704.00 sec  1.59 MBytes  13.4 Mbits/sec  0.662 ms  3128/5218 (60%)  
[  6] 704.00-705.00 sec  1.55 MBytes  13.0 Mbits/sec  0.734 ms  3003/5032 (60%)  
[  6] 705.00-706.00 sec  1.43 MBytes  12.0 Mbits/sec  0.927 ms  2829/4704 (60%)  
[  6] 706.00-707.00 sec  1.41 MBytes  11.8 Mbits/sec  0.571 ms  2785/4635 (60%)  
[  6] 707.00-708.00 sec  1.47 MBytes  12.3 Mbits/sec  0.529 ms  2260/4182 (54%)  
[  6] 708.00-709.00 sec  1.63 MBytes  13.7 Mbits/sec  0.770 ms  2704/4837 (56%)  
[  6] 709.00-710.00 sec  1.43 MBytes  12.0 Mbits/sec  1.376 ms  2841/4717 (60%)  
[  6] 710.00-711.00 sec  1.42 MBytes  11.9 Mbits/sec  1.008 ms  2867/4723 (61%)  
[  6] 711.00-712.00 sec  1.47 MBytes  12.3 Mbits/sec  1.897 ms  2663/4586 (58%)  
[  6] 712.00-713.00 sec  1.68 MBytes  14.1 Mbits/sec  0.645 ms  2702/4902 (55%)  
[  6] 713.00-714.00 sec  1.65 MBytes  13.8 Mbits/sec  0.996 ms  3248/5405 (60%)  
[  6] 714.00-715.00 sec  1.67 MBytes  14.0 Mbits/sec  0.854 ms  3326/5513 (60%)  
[  6] 715.00-716.00 sec  1.47 MBytes  12.4 Mbits/sec  1.061 ms  2395/4326 (55%)  
[  6] 716.00-717.00 sec  1.46 MBytes  12.3 Mbits/sec  0.520 ms  2166/4081 (53%)  
[  6] 717.00-718.00 sec  1.62 MBytes  13.6 Mbits/sec  0.604 ms  2506/4634 (54%)  
[  6] 718.00-719.00 sec  1.45 MBytes  12.2 Mbits/sec  1.049 ms  2223/4124 (54%)  
[  6] 719.00-720.00 sec  1.63 MBytes  13.7 Mbits/sec  0.894 ms  3178/5320 (60%)  
[  6] 720.00-721.00 sec  1.44 MBytes  12.1 Mbits/sec  0.605 ms  2477/4363 (57%)  
[  6] 721.00-722.00 sec  1.43 MBytes  12.0 Mbits/sec  1.394 ms  2465/4343 (57%)  
[  6] 722.00-723.00 sec  1.43 MBytes  12.0 Mbits/sec  0.635 ms  2594/4473 (58%)  
[  6] 723.00-724.00 sec  1.44 MBytes  12.0 Mbits/sec  0.634 ms  2263/4145 (55%)  
[  6] 724.00-725.00 sec  1.43 MBytes  12.0 Mbits/sec  0.842 ms  2829/4706 (60%)  
[  6] 725.00-726.00 sec  1.45 MBytes  12.2 Mbits/sec  0.659 ms  2823/4727 (60%)  
[  6] 726.00-727.00 sec  1.66 MBytes  13.9 Mbits/sec  0.726 ms  3245/5415 (60%)  
[  6] 727.00-728.00 sec  1.45 MBytes  12.1 Mbits/sec  0.736 ms  2836/4730 (60%)  
[  6] 728.00-729.00 sec  1.66 MBytes  13.9 Mbits/sec  0.972 ms  3241/5412 (60%)  
[  6] 729.00-730.00 sec  1.25 MBytes  10.5 Mbits/sec  1.522 ms  2264/3900 (58%)  
[  6] 730.00-731.00 sec   898 KBytes  7.36 Mbits/sec  0.851 ms  1256/2406 (52%)  
[  6] 731.00-732.00 sec  1.42 MBytes  11.9 Mbits/sec  1.374 ms  2655/4514 (59%)  
[  6] 732.00-733.00 sec  1.39 MBytes  11.7 Mbits/sec  0.679 ms  2311/4135 (56%)  
[  6] 733.00-734.00 sec  1.44 MBytes  12.1 Mbits/sec  0.817 ms  2512/4397 (57%)  
[  6] 734.00-735.00 sec  1.44 MBytes  12.1 Mbits/sec  0.559 ms  5217/7106 (73%)  
[  6] 735.00-736.00 sec  1.53 MBytes  12.9 Mbits/sec  0.910 ms  3033/5042 (60%)  
[  6] 736.00-737.00 sec  1.43 MBytes  12.0 Mbits/sec  1.359 ms  2947/4822 (61%)  
[  6] 737.00-738.00 sec  1.44 MBytes  12.0 Mbits/sec  0.729 ms  2778/4661 (60%)  
[  6] 738.00-739.00 sec  1.44 MBytes  12.1 Mbits/sec  0.664 ms  2747/4631 (59%)  
[  6] 739.00-740.00 sec  1.43 MBytes  12.0 Mbits/sec  0.835 ms  2556/4435 (58%)  
[  6] 740.00-741.00 sec  1.63 MBytes  13.7 Mbits/sec  0.825 ms  3190/5324 (60%)  
[  6] 741.00-742.00 sec  1.45 MBytes  12.2 Mbits/sec  0.811 ms  2824/4727 (60%)  
[  6] 742.00-743.00 sec  1.53 MBytes  12.8 Mbits/sec  0.927 ms  3006/5010 (60%)  
[  6] 743.00-744.00 sec  1.62 MBytes  13.6 Mbits/sec  0.635 ms  2946/5073 (58%)  
[  6] 744.00-745.00 sec  1.46 MBytes  12.2 Mbits/sec  0.898 ms  2390/4300 (56%)  
[  6] 745.00-746.00 sec  1.62 MBytes  13.6 Mbits/sec  1.201 ms  3187/5307 (60%)  
[  6] 746.00-747.00 sec  1.45 MBytes  12.2 Mbits/sec  0.713 ms  2352/4256 (55%)  
[  6] 747.00-748.00 sec  1.44 MBytes  12.1 Mbits/sec  0.808 ms  2279/4169 (55%)  
[  6] 748.00-749.00 sec  1.66 MBytes  13.9 Mbits/sec  1.214 ms  3199/5374 (60%)  
[  6] 749.00-750.00 sec  1.46 MBytes  12.2 Mbits/sec  0.662 ms  2217/4129 (54%)  
[  6] 750.00-751.00 sec  1.43 MBytes  12.0 Mbits/sec  0.735 ms  2780/4655 (60%)  
[  6] 751.00-752.00 sec  1.63 MBytes  13.7 Mbits/sec  1.287 ms  3115/5256 (59%)  
[  6] 752.00-753.00 sec  1.52 MBytes  12.7 Mbits/sec  0.583 ms  2335/4325 (54%)  
[  6] 753.00-754.00 sec  1.43 MBytes  12.0 Mbits/sec  0.786 ms  2737/4613 (59%)  
[  6] 754.00-755.00 sec  1.49 MBytes  12.5 Mbits/sec  0.619 ms  2817/4775 (59%)  
[  6] 755.00-756.00 sec  1.48 MBytes  12.4 Mbits/sec  1.528 ms  2298/4236 (54%)  
[  6] 756.00-757.00 sec  1.46 MBytes  12.3 Mbits/sec  1.006 ms  2702/4616 (59%)  
[  6] 757.00-758.00 sec  1.60 MBytes  13.4 Mbits/sec  1.213 ms  3106/5198 (60%)  
[  6] 758.00-759.00 sec  1.45 MBytes  12.2 Mbits/sec  0.780 ms  2464/4363 (56%)  
[  6] 759.00-760.00 sec  1.43 MBytes  12.0 Mbits/sec  0.671 ms  2702/4575 (59%)  
[  6] 760.00-761.00 sec  1.60 MBytes  13.5 Mbits/sec  1.167 ms  3504/5607 (62%)  
[  6] 761.00-762.00 sec  1.49 MBytes  12.5 Mbits/sec  0.614 ms  2212/4161 (53%)  
[  6] 762.00-763.00 sec  1.62 MBytes  13.6 Mbits/sec  0.661 ms  2958/5086 (58%)  
[  6] 763.00-764.00 sec  1.65 MBytes  13.9 Mbits/sec  0.511 ms  3317/5483 (60%)  
[  6] 764.00-765.00 sec  1.55 MBytes  13.0 Mbits/sec  0.793 ms  2240/4274 (52%)  
[  6] 765.00-766.00 sec  1.43 MBytes  12.0 Mbits/sec  0.743 ms  2661/4535 (59%)  
[  6] 766.00-767.00 sec  1.60 MBytes  13.4 Mbits/sec  0.548 ms  2352/4448 (53%)  
[  6] 767.00-768.00 sec  1.67 MBytes  14.0 Mbits/sec  0.963 ms  2611/4798 (54%)  
[  6] 768.00-769.00 sec  1.54 MBytes  12.9 Mbits/sec  0.724 ms  2853/4868 (59%)  
[  6] 769.00-770.00 sec  1.55 MBytes  13.0 Mbits/sec  0.636 ms  2912/4940 (59%)  
[  6] 770.00-771.00 sec  1.43 MBytes  12.0 Mbits/sec  0.696 ms  2157/4036 (53%)  
[  6] 771.00-772.00 sec  1.43 MBytes  12.0 Mbits/sec  0.773 ms  2156/4030 (53%)  
[  6] 772.00-773.00 sec  1.44 MBytes  12.1 Mbits/sec  0.708 ms  2595/4483 (58%)  
[  6] 773.00-774.00 sec  1.43 MBytes  12.0 Mbits/sec  0.764 ms  2476/4354 (57%)  
[  6] 774.00-775.00 sec  1.60 MBytes  13.4 Mbits/sec  0.934 ms  3114/5210 (60%)  
[  6] 775.00-776.00 sec  1.45 MBytes  12.2 Mbits/sec  0.986 ms  2839/4738 (60%)  
[  6] 776.00-777.00 sec  1.39 MBytes  11.7 Mbits/sec  1.733 ms  2701/4528 (60%)  
[  6] 777.00-778.00 sec   991 KBytes  8.12 Mbits/sec  0.763 ms  1892/3160 (60%)  
[  6] 778.00-779.00 sec  1.30 MBytes  10.9 Mbits/sec  0.641 ms  2275/3973 (57%)  
[  6] 779.00-780.00 sec  1.44 MBytes  12.1 Mbits/sec  1.136 ms  2520/4405 (57%)  
[  6] 780.00-781.00 sec  1.44 MBytes  12.1 Mbits/sec  0.552 ms  2614/4501 (58%)  
[  6] 781.00-782.00 sec  1.58 MBytes  13.2 Mbits/sec  0.756 ms  5233/7303 (72%)  
[  6] 782.00-783.00 sec  1.53 MBytes  12.8 Mbits/sec  1.276 ms  3164/5164 (61%)  
[  6] 783.00-784.00 sec  1.58 MBytes  13.2 Mbits/sec  0.865 ms  3058/5127 (60%)  
[  6] 784.00-785.00 sec  1.65 MBytes  13.8 Mbits/sec  0.889 ms  3208/5370 (60%)  
[  6] 785.00-786.00 sec  1.64 MBytes  13.8 Mbits/sec  0.606 ms  2442/4598 (53%)  
[  6] 786.00-787.00 sec  1.53 MBytes  12.8 Mbits/sec  0.554 ms  2924/4924 (59%)  
[  6] 787.00-788.00 sec  1.56 MBytes  13.1 Mbits/sec  0.574 ms  2379/4428 (54%)  
[  6] 788.00-789.00 sec  1.60 MBytes  13.5 Mbits/sec  1.235 ms  2487/4589 (54%)  
[  6] 789.00-790.00 sec  1.44 MBytes  12.0 Mbits/sec  0.562 ms  2133/4014 (53%)  
[  6] 790.00-791.00 sec  1.43 MBytes  12.0 Mbits/sec  1.008 ms  2731/4604 (59%)  
[  6] 791.00-792.00 sec  1.47 MBytes  12.4 Mbits/sec  0.853 ms  2313/4244 (55%)  
[  6] 792.00-793.00 sec  1.56 MBytes  13.1 Mbits/sec  0.645 ms  2612/4657 (56%)  
[  6] 793.00-794.00 sec  1.64 MBytes  13.8 Mbits/sec  0.966 ms  3250/5404 (60%)  
[  6] 794.00-795.00 sec  1.06 MBytes  8.90 Mbits/sec  1.022 ms  2082/3473 (60%)  
[  6] 795.00-796.00 sec   891 KBytes  7.30 Mbits/sec  1.426 ms  1599/2740 (58%)  
[  6] 796.00-797.00 sec   836 KBytes  6.85 Mbits/sec  2.681 ms  1594/2664 (60%)  
[  6] 797.00-798.00 sec  1.19 MBytes  9.98 Mbits/sec  0.628 ms  1924/3483 (55%)  
[  6] 798.00-799.00 sec  1.58 MBytes  13.2 Mbits/sec  0.656 ms  2441/4506 (54%)  
[  6] 799.00-800.00 sec  1.43 MBytes  12.0 Mbits/sec  0.693 ms  5349/7223 (74%)  
[  6] 800.00-801.00 sec  1.54 MBytes  12.9 Mbits/sec  0.806 ms  5899/7920 (74%)  
[  6] 801.00-802.00 sec  1.66 MBytes  13.9 Mbits/sec  0.805 ms  3375/5546 (61%)  
[  6] 802.00-803.00 sec  1.62 MBytes  13.6 Mbits/sec  0.725 ms  2927/5046 (58%)  
[  6] 803.00-804.00 sec  1.54 MBytes  12.9 Mbits/sec  1.352 ms  3069/5086 (60%)  
[  6] 804.00-805.00 sec  1.56 MBytes  13.1 Mbits/sec  0.581 ms  2341/4388 (53%)  
[  6] 805.00-806.00 sec  1.43 MBytes  12.0 Mbits/sec  0.687 ms  2213/4083 (54%)  
[  6] 806.00-807.00 sec  1.54 MBytes  12.9 Mbits/sec  0.603 ms  2582/4596 (56%)  
[  6] 807.00-808.00 sec  1.66 MBytes  14.0 Mbits/sec  0.608 ms  2669/4849 (55%)  
[  6] 808.00-809.00 sec  1.58 MBytes  13.2 Mbits/sec  0.776 ms  2945/5012 (59%)  
[  6] 809.00-810.00 sec  1.51 MBytes  12.7 Mbits/sec  0.639 ms  2966/4950 (60%)  
[  6] 810.00-811.00 sec  1.56 MBytes  13.1 Mbits/sec  0.852 ms  2468/4512 (55%)  
[  6] 811.00-812.00 sec  1.51 MBytes  12.7 Mbits/sec  1.205 ms  2299/4284 (54%)  
[  6] 812.00-813.00 sec  1.67 MBytes  14.0 Mbits/sec  0.921 ms  2990/5176 (58%)  
[  6] 813.00-814.00 sec  1.66 MBytes  14.0 Mbits/sec  1.231 ms  2721/4901 (56%)  
[  6] 814.00-815.00 sec  1.68 MBytes  14.1 Mbits/sec  1.181 ms  3181/5389 (59%)  
[  6] 815.00-816.00 sec  1.65 MBytes  13.8 Mbits/sec  0.820 ms  2487/4646 (54%)  
[  6] 816.00-817.00 sec  1.68 MBytes  14.1 Mbits/sec  1.255 ms  2588/4790 (54%)  
[  6] 817.00-818.00 sec  1.42 MBytes  11.9 Mbits/sec  0.980 ms  2026/3890 (52%)  
[  6] 818.00-819.00 sec  1.50 MBytes  12.6 Mbits/sec  0.650 ms  2284/4252 (54%)  
[  6] 819.00-820.00 sec  1.66 MBytes  13.9 Mbits/sec  0.595 ms  2477/4657 (53%)  
[  6] 820.00-821.00 sec  1.66 MBytes  13.9 Mbits/sec  1.089 ms  2711/4888 (55%)  
[  6] 821.00-822.00 sec  1.68 MBytes  14.1 Mbits/sec  1.417 ms  3434/5634 (61%)  
[  6] 822.00-823.00 sec  1.60 MBytes  13.4 Mbits/sec  0.629 ms  2405/4498 (53%)  
[  6] 823.00-824.00 sec  1.42 MBytes  11.9 Mbits/sec  0.574 ms  2163/4027 (54%)  
[  6] 824.00-825.00 sec  1.43 MBytes  12.0 Mbits/sec  0.566 ms  2565/4443 (58%)  
[  6] 825.00-826.00 sec  1.51 MBytes  12.7 Mbits/sec  0.576 ms  1800/3777 (48%)  
[  6] 826.00-827.00 sec  1.60 MBytes  13.4 Mbits/sec  0.836 ms  2789/4889 (57%)  
[  6] 827.00-828.00 sec  1.50 MBytes  12.6 Mbits/sec  1.025 ms  2988/4955 (60%)  
[  6] 828.00-829.00 sec  1.65 MBytes  13.9 Mbits/sec  0.594 ms  3195/5361 (60%)  
[  6] 829.00-830.00 sec  1.63 MBytes  13.7 Mbits/sec  0.577 ms  2848/4984 (57%)  
[  6] 830.00-831.00 sec  1.43 MBytes  12.0 Mbits/sec  0.685 ms  2374/4253 (56%)  
[  6] 831.00-832.00 sec  1.48 MBytes  12.4 Mbits/sec  0.537 ms  2481/4425 (56%)  
[  6] 832.00-833.00 sec  1.66 MBytes  13.9 Mbits/sec  0.780 ms  2481/4653 (53%)  
[  6] 833.00-834.00 sec  1.43 MBytes  12.0 Mbits/sec  0.930 ms  2447/4322 (57%)  
[  6] 834.00-835.00 sec  1.43 MBytes  12.0 Mbits/sec  0.683 ms  2774/4653 (60%)  
[  6] 835.00-836.00 sec   868 KBytes  7.11 Mbits/sec  0.765 ms  1602/2713 (59%)  
[  6] 836.00-837.00 sec  1.34 MBytes  11.3 Mbits/sec  0.781 ms  2036/3796 (54%)  
[  6] 837.00-838.00 sec  1.48 MBytes  12.5 Mbits/sec  0.738 ms  2679/4624 (58%)  
[  6] 838.00-839.00 sec  1.46 MBytes  12.2 Mbits/sec  0.703 ms  2840/4749 (60%)  
[  6] 839.00-840.00 sec  1.41 MBytes  11.8 Mbits/sec  0.514 ms  4710/6561 (72%)  
[  6] 840.00-841.00 sec  1.63 MBytes  13.7 Mbits/sec  0.732 ms  3476/5618 (62%)  
[  6] 841.00-842.00 sec  1.46 MBytes  12.3 Mbits/sec  0.700 ms  2704/4624 (58%)  
[  6] 842.00-843.00 sec  1.49 MBytes  12.5 Mbits/sec  1.222 ms  2920/4868 (60%)  
[  6] 843.00-844.00 sec  1.47 MBytes  12.3 Mbits/sec  0.567 ms  2684/4612 (58%)  
[  6] 844.00-845.00 sec  1.67 MBytes  14.0 Mbits/sec  0.868 ms  2826/5018 (56%)  
[  6] 845.00-846.00 sec  1.67 MBytes  14.0 Mbits/sec  0.974 ms  3027/5221 (58%)  
[  6] 846.00-847.00 sec  1.67 MBytes  14.0 Mbits/sec  0.759 ms  3240/5427 (60%)  
[  6] 847.00-848.00 sec  1.46 MBytes  12.3 Mbits/sec  0.597 ms  2738/4656 (59%)  
[  6] 848.00-849.00 sec  1.42 MBytes  11.9 Mbits/sec  0.874 ms  1750/3617 (48%)  
[  6] 849.00-850.00 sec  1.45 MBytes  12.2 Mbits/sec  0.529 ms  2109/4012 (53%)  
[  6] 850.00-851.00 sec  1.68 MBytes  14.1 Mbits/sec  0.964 ms  2664/4869 (55%)  
[  6] 851.00-852.00 sec  1.66 MBytes  13.9 Mbits/sec  1.278 ms  3259/5432 (60%)  
[  6] 852.00-853.00 sec  1.67 MBytes  14.0 Mbits/sec  0.775 ms  3273/5457 (60%)  
[  6] 853.00-854.00 sec  1.65 MBytes  13.9 Mbits/sec  0.706 ms  2675/4843 (55%)  
[  6] 854.00-855.00 sec  1.43 MBytes  12.0 Mbits/sec  0.682 ms  2661/4540 (59%)  
[  6] 855.00-856.00 sec  1.44 MBytes  12.1 Mbits/sec  0.513 ms  1630/3520 (46%)  
[  6] 856.00-857.00 sec  1.66 MBytes  13.9 Mbits/sec  1.146 ms  2573/4753 (54%)  
[  6] 857.00-858.00 sec  1.65 MBytes  13.8 Mbits/sec  0.614 ms  2701/4861 (56%)  
[  6] 858.00-859.00 sec  1.44 MBytes  12.1 Mbits/sec  0.689 ms  2839/4726 (60%)  
[  6] 859.00-860.00 sec  1.69 MBytes  14.1 Mbits/sec  0.641 ms  2918/5128 (57%)  
[  6] 860.00-861.00 sec  1.50 MBytes  12.6 Mbits/sec  0.564 ms  2286/4258 (54%)  
[  6] 861.00-862.00 sec  1.60 MBytes  13.4 Mbits/sec  0.936 ms  2729/4824 (57%)  
[  6] 862.00-863.00 sec  1.44 MBytes  12.1 Mbits/sec  0.616 ms  2830/4714 (60%)  
[  6] 863.00-864.00 sec  1.43 MBytes  12.0 Mbits/sec  0.640 ms  1772/3649 (49%)  
[  6] 864.00-865.00 sec  1.65 MBytes  13.9 Mbits/sec  0.582 ms  3428/5592 (61%)  
[  6] 865.00-866.00 sec  1.44 MBytes  12.1 Mbits/sec  0.611 ms  1990/3875 (51%)  
[  6] 866.00-867.00 sec  1.66 MBytes  14.0 Mbits/sec  0.845 ms  3324/5506 (60%)  
[  6] 867.00-868.00 sec  1.67 MBytes  14.0 Mbits/sec  0.612 ms  2831/5020 (56%)  
[  6] 868.00-869.00 sec  1.45 MBytes  12.2 Mbits/sec  0.710 ms  2516/4415 (57%)  
[  6] 869.00-870.00 sec  1.67 MBytes  14.0 Mbits/sec  0.699 ms  2930/5113 (57%)  
[  6] 870.00-871.00 sec  1.45 MBytes  12.2 Mbits/sec  1.072 ms  2210/4110 (54%)  
[  6] 871.00-872.00 sec  1.67 MBytes  14.0 Mbits/sec  1.240 ms  2680/4865 (55%)  
[  6] 872.00-873.00 sec  1.67 MBytes  14.0 Mbits/sec  0.596 ms  2878/5067 (57%)  
[  6] 873.00-874.00 sec  1.45 MBytes  12.2 Mbits/sec  0.919 ms  2399/4305 (56%)  
[  6] 874.00-875.00 sec  1.43 MBytes  12.0 Mbits/sec  0.652 ms  2532/4407 (57%)  
[  6] 875.00-876.00 sec  1.65 MBytes  13.8 Mbits/sec  0.630 ms  2986/5148 (58%)  
[  6] 876.00-877.00 sec  1.46 MBytes  12.2 Mbits/sec  0.692 ms  1751/3664 (48%)  
[  6] 877.00-878.00 sec  1.60 MBytes  13.4 Mbits/sec  0.645 ms  3134/5231 (60%)  
[  6] 878.00-879.00 sec  1.44 MBytes  12.1 Mbits/sec  0.612 ms  2654/4538 (58%)  
[  6] 879.00-880.00 sec  1.43 MBytes  12.0 Mbits/sec  1.288 ms  2225/4097 (54%)  
[  6] 880.00-881.00 sec  1.43 MBytes  12.0 Mbits/sec  1.390 ms  2765/4633 (60%)  
[  6] 881.00-882.00 sec  1.52 MBytes  12.8 Mbits/sec  1.002 ms  2455/4449 (55%)  
[  6] 882.00-883.00 sec  1.67 MBytes  14.0 Mbits/sec  0.652 ms  3237/5432 (60%)  
[  6] 883.00-884.00 sec  1.66 MBytes  13.9 Mbits/sec  0.672 ms  3256/5429 (60%)  
[  6] 884.00-885.00 sec  1.45 MBytes  12.2 Mbits/sec  0.637 ms  2977/4883 (61%)  
[  6] 885.00-886.00 sec  1.46 MBytes  12.2 Mbits/sec  0.815 ms  2252/4160 (54%)  
[  6] 886.00-887.00 sec  1.62 MBytes  13.6 Mbits/sec  0.585 ms  2371/4498 (53%)  
[  6] 887.00-888.00 sec  1.59 MBytes  13.3 Mbits/sec  1.379 ms  2513/4593 (55%)  
[  6] 888.00-889.00 sec  1.48 MBytes  12.4 Mbits/sec  0.688 ms  2875/4817 (60%)  
[  6] 889.00-890.00 sec  1.64 MBytes  13.7 Mbits/sec  1.816 ms  3478/5623 (62%)  
[  6] 890.00-891.00 sec  1.49 MBytes  12.5 Mbits/sec  0.931 ms  1883/3836 (49%)  
[  6] 891.00-892.00 sec  1.43 MBytes  12.0 Mbits/sec  0.606 ms  2465/4341 (57%)  
[  6] 892.00-893.00 sec  1.61 MBytes  13.5 Mbits/sec  0.779 ms  2905/5018 (58%)  
[  6] 893.00-894.00 sec  1.48 MBytes  12.4 Mbits/sec  0.700 ms  2212/4155 (53%)  
[  6] 894.00-895.00 sec  1.44 MBytes  12.1 Mbits/sec  0.695 ms  2733/4621 (59%)  
[  6] 895.00-896.00 sec  1.44 MBytes  12.1 Mbits/sec  0.846 ms  2830/4713 (60%)  
[  6] 896.00-897.00 sec  1.44 MBytes  12.0 Mbits/sec  0.627 ms  2263/4144 (55%)  
[  6] 897.00-898.00 sec  1.43 MBytes  12.0 Mbits/sec  0.608 ms  2581/4460 (58%)  
[  6] 898.00-899.00 sec  1.43 MBytes  12.0 Mbits/sec  0.827 ms  2825/4703 (60%)  
[  6] 899.00-900.00 sec  1.44 MBytes  12.1 Mbits/sec  1.374 ms  2827/4710 (60%)  
[  6] 900.00-901.00 sec  1.43 MBytes  12.0 Mbits/sec  0.746 ms  2769/4644 (60%)  
[  6] 901.00-902.00 sec  1.61 MBytes  13.5 Mbits/sec  0.624 ms  3137/5252 (60%)  
[  6] 902.00-903.00 sec  1.60 MBytes  13.4 Mbits/sec  0.632 ms  3132/5227 (60%)  
[  6] 903.00-904.00 sec  1.50 MBytes  12.6 Mbits/sec  0.762 ms  2966/4932 (60%)  
[  6] 904.00-905.00 sec  1.43 MBytes  12.0 Mbits/sec  0.667 ms  2764/4642 (60%)  
[  6] 905.00-906.00 sec  1.44 MBytes  12.1 Mbits/sec  0.582 ms  2104/3989 (53%)  
[  6] 906.00-907.00 sec  1.43 MBytes  12.0 Mbits/sec  0.559 ms  2521/4398 (57%)  
[  6] 907.00-908.00 sec  1.43 MBytes  12.0 Mbits/sec  0.639 ms  2484/4359 (57%)  
[  6] 908.00-909.00 sec  1.59 MBytes  13.3 Mbits/sec  0.818 ms  3135/5215 (60%)  
[  6] 909.00-910.00 sec  1.63 MBytes  13.6 Mbits/sec  0.894 ms  3173/5303 (60%)  
[  6] 910.00-911.00 sec  1.63 MBytes  13.7 Mbits/sec  0.844 ms  3209/5344 (60%)  
[  6] 911.00-912.00 sec  1.49 MBytes  12.5 Mbits/sec  1.290 ms  2861/4820 (59%)  
[  6] 912.00-913.00 sec  1.44 MBytes  12.1 Mbits/sec  0.880 ms  2167/4053 (53%)  
[  6] 913.00-914.00 sec  1.46 MBytes  12.3 Mbits/sec  0.608 ms  2329/4249 (55%)  
[  6] 914.00-915.00 sec  1.44 MBytes  12.1 Mbits/sec  0.732 ms  2249/4135 (54%)  
[  6] 915.00-916.00 sec  1.57 MBytes  13.2 Mbits/sec  0.718 ms  2909/4973 (58%)  
[  6] 916.00-917.00 sec  1.66 MBytes  13.9 Mbits/sec  1.375 ms  3310/5489 (60%)  
[  6] 917.00-918.00 sec  1.50 MBytes  12.6 Mbits/sec  0.869 ms  2785/4752 (59%)  
[  6] 918.00-919.00 sec  1.54 MBytes  12.9 Mbits/sec  0.638 ms  3009/5027 (60%)  
[  6] 919.00-920.00 sec  1.55 MBytes  13.0 Mbits/sec  0.562 ms  2450/4478 (55%)  
[  6] 920.00-921.00 sec  1.44 MBytes  12.1 Mbits/sec  0.810 ms  2026/3914 (52%)  
[  6] 921.00-922.00 sec  1.43 MBytes  12.0 Mbits/sec  0.922 ms  2761/4641 (59%)  
[  6] 922.00-923.00 sec  1.43 MBytes  12.0 Mbits/sec  0.657 ms  2314/4193 (55%)  
[  6] 923.00-924.00 sec  1.43 MBytes  12.0 Mbits/sec  1.192 ms  2597/4477 (58%)  
[  6] 924.00-925.00 sec  1.43 MBytes  12.0 Mbits/sec  0.985 ms  2766/4639 (60%)  
[  6] 925.00-926.00 sec  1.44 MBytes  12.0 Mbits/sec  0.690 ms  2771/4653 (60%)  
[  6] 926.00-927.00 sec  1.43 MBytes  12.0 Mbits/sec  0.908 ms  2838/4716 (60%)  
[  6] 927.00-928.00 sec  1.44 MBytes  12.1 Mbits/sec  0.682 ms  2802/4689 (60%)  
[  6] 928.00-929.00 sec  1.43 MBytes  12.0 Mbits/sec  1.094 ms  2849/4727 (60%)  
[  6] 929.00-930.00 sec  1.54 MBytes  12.9 Mbits/sec  1.052 ms  3008/5025 (60%)  
[  6] 930.00-931.00 sec  1.55 MBytes  13.0 Mbits/sec  0.726 ms  3010/5048 (60%)  
[  6] 931.00-932.00 sec  1.51 MBytes  12.7 Mbits/sec  0.653 ms  2949/4931 (60%)  
[  6] 932.00-933.00 sec  1.56 MBytes  13.0 Mbits/sec  0.747 ms  3074/5113 (60%)  
[  6] 933.00-934.00 sec  1.58 MBytes  13.2 Mbits/sec  0.517 ms  2604/4673 (56%)  
[  6] 934.00-935.00 sec  1.66 MBytes  13.9 Mbits/sec  0.563 ms  3005/5181 (58%)  
[  6] 935.00-936.00 sec  1.68 MBytes  14.1 Mbits/sec  0.507 ms  2651/4849 (55%)  
[  6] 936.00-937.00 sec  1.58 MBytes  13.2 Mbits/sec  0.703 ms  2955/5025 (59%)  
[  6] 937.00-938.00 sec  1.44 MBytes  12.0 Mbits/sec  0.588 ms  2095/3976 (53%)  
[  6] 938.00-939.00 sec  1.50 MBytes  12.6 Mbits/sec  1.507 ms  2343/4314 (54%)  
[  6] 939.00-940.00 sec  1.56 MBytes  13.1 Mbits/sec  1.265 ms  2290/4335 (53%)  
[  6] 940.00-941.00 sec  1.43 MBytes  12.0 Mbits/sec  0.666 ms  2502/4381 (57%)  
[  6] 941.00-942.00 sec  1.43 MBytes  12.0 Mbits/sec  0.822 ms  2828/4707 (60%)  
[  6] 942.00-943.00 sec  1.53 MBytes  12.8 Mbits/sec  1.045 ms  2647/4648 (57%)  
[  6] 943.00-944.00 sec  1.67 MBytes  14.0 Mbits/sec  0.982 ms  2957/5142 (58%)  
[  6] 944.00-945.00 sec  1.49 MBytes  12.5 Mbits/sec  0.711 ms  2916/4875 (60%)  
[  6] 945.00-946.00 sec  1.44 MBytes  12.0 Mbits/sec  0.979 ms  2831/4712 (60%)  
[  6] 946.00-947.00 sec  1.47 MBytes  12.3 Mbits/sec  0.616 ms  2590/4514 (57%)  
[  6] 947.00-948.00 sec  1.43 MBytes  12.0 Mbits/sec  0.649 ms  1916/3793 (51%)  
[  6] 948.00-949.00 sec  1.44 MBytes  12.1 Mbits/sec  0.655 ms  2691/4578 (59%)  
[  6] 949.00-950.00 sec  1.43 MBytes  12.0 Mbits/sec  0.806 ms  2834/4712 (60%)  
[  6] 950.00-951.00 sec  1.50 MBytes  12.6 Mbits/sec  1.366 ms  2858/4828 (59%)  
[  6] 951.00-952.00 sec  1.67 MBytes  14.0 Mbits/sec  0.790 ms  3247/5440 (60%)  
[  6] 952.00-953.00 sec  1.67 MBytes  14.0 Mbits/sec  0.662 ms  3240/5431 (60%)  
[  6] 953.00-954.00 sec  1.24 MBytes  10.4 Mbits/sec  0.680 ms  2427/4048 (60%)  
[  6] 954.00-955.00 sec  1.43 MBytes  12.0 Mbits/sec  0.952 ms  2441/4318 (57%)  
[  6] 955.00-956.00 sec  1.43 MBytes  12.0 Mbits/sec  0.634 ms  2114/3988 (53%)  
[  6] 956.00-957.00 sec  1.44 MBytes  12.0 Mbits/sec  0.707 ms  2146/4027 (53%)  
[  6] 957.00-958.00 sec  1.43 MBytes  12.0 Mbits/sec  0.781 ms  3365/5234 (64%)  
[  6] 958.00-959.00 sec  1.49 MBytes  12.5 Mbits/sec  0.844 ms  2963/4920 (60%)  
[  6] 959.00-960.00 sec  1.68 MBytes  14.1 Mbits/sec  0.595 ms  3254/5456 (60%)  
[  6] 960.00-961.00 sec  1.45 MBytes  12.2 Mbits/sec  1.118 ms  2915/4818 (61%)  
[  6] 961.00-962.00 sec  1.50 MBytes  12.6 Mbits/sec  0.600 ms  2891/4855 (60%)  
[  6] 962.00-963.00 sec  1.59 MBytes  13.4 Mbits/sec  0.614 ms  2645/4734 (56%)  
[  6] 963.00-964.00 sec  1.48 MBytes  12.4 Mbits/sec  0.658 ms  2385/4321 (55%)  
[  6] 964.00-965.00 sec  1.57 MBytes  13.2 Mbits/sec  1.076 ms  3050/5113 (60%)  
[  6] 965.00-966.00 sec  1.49 MBytes  12.5 Mbits/sec  1.053 ms  2539/4488 (57%)  
[  6] 966.00-967.00 sec  1.47 MBytes  12.3 Mbits/sec  0.744 ms  2491/4412 (56%)  
[  6] 967.00-968.00 sec  1.48 MBytes  12.4 Mbits/sec  0.611 ms  2610/4549 (57%)  
[  6] 968.00-969.00 sec  1.64 MBytes  13.7 Mbits/sec  0.676 ms  2889/5037 (57%)  
[  6] 969.00-970.00 sec  1.40 MBytes  11.8 Mbits/sec  0.788 ms  2596/4437 (59%)  
[  6] 970.00-971.00 sec  1.30 MBytes  10.9 Mbits/sec  0.921 ms  2442/4145 (59%)  
[  6] 971.00-972.00 sec  1.37 MBytes  11.5 Mbits/sec  0.675 ms  2524/4318 (58%)  
[  6] 972.00-973.00 sec  1.42 MBytes  11.9 Mbits/sec  0.724 ms  2106/3967 (53%)  
[  6] 973.00-974.00 sec  1.43 MBytes  12.0 Mbits/sec  0.838 ms  2877/4756 (60%)  
[  6] 974.00-975.00 sec  1.43 MBytes  12.0 Mbits/sec  0.675 ms  3273/5151 (64%)  
[  6] 975.00-976.00 sec  1.46 MBytes  12.2 Mbits/sec  0.689 ms  3064/4972 (62%)  
[  6] 976.00-976.24 sec   345 KBytes  12.0 Mbits/sec  0.655 ms  670/1111 (60%)  
- - - - - - - - - - - - - - - - - - - - - - - - -
[ ID] Interval           Transfer     Bitrate         Jitter    Lost/Total Datagrams
[  6]   0.00-976.24 sec  0.00 Bytes  0.00 bits/sec  0.000 ms  0/0 (0%)  sender
[  6]   0.00-976.24 sec  1.39 GBytes  12.2 Mbits/sec  0.655 ms  2693860/4557765 (59%)  receiver
iperf3: interrupt - the client has terminated
