Connecting to host 10.45.0.1, port 5212
Reverse mode, remote host 10.45.0.1 is sending
[  6] local 10.45.0.5 port 53833 connected to 10.45.0.1 port 5212
[ ID] Interval           Transfer     Bitrate         Jitter    Lost/Total Datagrams
[  6]   0.00-1.00   sec   750 KBytes  6.14 Mbits/sec  1.088 ms  0/960 (0%)  
[  6]   1.00-2.00   sec   552 KBytes  4.52 Mbits/sec  1.854 ms  0/706 (0%)  
[  6]   2.00-3.00   sec   473 KBytes  3.87 Mbits/sec  1.416 ms  0/605 (0%)  
[  6]   3.00-4.00   sec   875 KBytes  7.17 Mbits/sec  1.221 ms  0/1120 (0%)  
[  6]   4.00-5.00   sec   861 KBytes  7.05 Mbits/sec  1.274 ms  0/1102 (0%)  
[  6]   5.00-6.00   sec   891 KBytes  7.30 Mbits/sec  1.509 ms  0/1141 (0%)  
[  6]   6.00-7.00   sec   743 KBytes  6.09 Mbits/sec  1.033 ms  0/951 (0%)  
[  6]   7.00-8.00   sec   734 KBytes  6.01 Mbits/sec  1.041 ms  0/939 (0%)  
[  6]   8.00-9.00   sec   732 KBytes  6.00 Mbits/sec  0.994 ms  0/937 (0%)  
[  6]   9.00-10.00  sec   727 KBytes  5.95 Mbits/sec  1.392 ms  0/931 (0%)  
[  6]  10.00-11.00  sec   648 KBytes  5.31 Mbits/sec  1.292 ms  0/829 (0%)  
[  6]  11.00-12.00  sec   753 KBytes  6.17 Mbits/sec  1.262 ms  0/964 (0%)  
[  6]  12.00-13.00  sec   802 KBytes  6.57 Mbits/sec  1.044 ms  0/1027 (0%)  
[  6]  13.00-14.00  sec   731 KBytes  5.99 Mbits/sec  1.044 ms  0/936 (0%)  
[  6]  14.00-15.00  sec   702 KBytes  5.76 Mbits/sec  1.639 ms  0/899 (0%)  
[  6]  15.00-16.00  sec   762 KBytes  6.24 Mbits/sec  0.823 ms  0/976 (0%)  
[  6]  16.00-17.00  sec   732 KBytes  6.00 Mbits/sec  1.044 ms  0/937 (0%)  
[  6]  17.00-18.00  sec   733 KBytes  6.00 Mbits/sec  0.931 ms  0/938 (0%)  
[  6]  18.00-19.00  sec   712 KBytes  5.83 Mbits/sec  1.242 ms  0/911 (0%)  
[  6]  19.00-20.00  sec   709 KBytes  5.80 Mbits/sec  1.227 ms  0/907 (0%)  
[  6]  20.00-21.00  sec   777 KBytes  6.37 Mbits/sec  0.855 ms  0/995 (0%)  
[  6]  21.00-22.00  sec   667 KBytes  5.46 Mbits/sec  2.009 ms  0/854 (0%)  
[  6]  22.00-23.00  sec   770 KBytes  6.31 Mbits/sec  1.935 ms  0/986 (0%)  
[  6]  23.00-24.00  sec   759 KBytes  6.22 Mbits/sec  1.076 ms  0/972 (0%)  
[  6]  24.00-25.00  sec   727 KBytes  5.95 Mbits/sec  1.255 ms  0/930 (0%)  
[  6]  25.00-26.00  sec   738 KBytes  6.05 Mbits/sec  1.038 ms  0/945 (0%)  
[  6]  26.00-27.00  sec   733 KBytes  6.00 Mbits/sec  0.866 ms  0/938 (0%)  
[  6]  27.00-28.00  sec   730 KBytes  5.99 Mbits/sec  1.247 ms  0/935 (0%)  
[  6]  28.00-29.00  sec   713 KBytes  5.84 Mbits/sec  1.716 ms  0/913 (0%)  
[  6]  29.00-30.00  sec   696 KBytes  5.70 Mbits/sec  2.007 ms  0/891 (0%)  
[  6]  30.00-31.00  sec   721 KBytes  5.91 Mbits/sec  1.535 ms  0/923 (0%)  
[  6]  31.00-32.00  sec   759 KBytes  6.22 Mbits/sec  1.982 ms  0/971 (0%)  
[  6]  32.00-33.00  sec   632 KBytes  5.18 Mbits/sec  2.529 ms  0/809 (0%)  
[  6]  33.00-34.00  sec   759 KBytes  6.22 Mbits/sec  1.227 ms  0/972 (0%)  
[  6]  34.00-35.00  sec   836 KBytes  6.85 Mbits/sec  1.214 ms  0/1070 (0%)  
[  6]  35.00-36.00  sec   648 KBytes  5.31 Mbits/sec  1.224 ms  0/829 (0%)  
[  6]  36.00-37.00  sec   718 KBytes  5.88 Mbits/sec  1.222 ms  0/919 (0%)  
[  6]  37.00-38.00  sec   777 KBytes  6.37 Mbits/sec  1.182 ms  0/995 (0%)  
[  6]  38.00-39.00  sec   798 KBytes  6.54 Mbits/sec  1.088 ms  0/1022 (0%)  
[  6]  39.00-40.00  sec   705 KBytes  5.77 Mbits/sec  2.306 ms  0/902 (0%)  
[  6]  40.00-41.00  sec   748 KBytes  6.13 Mbits/sec  1.267 ms  0/958 (0%)  
[  6]  41.00-42.00  sec   744 KBytes  6.09 Mbits/sec  0.966 ms  0/952 (0%)  
[  6]  42.00-43.00  sec   729 KBytes  5.97 Mbits/sec  1.384 ms  0/933 (0%)  
[  6]  43.00-44.00  sec   515 KBytes  4.22 Mbits/sec  1.885 ms  0/659 (0%)  
[  6]  44.00-45.00  sec   584 KBytes  4.79 Mbits/sec  2.075 ms  0/748 (0%)  
[  6]  45.00-46.00  sec   666 KBytes  5.46 Mbits/sec  1.875 ms  0/853 (0%)  
[  6]  46.00-47.00  sec   628 KBytes  5.15 Mbits/sec  3.154 ms  0/804 (0%)  
[  6]  47.00-48.00  sec   895 KBytes  7.33 Mbits/sec  1.608 ms  0/1145 (0%)  
[  6]  48.00-49.00  sec   662 KBytes  5.42 Mbits/sec  2.731 ms  0/847 (0%)  
[  6]  49.00-50.00  sec   458 KBytes  3.75 Mbits/sec  2.475 ms  0/586 (0%)  
[  6]  50.00-51.00  sec   651 KBytes  5.33 Mbits/sec  1.552 ms  0/833 (0%)  
[  6]  51.00-52.00  sec   809 KBytes  6.62 Mbits/sec  1.218 ms  0/1035 (0%)  
[  6]  52.00-53.00  sec   745 KBytes  6.10 Mbits/sec  1.536 ms  0/953 (0%)  
[  6]  53.00-54.00  sec   755 KBytes  6.19 Mbits/sec  1.222 ms  0/967 (0%)  
[  6]  54.00-55.00  sec   627 KBytes  5.14 Mbits/sec  1.236 ms  0/803 (0%)  
[  6]  55.00-56.00  sec   668 KBytes  5.47 Mbits/sec  1.295 ms  0/855 (0%)  
[  6]  56.00-57.00  sec   782 KBytes  6.40 Mbits/sec  1.241 ms  0/1001 (0%)  
[  6]  57.00-58.00  sec   784 KBytes  6.43 Mbits/sec  1.330 ms  0/1004 (0%)  
[  6]  58.00-59.00  sec   645 KBytes  5.29 Mbits/sec  1.524 ms  0/826 (0%)  
[  6]  59.00-60.00  sec   664 KBytes  5.44 Mbits/sec  1.214 ms  0/850 (0%)  
[  6]  60.00-61.00  sec   716 KBytes  5.86 Mbits/sec  1.212 ms  0/916 (0%)  
[  6]  61.00-62.00  sec  1000 KBytes  8.19 Mbits/sec  1.224 ms  0/1280 (0%)  
[  6]  62.00-63.00  sec   755 KBytes  6.19 Mbits/sec  1.798 ms  0/967 (0%)  
[  6]  63.00-64.00  sec   860 KBytes  7.04 Mbits/sec  1.218 ms  0/1101 (0%)  
[  6]  64.00-65.00  sec   623 KBytes  5.11 Mbits/sec  1.217 ms  0/798 (0%)  
[  6]  65.00-66.00  sec   802 KBytes  6.57 Mbits/sec  2.574 ms  0/1026 (0%)  
[  6]  66.00-67.00  sec   806 KBytes  6.60 Mbits/sec  1.243 ms  0/1032 (0%)  
[  6]  67.00-68.00  sec   837 KBytes  6.85 Mbits/sec  1.239 ms  0/1071 (0%)  
[  6]  68.00-69.00  sec   996 KBytes  8.16 Mbits/sec  2.019 ms  0/1275 (0%)  
[  6]  69.00-70.00  sec   841 KBytes  6.89 Mbits/sec  1.260 ms  0/1076 (0%)  
[  6]  70.00-71.00  sec   466 KBytes  3.81 Mbits/sec  2.272 ms  0/596 (0%)  
[  6]  71.00-72.00  sec   589 KBytes  4.83 Mbits/sec  2.954 ms  0/754 (0%)  
[  6]  72.00-73.00  sec   632 KBytes  5.18 Mbits/sec  1.244 ms  0/809 (0%)  
[  6]  73.00-74.00  sec   543 KBytes  4.45 Mbits/sec  2.544 ms  0/695 (0%)  
[  6]  74.00-75.00  sec   891 KBytes  7.30 Mbits/sec  1.259 ms  0/1140 (0%)  
[  6]  75.00-76.00  sec   848 KBytes  6.95 Mbits/sec  1.210 ms  0/1086 (0%)  
[  6]  76.00-77.00  sec   923 KBytes  7.56 Mbits/sec  1.234 ms  0/1182 (0%)  
[  6]  77.00-78.00  sec   841 KBytes  6.89 Mbits/sec  2.399 ms  0/1076 (0%)  
[  6]  78.00-79.00  sec   748 KBytes  6.13 Mbits/sec  1.226 ms  0/957 (0%)  
[  6]  79.00-80.00  sec   812 KBytes  6.66 Mbits/sec  1.215 ms  0/1040 (0%)  
[  6]  80.00-81.00  sec   747 KBytes  6.12 Mbits/sec  1.771 ms  0/956 (0%)  
[  6]  81.00-82.00  sec   749 KBytes  6.14 Mbits/sec  1.326 ms  0/959 (0%)  
[  6]  82.00-83.00  sec   715 KBytes  5.86 Mbits/sec  1.225 ms  0/915 (0%)  
[  6]  83.00-84.00  sec   648 KBytes  5.31 Mbits/sec  1.423 ms  0/829 (0%)  
[  6]  84.00-85.00  sec   723 KBytes  5.93 Mbits/sec  2.142 ms  0/926 (0%)  
[  6]  85.00-86.00  sec   643 KBytes  5.27 Mbits/sec  1.180 ms  0/823 (0%)  
[  6]  86.00-87.00  sec   698 KBytes  5.72 Mbits/sec  2.065 ms  0/893 (0%)  
[  6]  87.00-88.00  sec   636 KBytes  5.21 Mbits/sec  1.258 ms  0/814 (0%)  
[  6]  88.00-89.00  sec   917 KBytes  7.51 Mbits/sec  1.406 ms  0/1174 (0%)  
[  6]  89.00-90.00  sec   885 KBytes  7.25 Mbits/sec  0.963 ms  0/1133 (0%)  
[  6]  90.00-91.00  sec   733 KBytes  6.00 Mbits/sec  1.155 ms  0/938 (0%)  
[  6]  91.00-92.00  sec   730 KBytes  5.98 Mbits/sec  1.402 ms  0/935 (0%)  
[  6]  92.00-93.00  sec   735 KBytes  6.02 Mbits/sec  0.908 ms  0/941 (0%)  
[  6]  93.00-94.00  sec   731 KBytes  5.99 Mbits/sec  1.233 ms  0/936 (0%)  
[  6]  94.00-95.00  sec   731 KBytes  5.99 Mbits/sec  1.298 ms  0/936 (0%)  
[  6]  95.00-96.00  sec   727 KBytes  5.96 Mbits/sec  1.392 ms  0/931 (0%)  
[  6]  96.00-97.00  sec   735 KBytes  6.02 Mbits/sec  1.325 ms  0/941 (0%)  
[  6]  97.00-98.00  sec   737 KBytes  6.03 Mbits/sec  0.962 ms  0/943 (0%)  
[  6]  98.00-99.00  sec   732 KBytes  6.00 Mbits/sec  0.947 ms  0/937 (0%)  
[  6]  99.00-100.00 sec   732 KBytes  6.00 Mbits/sec  0.880 ms  0/937 (0%)  
[  6] 100.00-101.00 sec   734 KBytes  6.01 Mbits/sec  1.085 ms  0/939 (0%)  
[  6] 101.00-102.00 sec   732 KBytes  6.00 Mbits/sec  0.857 ms  0/937 (0%)  
[  6] 102.00-103.00 sec   734 KBytes  6.01 Mbits/sec  0.900 ms  0/939 (0%)  
[  6] 103.00-104.00 sec   731 KBytes  5.99 Mbits/sec  0.801 ms  0/936 (0%)  
[  6] 104.00-105.00 sec   732 KBytes  6.00 Mbits/sec  0.937 ms  0/937 (0%)  
[  6] 105.00-106.00 sec   733 KBytes  6.01 Mbits/sec  1.044 ms  0/938 (0%)  
[  6] 106.00-107.00 sec   732 KBytes  6.00 Mbits/sec  1.067 ms  0/937 (0%)  
[  6] 107.00-108.00 sec   733 KBytes  6.00 Mbits/sec  0.935 ms  0/938 (0%)  
[  6] 108.00-109.00 sec   731 KBytes  5.99 Mbits/sec  1.064 ms  0/936 (0%)  
[  6] 109.00-110.00 sec   734 KBytes  6.01 Mbits/sec  0.845 ms  0/940 (0%)  
[  6] 110.00-111.00 sec   732 KBytes  6.00 Mbits/sec  1.041 ms  0/937 (0%)  
[  6] 111.00-112.00 sec   732 KBytes  5.99 Mbits/sec  0.796 ms  0/937 (0%)  
[  6] 112.00-113.00 sec   732 KBytes  6.00 Mbits/sec  1.044 ms  0/937 (0%)  
[  6] 113.00-114.00 sec   733 KBytes  6.00 Mbits/sec  0.884 ms  0/938 (0%)  
[  6] 114.00-115.00 sec   730 KBytes  5.98 Mbits/sec  0.941 ms  0/935 (0%)  
[  6] 115.00-116.00 sec   734 KBytes  6.02 Mbits/sec  1.040 ms  0/940 (0%)  
[  6] 116.00-117.00 sec   731 KBytes  5.99 Mbits/sec  0.798 ms  0/936 (0%)  
[  6] 117.00-118.00 sec   734 KBytes  6.01 Mbits/sec  0.839 ms  0/939 (0%)  
[  6] 118.00-119.00 sec   732 KBytes  5.99 Mbits/sec  1.029 ms  0/937 (0%)  
[  6] 119.00-120.00 sec   733 KBytes  6.01 Mbits/sec  0.868 ms  0/938 (0%)  
[  6] 120.00-121.00 sec   733 KBytes  6.00 Mbits/sec  0.774 ms  0/938 (0%)  
[  6] 121.00-122.00 sec   732 KBytes  5.99 Mbits/sec  0.777 ms  0/937 (0%)  
[  6] 122.00-123.00 sec   732 KBytes  6.00 Mbits/sec  1.112 ms  0/937 (0%)  
[  6] 123.00-124.00 sec   732 KBytes  6.00 Mbits/sec  1.025 ms  0/937 (0%)  
[  6] 124.00-125.00 sec   733 KBytes  6.00 Mbits/sec  0.901 ms  0/938 (0%)  
[  6] 125.00-126.00 sec   731 KBytes  5.99 Mbits/sec  1.055 ms  0/936 (0%)  
[  6] 126.00-127.00 sec   734 KBytes  6.02 Mbits/sec  1.330 ms  0/940 (0%)  
[  6] 127.00-128.00 sec   732 KBytes  6.00 Mbits/sec  0.853 ms  0/937 (0%)  
[  6] 128.00-129.00 sec   731 KBytes  5.99 Mbits/sec  1.052 ms  0/936 (0%)  
[  6] 129.00-130.00 sec   734 KBytes  6.01 Mbits/sec  0.894 ms  0/940 (0%)  
[  6] 130.00-131.00 sec   731 KBytes  5.99 Mbits/sec  0.984 ms  0/936 (0%)  
[  6] 131.00-132.00 sec   732 KBytes  6.00 Mbits/sec  1.030 ms  0/937 (0%)  
[  6] 132.00-133.00 sec   733 KBytes  6.00 Mbits/sec  0.799 ms  0/938 (0%)  
[  6] 133.00-134.00 sec   733 KBytes  6.00 Mbits/sec  0.936 ms  0/938 (0%)  
[  6] 134.00-135.00 sec   733 KBytes  6.00 Mbits/sec  0.848 ms  0/938 (0%)  
[  6] 135.00-136.00 sec   731 KBytes  5.99 Mbits/sec  0.882 ms  0/936 (0%)  
[  6] 136.00-137.00 sec   732 KBytes  6.00 Mbits/sec  1.050 ms  0/937 (0%)  
[  6] 137.00-138.00 sec   734 KBytes  6.01 Mbits/sec  1.036 ms  0/939 (0%)  
[  6] 138.00-139.00 sec   732 KBytes  6.00 Mbits/sec  0.808 ms  0/937 (0%)  
[  6] 139.00-140.00 sec   733 KBytes  6.00 Mbits/sec  1.034 ms  0/938 (0%)  
[  6] 140.00-141.00 sec   731 KBytes  5.99 Mbits/sec  1.039 ms  0/936 (0%)  
[  6] 141.00-142.00 sec   733 KBytes  6.00 Mbits/sec  1.037 ms  0/938 (0%)  
[  6] 142.00-143.00 sec   733 KBytes  6.00 Mbits/sec  1.034 ms  0/938 (0%)  
[  6] 143.00-144.00 sec   734 KBytes  6.01 Mbits/sec  0.830 ms  0/939 (0%)  
[  6] 144.00-145.00 sec   731 KBytes  5.99 Mbits/sec  1.043 ms  0/936 (0%)  
[  6] 145.00-146.00 sec   733 KBytes  6.00 Mbits/sec  0.821 ms  0/938 (0%)  
[  6] 146.00-147.00 sec   733 KBytes  6.00 Mbits/sec  0.984 ms  0/938 (0%)  
[  6] 147.00-148.00 sec   732 KBytes  6.00 Mbits/sec  1.049 ms  0/937 (0%)  
[  6] 148.00-149.00 sec   732 KBytes  6.00 Mbits/sec  1.040 ms  0/937 (0%)  
[  6] 149.00-150.00 sec   733 KBytes  6.00 Mbits/sec  1.024 ms  0/938 (0%)  
[  6] 150.00-151.00 sec   733 KBytes  6.00 Mbits/sec  0.935 ms  0/938 (0%)  
[  6] 151.00-152.00 sec   732 KBytes  6.00 Mbits/sec  0.828 ms  0/937 (0%)  
[  6] 152.00-153.00 sec   732 KBytes  6.00 Mbits/sec  0.832 ms  0/937 (0%)  
[  6] 153.00-154.00 sec   732 KBytes  6.00 Mbits/sec  1.005 ms  0/937 (0%)  
[  6] 154.00-155.00 sec   733 KBytes  6.00 Mbits/sec  1.041 ms  0/938 (0%)  
[  6] 155.00-156.00 sec   732 KBytes  6.00 Mbits/sec  1.050 ms  0/937 (0%)  
[  6] 156.00-157.00 sec   733 KBytes  6.01 Mbits/sec  0.957 ms  0/938 (0%)  
[  6] 157.00-158.00 sec   733 KBytes  6.00 Mbits/sec  0.980 ms  0/938 (0%)  
[  6] 158.00-159.00 sec   731 KBytes  5.99 Mbits/sec  0.810 ms  0/936 (0%)  
[  6] 159.00-160.00 sec   733 KBytes  6.00 Mbits/sec  1.039 ms  0/938 (0%)  
[  6] 160.00-161.00 sec   733 KBytes  6.00 Mbits/sec  0.814 ms  0/938 (0%)  
[  6] 161.00-162.00 sec   733 KBytes  6.00 Mbits/sec  0.973 ms  0/938 (0%)  
[  6] 162.00-163.00 sec   732 KBytes  6.00 Mbits/sec  0.875 ms  0/937 (0%)  
[  6] 163.00-164.00 sec   732 KBytes  6.00 Mbits/sec  0.810 ms  0/937 (0%)  
[  6] 164.00-165.00 sec   733 KBytes  6.00 Mbits/sec  0.903 ms  0/938 (0%)  
[  6] 165.00-166.00 sec   732 KBytes  6.00 Mbits/sec  0.839 ms  0/937 (0%)  
[  6] 166.00-167.00 sec   733 KBytes  6.00 Mbits/sec  1.049 ms  0/938 (0%)  
[  6] 167.00-168.00 sec   731 KBytes  5.99 Mbits/sec  1.028 ms  0/936 (0%)  
[  6] 168.00-169.00 sec   733 KBytes  6.00 Mbits/sec  0.817 ms  0/938 (0%)  
[  6] 169.00-170.00 sec   734 KBytes  6.01 Mbits/sec  1.034 ms  0/939 (0%)  
[  6] 170.00-171.00 sec   732 KBytes  6.00 Mbits/sec  0.811 ms  0/937 (0%)  
[  6] 171.00-172.00 sec   733 KBytes  6.00 Mbits/sec  1.039 ms  0/938 (0%)  
[  6] 172.00-173.00 sec   731 KBytes  5.99 Mbits/sec  1.045 ms  0/936 (0%)  
[  6] 173.00-174.00 sec   732 KBytes  6.00 Mbits/sec  1.041 ms  0/937 (0%)  
[  6] 174.00-175.00 sec   734 KBytes  6.01 Mbits/sec  1.031 ms  0/939 (0%)  
[  6] 175.00-176.00 sec   732 KBytes  6.00 Mbits/sec  0.884 ms  0/937 (0%)  
[  6] 176.00-177.00 sec   733 KBytes  6.00 Mbits/sec  0.798 ms  0/938 (0%)  
[  6] 177.00-178.00 sec   732 KBytes  6.00 Mbits/sec  1.032 ms  0/937 (0%)  
[  6] 178.00-179.00 sec   734 KBytes  6.01 Mbits/sec  1.035 ms  0/939 (0%)  
[  6] 179.00-180.00 sec   730 KBytes  5.99 Mbits/sec  1.023 ms  0/935 (0%)  
[  6] 180.00-181.00 sec   734 KBytes  6.01 Mbits/sec  1.043 ms  0/939 (0%)  
[  6] 181.00-182.00 sec   733 KBytes  6.00 Mbits/sec  0.982 ms  0/938 (0%)  
[  6] 182.00-183.00 sec   732 KBytes  6.00 Mbits/sec  0.865 ms  0/937 (0%)  
[  6] 183.00-184.00 sec   732 KBytes  6.00 Mbits/sec  1.035 ms  0/937 (0%)  
[  6] 184.00-185.00 sec   733 KBytes  6.00 Mbits/sec  1.049 ms  0/938 (0%)  
[  6] 185.00-186.00 sec   733 KBytes  6.00 Mbits/sec  1.081 ms  0/938 (0%)  
[  6] 186.00-187.00 sec   732 KBytes  6.00 Mbits/sec  1.031 ms  0/937 (0%)  
[  6] 187.00-188.00 sec   732 KBytes  6.00 Mbits/sec  1.073 ms  0/937 (0%)  
[  6] 188.00-189.00 sec   733 KBytes  6.00 Mbits/sec  1.059 ms  0/938 (0%)  
[  6] 189.00-190.00 sec   731 KBytes  5.99 Mbits/sec  1.064 ms  0/936 (0%)  
[  6] 190.00-191.00 sec   733 KBytes  6.00 Mbits/sec  0.969 ms  0/938 (0%)  
[  6] 191.00-192.00 sec   733 KBytes  6.00 Mbits/sec  1.012 ms  0/938 (0%)  
[  6] 192.00-193.00 sec   733 KBytes  6.00 Mbits/sec  1.084 ms  0/938 (0%)  
[  6] 193.00-194.00 sec   732 KBytes  6.00 Mbits/sec  0.791 ms  0/937 (0%)  
[  6] 194.00-195.00 sec   732 KBytes  6.00 Mbits/sec  0.860 ms  0/937 (0%)  
[  6] 195.00-196.00 sec   732 KBytes  6.00 Mbits/sec  1.027 ms  0/937 (0%)  
[  6] 196.00-197.00 sec   734 KBytes  6.01 Mbits/sec  0.819 ms  0/939 (0%)  
[  6] 197.00-198.00 sec   733 KBytes  6.00 Mbits/sec  1.048 ms  0/938 (0%)  
[  6] 198.00-199.00 sec   733 KBytes  6.00 Mbits/sec  1.016 ms  0/938 (0%)  
[  6] 199.00-200.00 sec   733 KBytes  6.00 Mbits/sec  1.039 ms  0/938 (0%)  
[  6] 200.00-201.00 sec   732 KBytes  6.00 Mbits/sec  0.980 ms  0/937 (0%)  
[  6] 201.00-202.00 sec   732 KBytes  6.00 Mbits/sec  0.976 ms  0/937 (0%)  
[  6] 202.00-203.00 sec   732 KBytes  6.00 Mbits/sec  0.881 ms  0/937 (0%)  
[  6] 203.00-204.00 sec   733 KBytes  6.00 Mbits/sec  0.779 ms  0/938 (0%)  
[  6] 204.00-205.00 sec   732 KBytes  6.00 Mbits/sec  1.026 ms  0/937 (0%)  
[  6] 205.00-206.00 sec   732 KBytes  6.00 Mbits/sec  0.927 ms  0/937 (0%)  
[  6] 206.00-207.00 sec   732 KBytes  6.00 Mbits/sec  1.047 ms  0/937 (0%)  
[  6] 207.00-208.00 sec   734 KBytes  6.01 Mbits/sec  1.051 ms  0/939 (0%)  
[  6] 208.00-209.00 sec   733 KBytes  6.00 Mbits/sec  1.050 ms  0/938 (0%)  
[  6] 209.00-210.00 sec   731 KBytes  5.99 Mbits/sec  0.889 ms  0/936 (0%)  
[  6] 210.00-211.00 sec   732 KBytes  6.00 Mbits/sec  0.868 ms  0/937 (0%)  
[  6] 211.00-212.00 sec   734 KBytes  6.01 Mbits/sec  1.067 ms  0/939 (0%)  
[  6] 212.00-213.00 sec   732 KBytes  5.99 Mbits/sec  1.028 ms  0/937 (0%)  
[  6] 213.00-214.00 sec   733 KBytes  6.01 Mbits/sec  1.016 ms  0/938 (0%)  
[  6] 214.00-215.00 sec   733 KBytes  6.00 Mbits/sec  0.977 ms  0/938 (0%)  
[  6] 215.00-216.00 sec   731 KBytes  5.99 Mbits/sec  1.043 ms  0/936 (0%)  
[  6] 216.00-217.00 sec   734 KBytes  6.01 Mbits/sec  1.040 ms  0/939 (0%)  
[  6] 217.00-218.00 sec   731 KBytes  5.99 Mbits/sec  1.016 ms  0/936 (0%)  
[  6] 218.00-219.00 sec   732 KBytes  6.00 Mbits/sec  1.042 ms  0/937 (0%)  
[  6] 219.00-220.00 sec   733 KBytes  6.00 Mbits/sec  1.038 ms  0/938 (0%)  
[  6] 220.00-221.00 sec   733 KBytes  6.00 Mbits/sec  1.051 ms  0/938 (0%)  
[  6] 221.00-222.00 sec   733 KBytes  6.00 Mbits/sec  1.006 ms  0/938 (0%)  
[  6] 222.00-223.00 sec   731 KBytes  5.99 Mbits/sec  1.032 ms  0/936 (0%)  
[  6] 223.00-224.00 sec   733 KBytes  6.00 Mbits/sec  1.037 ms  0/938 (0%)  
[  6] 224.00-225.00 sec   733 KBytes  6.00 Mbits/sec  1.020 ms  0/938 (0%)  
[  6] 225.00-226.00 sec   732 KBytes  6.00 Mbits/sec  0.901 ms  0/937 (0%)  
[  6] 226.00-227.00 sec   732 KBytes  6.00 Mbits/sec  1.038 ms  0/938 (0%)  
[  6] 227.00-228.00 sec   732 KBytes  5.99 Mbits/sec  1.036 ms  0/937 (0%)  
[  6] 228.00-229.00 sec   734 KBytes  6.01 Mbits/sec  1.024 ms  0/939 (0%)  
[  6] 229.00-230.00 sec   731 KBytes  5.99 Mbits/sec  0.950 ms  0/936 (0%)  
[  6] 230.00-231.00 sec   733 KBytes  6.00 Mbits/sec  0.961 ms  0/938 (0%)  
[  6] 231.00-232.00 sec   731 KBytes  5.99 Mbits/sec  0.848 ms  0/936 (0%)  
[  6] 232.00-233.00 sec   733 KBytes  6.00 Mbits/sec  0.789 ms  0/938 (0%)  
[  6] 233.00-234.00 sec   733 KBytes  6.00 Mbits/sec  1.031 ms  0/938 (0%)  
[  6] 234.00-235.00 sec   734 KBytes  6.01 Mbits/sec  0.920 ms  0/939 (0%)  
[  6] 235.00-236.00 sec   733 KBytes  6.00 Mbits/sec  1.044 ms  0/938 (0%)  
[  6] 236.00-237.00 sec   731 KBytes  5.99 Mbits/sec  0.920 ms  0/936 (0%)  
[  6] 237.00-238.00 sec   731 KBytes  5.99 Mbits/sec  0.937 ms  0/936 (0%)  
[  6] 238.00-239.00 sec   734 KBytes  6.01 Mbits/sec  1.056 ms  0/939 (0%)  
[  6] 239.00-240.00 sec   732 KBytes  6.00 Mbits/sec  1.036 ms  0/937 (0%)  
[  6] 240.00-241.00 sec   732 KBytes  6.00 Mbits/sec  0.854 ms  0/937 (0%)  
[  6] 241.00-242.00 sec   734 KBytes  6.01 Mbits/sec  0.870 ms  0/940 (0%)  
[  6] 242.00-243.00 sec   731 KBytes  5.99 Mbits/sec  1.017 ms  0/936 (0%)  
[  6] 243.00-244.00 sec   731 KBytes  5.99 Mbits/sec  1.101 ms  0/936 (0%)  
[  6] 244.00-245.00 sec   734 KBytes  6.01 Mbits/sec  0.998 ms  0/940 (0%)  
[  6] 245.00-246.00 sec   731 KBytes  5.99 Mbits/sec  1.060 ms  0/936 (0%)  
[  6] 246.00-247.00 sec   731 KBytes  5.99 Mbits/sec  1.046 ms  0/936 (0%)  
[  6] 247.00-248.00 sec   734 KBytes  6.01 Mbits/sec  1.021 ms  0/939 (0%)  
[  6] 248.00-249.00 sec   732 KBytes  6.00 Mbits/sec  0.914 ms  0/937 (0%)  
[  6] 249.00-250.00 sec   733 KBytes  6.00 Mbits/sec  1.048 ms  0/938 (0%)  
[  6] 250.00-251.00 sec   734 KBytes  6.01 Mbits/sec  0.841 ms  0/939 (0%)  
[  6] 251.00-252.00 sec   732 KBytes  6.00 Mbits/sec  1.035 ms  0/937 (0%)  
[  6] 252.00-253.00 sec   733 KBytes  6.00 Mbits/sec  1.037 ms  0/938 (0%)  
[  6] 253.00-254.00 sec   732 KBytes  6.00 Mbits/sec  0.962 ms  0/937 (0%)  
[  6] 254.00-255.00 sec   732 KBytes  6.00 Mbits/sec  0.990 ms  0/937 (0%)  
[  6] 255.00-256.00 sec   732 KBytes  5.99 Mbits/sec  1.041 ms  0/937 (0%)  
[  6] 256.00-257.00 sec   733 KBytes  6.01 Mbits/sec  0.855 ms  0/938 (0%)  
[  6] 257.00-258.00 sec   734 KBytes  6.01 Mbits/sec  1.101 ms  0/939 (0%)  
[  6] 258.00-259.00 sec   732 KBytes  6.00 Mbits/sec  0.802 ms  0/937 (0%)  
[  6] 259.00-260.00 sec   731 KBytes  5.99 Mbits/sec  0.871 ms  0/936 (0%)  
[  6] 260.00-261.00 sec   733 KBytes  6.00 Mbits/sec  0.805 ms  0/938 (0%)  
[  6] 261.00-262.00 sec   733 KBytes  6.00 Mbits/sec  1.035 ms  0/938 (0%)  
[  6] 262.00-263.00 sec   732 KBytes  6.00 Mbits/sec  1.014 ms  0/937 (0%)  
[  6] 263.00-264.00 sec   733 KBytes  6.00 Mbits/sec  1.051 ms  0/938 (0%)  
[  6] 264.00-265.00 sec   732 KBytes  6.00 Mbits/sec  1.061 ms  0/937 (0%)  
[  6] 265.00-266.00 sec   732 KBytes  5.99 Mbits/sec  1.054 ms  0/937 (0%)  
[  6] 266.00-267.00 sec   731 KBytes  5.99 Mbits/sec  1.045 ms  0/936 (0%)  
[  6] 267.00-268.00 sec   734 KBytes  6.01 Mbits/sec  0.923 ms  0/939 (0%)  
[  6] 268.00-269.00 sec   732 KBytes  6.00 Mbits/sec  0.925 ms  0/937 (0%)  
[  6] 269.00-270.00 sec   733 KBytes  6.00 Mbits/sec  0.991 ms  0/938 (0%)  
[  6] 270.00-271.00 sec   734 KBytes  6.01 Mbits/sec  0.783 ms  0/939 (0%)  
[  6] 271.00-272.00 sec   731 KBytes  5.99 Mbits/sec  0.830 ms  0/936 (0%)  
[  6] 272.00-273.00 sec   732 KBytes  6.00 Mbits/sec  1.057 ms  0/937 (0%)  
[  6] 273.00-274.00 sec   733 KBytes  6.00 Mbits/sec  0.990 ms  0/938 (0%)  
[  6] 274.00-275.00 sec   732 KBytes  6.00 Mbits/sec  1.053 ms  0/937 (0%)  
[  6] 275.00-276.00 sec   732 KBytes  6.00 Mbits/sec  0.933 ms  0/937 (0%)  
[  6] 276.00-277.00 sec   734 KBytes  6.01 Mbits/sec  0.877 ms  0/940 (0%)  
[  6] 277.00-278.00 sec   730 KBytes  5.99 Mbits/sec  0.813 ms  0/935 (0%)  
[  6] 278.00-279.00 sec   733 KBytes  6.00 Mbits/sec  0.869 ms  0/938 (0%)  
[  6] 279.00-280.00 sec   733 KBytes  6.00 Mbits/sec  1.021 ms  0/938 (0%)  
[  6] 280.00-281.00 sec   731 KBytes  5.99 Mbits/sec  1.031 ms  0/936 (0%)  
[  6] 281.00-282.00 sec   734 KBytes  6.01 Mbits/sec  0.833 ms  0/939 (0%)  
[  6] 282.00-283.00 sec   734 KBytes  6.01 Mbits/sec  1.046 ms  0/939 (0%)  
[  6] 283.00-284.00 sec   732 KBytes  6.00 Mbits/sec  0.860 ms  0/937 (0%)  
[  6] 284.00-285.00 sec   732 KBytes  6.00 Mbits/sec  0.997 ms  0/937 (0%)  
[  6] 285.00-286.00 sec   733 KBytes  6.00 Mbits/sec  0.846 ms  0/938 (0%)  
[  6] 286.00-287.00 sec   732 KBytes  6.00 Mbits/sec  0.781 ms  0/937 (0%)  
[  6] 287.00-288.00 sec   732 KBytes  6.00 Mbits/sec  0.943 ms  0/937 (0%)  
[  6] 288.00-289.00 sec   733 KBytes  6.00 Mbits/sec  1.071 ms  0/938 (0%)  
[  6] 289.00-290.00 sec   733 KBytes  6.00 Mbits/sec  1.036 ms  0/938 (0%)  
[  6] 290.00-291.00 sec   731 KBytes  5.99 Mbits/sec  1.041 ms  0/936 (0%)  
[  6] 291.00-292.00 sec   733 KBytes  6.00 Mbits/sec  0.970 ms  0/938 (0%)  
[  6] 292.00-293.00 sec   731 KBytes  5.99 Mbits/sec  0.907 ms  0/938 (0%)  
[  6] 293.00-294.00 sec   732 KBytes  6.00 Mbits/sec  0.846 ms  0/937 (0%)  
[  6] 294.00-295.00 sec   733 KBytes  6.00 Mbits/sec  0.887 ms  0/938 (0%)  
[  6] 295.00-296.00 sec   732 KBytes  6.00 Mbits/sec  1.013 ms  0/937 (0%)  
[  6] 296.00-297.00 sec   731 KBytes  5.99 Mbits/sec  1.036 ms  0/936 (0%)  
[  6] 297.00-298.00 sec   734 KBytes  6.01 Mbits/sec  0.996 ms  0/939 (0%)  
[  6] 298.00-299.00 sec   733 KBytes  6.00 Mbits/sec  1.046 ms  0/938 (0%)  
[  6] 299.00-300.00 sec   733 KBytes  6.00 Mbits/sec  1.060 ms  0/938 (0%)  
[  6] 300.00-301.00 sec   731 KBytes  5.99 Mbits/sec  0.904 ms  0/936 (0%)  
[  6] 301.00-302.00 sec   734 KBytes  6.01 Mbits/sec  1.041 ms  0/939 (0%)  
[  6] 302.00-303.00 sec   732 KBytes  6.00 Mbits/sec  1.005 ms  0/937 (0%)  
[  6] 303.00-304.00 sec   732 KBytes  6.00 Mbits/sec  0.850 ms  0/937 (0%)  
[  6] 304.00-305.00 sec   731 KBytes  5.99 Mbits/sec  1.030 ms  0/936 (0%)  
[  6] 305.00-306.00 sec   734 KBytes  6.01 Mbits/sec  0.963 ms  0/940 (0%)  
[  6] 306.00-307.00 sec   732 KBytes  6.00 Mbits/sec  0.872 ms  0/937 (0%)  
[  6] 307.00-308.00 sec   734 KBytes  6.01 Mbits/sec  0.835 ms  0/939 (0%)  
[  6] 308.00-309.00 sec   731 KBytes  5.99 Mbits/sec  1.080 ms  0/936 (0%)  
[  6] 309.00-310.00 sec   733 KBytes  6.00 Mbits/sec  1.038 ms  0/938 (0%)  
[  6] 310.00-311.00 sec   733 KBytes  6.00 Mbits/sec  0.991 ms  0/938 (0%)  
[  6] 311.00-312.00 sec   731 KBytes  5.99 Mbits/sec  0.992 ms  0/936 (0%)  
[  6] 312.00-313.00 sec   732 KBytes  6.00 Mbits/sec  1.030 ms  0/937 (0%)  
[  6] 313.00-314.00 sec   734 KBytes  6.01 Mbits/sec  0.855 ms  0/939 (0%)  
[  6] 314.00-315.00 sec   733 KBytes  6.00 Mbits/sec  0.986 ms  0/938 (0%)  
[  6] 315.00-316.00 sec   731 KBytes  5.99 Mbits/sec  1.107 ms  0/936 (0%)  
[  6] 316.00-317.00 sec   733 KBytes  6.00 Mbits/sec  1.052 ms  0/938 (0%)  
[  6] 317.00-318.00 sec   732 KBytes  6.00 Mbits/sec  0.958 ms  0/937 (0%)  
[  6] 318.00-319.00 sec   732 KBytes  6.00 Mbits/sec  0.940 ms  0/937 (0%)  
[  6] 319.00-320.00 sec   734 KBytes  6.01 Mbits/sec  0.958 ms  0/939 (0%)  
[  6] 320.00-321.00 sec   733 KBytes  6.00 Mbits/sec  0.840 ms  0/938 (0%)  
[  6] 321.00-322.00 sec   731 KBytes  5.99 Mbits/sec  1.072 ms  0/936 (0%)  
[  6] 322.00-323.00 sec   733 KBytes  6.00 Mbits/sec  1.037 ms  0/938 (0%)  
[  6] 323.00-324.00 sec   733 KBytes  6.00 Mbits/sec  0.911 ms  0/938 (0%)  
[  6] 324.00-325.00 sec   733 KBytes  6.00 Mbits/sec  0.842 ms  0/938 (0%)  
[  6] 325.00-326.00 sec   732 KBytes  6.00 Mbits/sec  0.804 ms  0/937 (0%)  
[  6] 326.00-327.00 sec   731 KBytes  5.99 Mbits/sec  0.945 ms  0/936 (0%)  
[  6] 327.00-328.00 sec   732 KBytes  6.00 Mbits/sec  1.043 ms  0/937 (0%)  
[  6] 328.00-329.00 sec   734 KBytes  6.01 Mbits/sec  1.039 ms  0/939 (0%)  
[  6] 329.00-330.00 sec   732 KBytes  6.00 Mbits/sec  1.016 ms  0/938 (0%)  
[  6] 330.00-331.00 sec   733 KBytes  6.00 Mbits/sec  0.837 ms  0/938 (0%)  
[  6] 331.00-332.00 sec   732 KBytes  5.99 Mbits/sec  0.843 ms  0/937 (0%)  
[  6] 332.00-333.00 sec   731 KBytes  5.99 Mbits/sec  1.051 ms  0/936 (0%)  
[  6] 333.00-334.00 sec   733 KBytes  6.00 Mbits/sec  1.096 ms  0/938 (0%)  
[  6] 334.00-335.00 sec   733 KBytes  6.00 Mbits/sec  0.919 ms  0/938 (0%)  
[  6] 335.00-336.00 sec   733 KBytes  6.00 Mbits/sec  0.936 ms  0/938 (0%)  
[  6] 336.00-337.00 sec   733 KBytes  6.00 Mbits/sec  0.895 ms  0/938 (0%)  
[  6] 337.00-338.00 sec   732 KBytes  6.00 Mbits/sec  0.818 ms  0/937 (0%)  
[  6] 338.00-339.00 sec   731 KBytes  5.99 Mbits/sec  1.036 ms  0/936 (0%)  
[  6] 339.00-340.00 sec   734 KBytes  6.02 Mbits/sec  1.041 ms  0/940 (0%)  
[  6] 340.00-341.00 sec   730 KBytes  5.98 Mbits/sec  0.987 ms  0/935 (0%)  
[  6] 341.00-342.00 sec   734 KBytes  6.01 Mbits/sec  1.028 ms  0/939 (0%)  
[  6] 342.00-343.00 sec   731 KBytes  5.99 Mbits/sec  0.905 ms  0/936 (0%)  
[  6] 343.00-344.00 sec   734 KBytes  6.01 Mbits/sec  0.879 ms  0/939 (0%)  
[  6] 344.00-345.00 sec   733 KBytes  6.00 Mbits/sec  0.872 ms  0/938 (0%)  
[  6] 345.00-346.00 sec   731 KBytes  5.99 Mbits/sec  1.040 ms  0/936 (0%)  
[  6] 346.00-347.00 sec   733 KBytes  6.01 Mbits/sec  0.861 ms  0/938 (0%)  
[  6] 347.00-348.00 sec   733 KBytes  6.00 Mbits/sec  0.955 ms  0/938 (0%)  
[  6] 348.00-349.00 sec   732 KBytes  6.00 Mbits/sec  0.843 ms  0/937 (0%)  
[  6] 349.00-350.00 sec   733 KBytes  6.00 Mbits/sec  0.832 ms  0/938 (0%)  
[  6] 350.00-351.00 sec   731 KBytes  5.99 Mbits/sec  1.066 ms  0/936 (0%)  
[  6] 351.00-352.00 sec   732 KBytes  6.00 Mbits/sec  1.049 ms  0/937 (0%)  
[  6] 352.00-353.00 sec   734 KBytes  6.01 Mbits/sec  0.961 ms  0/939 (0%)  
[  6] 353.00-354.00 sec   732 KBytes  6.00 Mbits/sec  1.039 ms  0/937 (0%)  
[  6] 354.00-355.00 sec   732 KBytes  6.00 Mbits/sec  0.914 ms  0/937 (0%)  
[  6] 355.00-356.00 sec   734 KBytes  6.01 Mbits/sec  1.032 ms  0/939 (0%)  
[  6] 356.00-357.00 sec   731 KBytes  5.99 Mbits/sec  0.846 ms  0/936 (0%)  
[  6] 357.00-358.00 sec   734 KBytes  6.02 Mbits/sec  1.004 ms  0/940 (0%)  
[  6] 358.00-359.00 sec   730 KBytes  5.98 Mbits/sec  1.043 ms  0/935 (0%)  
[  6] 359.00-360.00 sec   732 KBytes  5.99 Mbits/sec  0.818 ms  0/937 (0%)  
[  6] 360.00-361.00 sec   734 KBytes  6.02 Mbits/sec  0.929 ms  0/940 (0%)  
[  6] 361.00-362.00 sec   732 KBytes  6.00 Mbits/sec  0.779 ms  0/937 (0%)  
[  6] 362.00-363.00 sec   731 KBytes  5.99 Mbits/sec  1.055 ms  0/936 (0%)  
[  6] 363.00-364.00 sec   733 KBytes  6.00 Mbits/sec  0.847 ms  0/938 (0%)  
[  6] 364.00-365.00 sec   732 KBytes  6.00 Mbits/sec  1.054 ms  0/937 (0%)  
[  6] 365.00-366.00 sec   733 KBytes  6.00 Mbits/sec  1.038 ms  0/938 (0%)  
[  6] 366.00-367.00 sec   732 KBytes  6.00 Mbits/sec  1.009 ms  0/937 (0%)  
[  6] 367.00-368.00 sec   734 KBytes  6.01 Mbits/sec  1.064 ms  0/939 (0%)  
[  6] 368.00-369.00 sec   732 KBytes  6.00 Mbits/sec  1.032 ms  0/937 (0%)  
[  6] 369.00-370.00 sec   733 KBytes  6.00 Mbits/sec  1.042 ms  0/938 (0%)  
[  6] 370.00-371.00 sec   732 KBytes  6.00 Mbits/sec  0.943 ms  0/937 (0%)  
[  6] 371.00-372.00 sec   733 KBytes  6.00 Mbits/sec  0.816 ms  0/938 (0%)  
[  6] 372.00-373.00 sec   732 KBytes  6.00 Mbits/sec  0.853 ms  0/937 (0%)  
[  6] 373.00-374.00 sec   734 KBytes  6.01 Mbits/sec  0.817 ms  0/939 (0%)  
[  6] 374.00-375.00 sec   730 KBytes  5.98 Mbits/sec  1.038 ms  0/935 (0%)  
[  6] 375.00-376.00 sec   734 KBytes  6.01 Mbits/sec  1.014 ms  0/939 (0%)  
[  6] 376.00-377.00 sec   731 KBytes  5.99 Mbits/sec  0.850 ms  0/936 (0%)  
[  6] 377.00-378.00 sec   734 KBytes  6.01 Mbits/sec  1.041 ms  0/939 (0%)  
[  6] 378.00-379.00 sec   732 KBytes  6.00 Mbits/sec  1.050 ms  0/937 (0%)  
[  6] 379.00-380.00 sec   734 KBytes  6.01 Mbits/sec  1.039 ms  0/939 (0%)  
[  6] 380.00-381.00 sec   731 KBytes  5.99 Mbits/sec  0.891 ms  0/936 (0%)  
[  6] 381.00-382.00 sec   732 KBytes  6.00 Mbits/sec  0.927 ms  0/937 (0%)  
[  6] 382.00-383.00 sec   733 KBytes  6.00 Mbits/sec  0.794 ms  0/938 (0%)  
[  6] 383.00-384.00 sec   732 KBytes  6.00 Mbits/sec  0.832 ms  0/937 (0%)  
[  6] 384.00-385.00 sec   732 KBytes  6.00 Mbits/sec  0.853 ms  0/937 (0%)  
[  6] 385.00-386.00 sec   733 KBytes  6.00 Mbits/sec  0.969 ms  0/938 (0%)  
[  6] 386.00-387.00 sec   732 KBytes  6.00 Mbits/sec  1.017 ms  0/937 (0%)  
[  6] 387.00-388.00 sec   733 KBytes  6.00 Mbits/sec  1.038 ms  0/938 (0%)  
[  6] 388.00-389.00 sec   732 KBytes  6.00 Mbits/sec  0.962 ms  0/937 (0%)  
[  6] 389.00-390.00 sec   733 KBytes  6.00 Mbits/sec  0.866 ms  0/938 (0%)  
[  6] 390.00-391.00 sec   733 KBytes  6.00 Mbits/sec  0.877 ms  0/938 (0%)  
[  6] 391.00-392.00 sec   733 KBytes  6.00 Mbits/sec  0.794 ms  0/938 (0%)  
[  6] 392.00-393.00 sec   732 KBytes  6.00 Mbits/sec  1.023 ms  0/937 (0%)  
[  6] 393.00-394.00 sec   732 KBytes  6.00 Mbits/sec  1.041 ms  0/937 (0%)  
[  6] 394.00-395.00 sec   734 KBytes  6.01 Mbits/sec  1.029 ms  0/939 (0%)  
[  6] 395.00-396.00 sec   730 KBytes  5.98 Mbits/sec  0.980 ms  0/935 (0%)  
[  6] 396.00-397.00 sec   732 KBytes  6.00 Mbits/sec  0.965 ms  0/937 (0%)  
[  6] 397.00-398.00 sec   734 KBytes  6.01 Mbits/sec  1.012 ms  0/939 (0%)  
[  6] 398.00-399.00 sec   733 KBytes  6.00 Mbits/sec  0.792 ms  0/938 (0%)  
[  6] 399.00-400.00 sec   732 KBytes  6.00 Mbits/sec  0.846 ms  0/937 (0%)  
[  6] 400.00-401.00 sec   732 KBytes  6.00 Mbits/sec  1.080 ms  0/937 (0%)  
[  6] 401.00-402.00 sec   731 KBytes  5.99 Mbits/sec  1.045 ms  0/936 (0%)  
[  6] 402.00-403.00 sec   734 KBytes  6.01 Mbits/sec  0.820 ms  0/939 (0%)  
[  6] 403.00-404.00 sec   733 KBytes  6.00 Mbits/sec  0.981 ms  0/938 (0%)  
[  6] 404.00-405.00 sec   733 KBytes  6.00 Mbits/sec  1.046 ms  0/938 (0%)  
[  6] 405.00-406.00 sec   732 KBytes  6.00 Mbits/sec  0.860 ms  0/937 (0%)  
[  6] 406.00-407.00 sec   734 KBytes  6.01 Mbits/sec  1.036 ms  0/939 (0%)  
[  6] 407.00-408.00 sec   731 KBytes  5.99 Mbits/sec  0.815 ms  0/936 (0%)  
[  6] 408.00-409.00 sec   734 KBytes  6.01 Mbits/sec  0.882 ms  0/939 (0%)  
[  6] 409.00-410.00 sec   732 KBytes  6.00 Mbits/sec  1.059 ms  0/937 (0%)  
[  6] 410.00-411.00 sec   731 KBytes  5.99 Mbits/sec  0.771 ms  0/936 (0%)  
[  6] 411.00-412.00 sec   734 KBytes  6.01 Mbits/sec  1.032 ms  0/939 (0%)  
[  6] 412.00-413.00 sec   733 KBytes  6.00 Mbits/sec  0.846 ms  0/938 (0%)  
[  6] 413.00-414.00 sec   731 KBytes  5.99 Mbits/sec  1.046 ms  0/936 (0%)  
[  6] 414.00-415.00 sec   733 KBytes  6.00 Mbits/sec  0.820 ms  0/938 (0%)  
[  6] 415.00-416.00 sec   731 KBytes  5.99 Mbits/sec  1.028 ms  0/936 (0%)  
[  6] 416.00-417.00 sec   734 KBytes  6.02 Mbits/sec  0.969 ms  0/940 (0%)  
[  6] 417.00-418.00 sec   730 KBytes  5.99 Mbits/sec  1.030 ms  0/935 (0%)  
[  6] 418.00-419.00 sec   733 KBytes  6.00 Mbits/sec  0.847 ms  0/938 (0%)  
[  6] 419.00-420.00 sec   734 KBytes  6.02 Mbits/sec  1.066 ms  0/940 (0%)  
[  6] 420.00-421.00 sec   731 KBytes  5.99 Mbits/sec  0.945 ms  0/936 (0%)  
[  6] 421.00-422.00 sec   732 KBytes  6.00 Mbits/sec  1.043 ms  0/937 (0%)  
[  6] 422.00-423.00 sec   733 KBytes  6.00 Mbits/sec  0.983 ms  0/938 (0%)  
[  6] 423.00-424.00 sec   733 KBytes  6.00 Mbits/sec  1.085 ms  0/938 (0%)  
[  6] 424.00-425.00 sec   731 KBytes  5.99 Mbits/sec  0.932 ms  0/936 (0%)  
[  6] 425.00-426.00 sec   734 KBytes  6.01 Mbits/sec  0.779 ms  0/940 (0%)  
[  6] 426.00-427.00 sec   730 KBytes  5.99 Mbits/sec  0.901 ms  0/935 (0%)  
[  6] 427.00-428.00 sec   733 KBytes  6.00 Mbits/sec  0.850 ms  0/938 (0%)  
[  6] 428.00-429.00 sec   732 KBytes  6.00 Mbits/sec  0.892 ms  0/937 (0%)  
[  6] 429.00-430.00 sec   734 KBytes  6.01 Mbits/sec  1.028 ms  0/939 (0%)  
[  6] 430.00-431.00 sec   733 KBytes  6.01 Mbits/sec  0.978 ms  0/938 (0%)  
[  6] 431.00-432.00 sec   731 KBytes  5.99 Mbits/sec  0.823 ms  0/936 (0%)  
[  6] 432.00-433.00 sec   733 KBytes  6.00 Mbits/sec  1.042 ms  0/938 (0%)  
[  6] 433.00-434.00 sec   732 KBytes  6.00 Mbits/sec  1.041 ms  0/937 (0%)  
[  6] 434.00-435.00 sec   733 KBytes  6.00 Mbits/sec  1.028 ms  0/938 (0%)  
[  6] 435.00-436.00 sec   733 KBytes  6.00 Mbits/sec  1.034 ms  0/938 (0%)  
[  6] 436.00-437.00 sec   732 KBytes  5.99 Mbits/sec  1.037 ms  0/937 (0%)  
[  6] 437.00-438.00 sec   733 KBytes  6.00 Mbits/sec  1.099 ms  0/938 (0%)  
[  6] 438.00-439.00 sec   731 KBytes  5.99 Mbits/sec  1.045 ms  0/936 (0%)  
[  6] 439.00-440.00 sec   732 KBytes  6.00 Mbits/sec  0.979 ms  0/937 (0%)  
[  6] 440.00-441.00 sec   734 KBytes  6.01 Mbits/sec  0.953 ms  0/939 (0%)  
[  6] 441.00-442.00 sec   732 KBytes  6.00 Mbits/sec  1.035 ms  0/937 (0%)  
[  6] 442.00-443.00 sec   734 KBytes  6.01 Mbits/sec  1.065 ms  0/939 (0%)  
[  6] 443.00-444.00 sec   732 KBytes  6.00 Mbits/sec  1.010 ms  0/937 (0%)  
[  6] 444.00-445.00 sec   732 KBytes  6.00 Mbits/sec  0.813 ms  0/937 (0%)  
[  6] 445.00-446.00 sec   734 KBytes  6.01 Mbits/sec  1.035 ms  0/939 (0%)  
[  6] 446.00-447.00 sec   730 KBytes  5.99 Mbits/sec  1.103 ms  0/935 (0%)  
[  6] 447.00-448.00 sec   732 KBytes  6.00 Mbits/sec  1.046 ms  0/937 (0%)  
[  6] 448.00-449.00 sec   734 KBytes  6.01 Mbits/sec  0.969 ms  0/939 (0%)  
[  6] 449.00-450.00 sec   731 KBytes  5.99 Mbits/sec  1.026 ms  0/936 (0%)  
[  6] 450.00-451.00 sec   733 KBytes  6.00 Mbits/sec  1.041 ms  0/938 (0%)  
[  6] 451.00-452.00 sec   733 KBytes  6.00 Mbits/sec  1.000 ms  0/938 (0%)  
[  6] 452.00-453.00 sec   733 KBytes  6.00 Mbits/sec  0.853 ms  0/938 (0%)  
[  6] 453.00-454.00 sec   733 KBytes  6.00 Mbits/sec  0.843 ms  0/938 (0%)  
[  6] 454.00-455.00 sec   733 KBytes  6.00 Mbits/sec  0.840 ms  0/938 (0%)  
[  6] 455.00-456.00 sec   730 KBytes  5.99 Mbits/sec  1.031 ms  0/935 (0%)  
[  6] 456.00-457.00 sec   734 KBytes  6.02 Mbits/sec  1.033 ms  0/940 (0%)  
[  6] 457.00-458.00 sec   732 KBytes  6.00 Mbits/sec  0.821 ms  0/937 (0%)  
[  6] 458.00-459.00 sec   732 KBytes  6.00 Mbits/sec  1.053 ms  0/937 (0%)  
[  6] 459.00-460.00 sec   732 KBytes  6.00 Mbits/sec  1.038 ms  0/937 (0%)  
[  6] 460.00-461.00 sec   733 KBytes  6.00 Mbits/sec  1.035 ms  0/938 (0%)  
[  6] 461.00-462.00 sec   732 KBytes  6.00 Mbits/sec  0.953 ms  0/937 (0%)  
[  6] 462.00-463.00 sec   732 KBytes  6.00 Mbits/sec  0.913 ms  0/937 (0%)  
[  6] 463.00-464.00 sec   734 KBytes  6.01 Mbits/sec  0.791 ms  0/940 (0%)  
[  6] 464.00-465.00 sec   731 KBytes  5.99 Mbits/sec  1.045 ms  0/936 (0%)  
[  6] 465.00-466.00 sec   733 KBytes  6.00 Mbits/sec  0.783 ms  0/938 (0%)  
[  6] 466.00-467.00 sec   732 KBytes  6.00 Mbits/sec  0.952 ms  0/937 (0%)  
[  6] 467.00-468.00 sec   733 KBytes  6.00 Mbits/sec  1.033 ms  0/938 (0%)  
[  6] 468.00-469.00 sec   732 KBytes  6.00 Mbits/sec  0.842 ms  0/937 (0%)  
[  6] 469.00-470.00 sec   733 KBytes  6.00 Mbits/sec  0.921 ms  0/938 (0%)  
[  6] 470.00-471.00 sec   732 KBytes  6.00 Mbits/sec  1.049 ms  0/937 (0%)  
[  6] 471.00-472.00 sec   732 KBytes  6.00 Mbits/sec  1.051 ms  0/937 (0%)  
[  6] 472.00-473.00 sec   734 KBytes  6.01 Mbits/sec  1.035 ms  0/939 (0%)  
[  6] 473.00-474.00 sec   733 KBytes  6.00 Mbits/sec  1.042 ms  0/938 (0%)  
[  6] 474.00-475.00 sec   730 KBytes  5.99 Mbits/sec  1.005 ms  0/935 (0%)  
[  6] 475.00-476.00 sec   733 KBytes  6.00 Mbits/sec  1.047 ms  0/938 (0%)  
[  6] 476.00-477.00 sec   732 KBytes  6.00 Mbits/sec  0.897 ms  0/937 (0%)  
[  6] 477.00-478.00 sec   734 KBytes  6.01 Mbits/sec  0.893 ms  0/939 (0%)  
[  6] 478.00-479.00 sec   732 KBytes  6.00 Mbits/sec  1.041 ms  0/937 (0%)  
[  6] 479.00-480.00 sec   732 KBytes  6.00 Mbits/sec  1.081 ms  0/937 (0%)  
[  6] 480.00-481.00 sec   734 KBytes  6.01 Mbits/sec  1.011 ms  0/939 (0%)  
[  6] 481.00-482.00 sec   731 KBytes  5.99 Mbits/sec  0.868 ms  0/936 (0%)  
[  6] 482.00-483.00 sec   733 KBytes  6.00 Mbits/sec  0.850 ms  0/938 (0%)  
[  6] 483.00-484.00 sec   732 KBytes  6.00 Mbits/sec  0.910 ms  0/937 (0%)  
[  6] 484.00-485.00 sec   733 KBytes  6.00 Mbits/sec  1.029 ms  0/938 (0%)  
[  6] 485.00-486.00 sec   732 KBytes  6.00 Mbits/sec  0.954 ms  0/937 (0%)  
[  6] 486.00-487.00 sec   734 KBytes  6.01 Mbits/sec  0.835 ms  0/939 (0%)  
[  6] 487.00-488.00 sec   732 KBytes  6.00 Mbits/sec  0.944 ms  0/937 (0%)  
[  6] 488.00-489.00 sec   731 KBytes  5.99 Mbits/sec  0.782 ms  0/936 (0%)  
[  6] 489.00-490.00 sec   734 KBytes  6.01 Mbits/sec  0.812 ms  0/939 (0%)  
[  6] 490.00-491.00 sec   733 KBytes  6.00 Mbits/sec  0.971 ms  0/938 (0%)  
[  6] 491.00-492.00 sec   732 KBytes  5.99 Mbits/sec  0.956 ms  0/937 (0%)  
[  6] 492.00-493.00 sec   732 KBytes  6.00 Mbits/sec  1.043 ms  0/937 (0%)  
[  6] 493.00-494.00 sec   732 KBytes  6.00 Mbits/sec  0.796 ms  0/937 (0%)  
[  6] 494.00-495.00 sec   733 KBytes  6.00 Mbits/sec  0.858 ms  0/938 (0%)  
[  6] 495.00-496.00 sec   733 KBytes  6.00 Mbits/sec  1.045 ms  0/938 (0%)  
[  6] 496.00-497.00 sec   731 KBytes  5.99 Mbits/sec  0.817 ms  0/936 (0%)  
[  6] 497.00-498.00 sec   734 KBytes  6.01 Mbits/sec  1.032 ms  0/939 (0%)  
[  6] 498.00-499.00 sec   732 KBytes  6.00 Mbits/sec  0.788 ms  0/937 (0%)  
[  6] 499.00-500.00 sec   734 KBytes  6.01 Mbits/sec  1.123 ms  0/939 (0%)  
[  6] 500.00-501.00 sec   732 KBytes  6.00 Mbits/sec  0.839 ms  0/937 (0%)  
[  6] 501.00-502.00 sec   731 KBytes  5.99 Mbits/sec  1.033 ms  0/936 (0%)  
[  6] 502.00-503.00 sec   734 KBytes  6.01 Mbits/sec  0.865 ms  0/939 (0%)  
[  6] 503.00-504.00 sec   732 KBytes  6.00 Mbits/sec  1.042 ms  0/937 (0%)  
[  6] 504.00-505.00 sec   731 KBytes  5.99 Mbits/sec  1.039 ms  0/936 (0%)  
[  6] 505.00-506.00 sec   733 KBytes  6.00 Mbits/sec  1.028 ms  0/938 (0%)  
[  6] 506.00-507.00 sec   732 KBytes  5.99 Mbits/sec  0.899 ms  0/937 (0%)  
[  6] 507.00-508.00 sec   734 KBytes  6.01 Mbits/sec  0.944 ms  0/939 (0%)  
[  6] 508.00-509.00 sec   732 KBytes  5.99 Mbits/sec  1.047 ms  0/937 (0%)  
[  6] 509.00-510.00 sec   733 KBytes  6.01 Mbits/sec  1.031 ms  0/938 (0%)  
[  6] 510.00-511.00 sec   731 KBytes  5.99 Mbits/sec  0.838 ms  0/936 (0%)  
[  6] 511.00-512.00 sec   734 KBytes  6.01 Mbits/sec  1.046 ms  0/939 (0%)  
[  6] 512.00-513.00 sec   732 KBytes  6.00 Mbits/sec  0.874 ms  0/937 (0%)  
[  6] 513.00-514.00 sec   732 KBytes  6.00 Mbits/sec  1.046 ms  0/937 (0%)  
[  6] 514.00-515.00 sec   734 KBytes  6.01 Mbits/sec  0.780 ms  0/939 (0%)  
[  6] 515.00-516.00 sec   731 KBytes  5.99 Mbits/sec  1.031 ms  0/936 (0%)  
[  6] 516.00-517.00 sec   732 KBytes  6.00 Mbits/sec  1.018 ms  0/937 (0%)  
[  6] 517.00-518.00 sec   733 KBytes  6.00 Mbits/sec  0.900 ms  0/938 (0%)  
[  6] 518.00-519.00 sec   732 KBytes  6.00 Mbits/sec  1.038 ms  0/937 (0%)  
[  6] 519.00-520.00 sec   734 KBytes  6.01 Mbits/sec  0.830 ms  0/939 (0%)  
[  6] 520.00-521.00 sec   733 KBytes  6.00 Mbits/sec  0.884 ms  0/938 (0%)  
[  6] 521.00-522.00 sec   733 KBytes  6.00 Mbits/sec  0.865 ms  0/938 (0%)  
[  6] 522.00-523.00 sec   713 KBytes  5.84 Mbits/sec  1.914 ms  0/913 (0%)  
[  6] 523.00-524.00 sec   670 KBytes  5.48 Mbits/sec  1.675 ms  0/857 (0%)  
[  6] 524.00-525.00 sec   813 KBytes  6.67 Mbits/sec  0.907 ms  0/1041 (0%)  
[  6] 525.00-526.00 sec   733 KBytes  6.00 Mbits/sec  1.276 ms  0/938 (0%)  
[  6] 526.00-527.00 sec   731 KBytes  5.99 Mbits/sec  1.027 ms  0/936 (0%)  
[  6] 527.00-528.00 sec   733 KBytes  6.00 Mbits/sec  0.979 ms  0/938 (0%)  
[  6] 528.00-529.00 sec   733 KBytes  6.00 Mbits/sec  0.923 ms  0/938 (0%)  
[  6] 529.00-530.00 sec   733 KBytes  6.00 Mbits/sec  0.883 ms  0/938 (0%)  
[  6] 530.00-531.00 sec   733 KBytes  6.00 Mbits/sec  0.844 ms  0/938 (0%)  
[  6] 531.00-532.00 sec   731 KBytes  5.99 Mbits/sec  0.784 ms  0/936 (0%)  
[  6] 532.00-533.00 sec   732 KBytes  6.00 Mbits/sec  1.007 ms  0/937 (0%)  
[  6] 533.00-534.00 sec   734 KBytes  6.01 Mbits/sec  1.048 ms  0/939 (0%)  
[  6] 534.00-535.00 sec   733 KBytes  6.00 Mbits/sec  0.895 ms  0/938 (0%)  
[  6] 535.00-536.00 sec   732 KBytes  6.00 Mbits/sec  1.006 ms  0/937 (0%)  
[  6] 536.00-537.00 sec   732 KBytes  6.00 Mbits/sec  0.787 ms  0/937 (0%)  
[  6] 537.00-538.00 sec   734 KBytes  6.01 Mbits/sec  1.036 ms  0/939 (0%)  
[  6] 538.00-539.00 sec   730 KBytes  5.98 Mbits/sec  0.805 ms  0/935 (0%)  
[  6] 539.00-540.00 sec   733 KBytes  6.00 Mbits/sec  1.036 ms  0/938 (0%)  
[  6] 540.00-541.00 sec   734 KBytes  6.01 Mbits/sec  1.044 ms  0/939 (0%)  
[  6] 541.00-542.00 sec   731 KBytes  5.99 Mbits/sec  0.851 ms  0/936 (0%)  
[  6] 542.00-543.00 sec   734 KBytes  6.01 Mbits/sec  0.977 ms  0/939 (0%)  
[  6] 543.00-544.00 sec   731 KBytes  5.99 Mbits/sec  0.833 ms  0/936 (0%)  
[  6] 544.00-545.00 sec   734 KBytes  6.02 Mbits/sec  0.780 ms  0/940 (0%)  
[  6] 545.00-546.00 sec   731 KBytes  5.99 Mbits/sec  1.041 ms  0/936 (0%)  
[  6] 546.00-547.00 sec   732 KBytes  5.99 Mbits/sec  1.020 ms  0/937 (0%)  
[  6] 547.00-548.00 sec   732 KBytes  6.00 Mbits/sec  0.906 ms  0/937 (0%)  
[  6] 548.00-549.00 sec   732 KBytes  6.00 Mbits/sec  0.898 ms  0/937 (0%)  
[  6] 549.00-550.00 sec   733 KBytes  6.00 Mbits/sec  0.877 ms  0/938 (0%)  
[  6] 550.00-551.00 sec   733 KBytes  6.00 Mbits/sec  0.894 ms  0/938 (0%)  
[  6] 551.00-552.00 sec   731 KBytes  5.99 Mbits/sec  0.874 ms  0/936 (0%)  
[  6] 552.00-553.00 sec   733 KBytes  6.00 Mbits/sec  1.041 ms  0/938 (0%)  
[  6] 553.00-554.00 sec   733 KBytes  6.00 Mbits/sec  1.040 ms  0/938 (0%)  
[  6] 554.00-555.00 sec   734 KBytes  6.01 Mbits/sec  1.159 ms  0/939 (0%)  
[  6] 555.00-556.00 sec   732 KBytes  5.99 Mbits/sec  1.011 ms  0/937 (0%)  
[  6] 556.00-557.00 sec   732 KBytes  6.00 Mbits/sec  1.040 ms  0/937 (0%)  
[  6] 557.00-558.00 sec   731 KBytes  5.99 Mbits/sec  0.979 ms  0/936 (0%)  
[  6] 558.00-559.00 sec   733 KBytes  6.00 Mbits/sec  1.049 ms  0/938 (0%)  
[  6] 559.00-560.00 sec   734 KBytes  6.01 Mbits/sec  0.820 ms  0/939 (0%)  
[  6] 560.00-561.00 sec   731 KBytes  5.99 Mbits/sec  1.036 ms  0/936 (0%)  
[  6] 561.00-562.00 sec   733 KBytes  6.00 Mbits/sec  1.038 ms  0/938 (0%)  
[  6] 562.00-563.00 sec   732 KBytes  6.00 Mbits/sec  1.043 ms  0/937 (0%)  
[  6] 563.00-564.00 sec   733 KBytes  6.00 Mbits/sec  0.927 ms  0/938 (0%)  
[  6] 564.00-565.00 sec   733 KBytes  6.00 Mbits/sec  0.914 ms  0/938 (0%)  
[  6] 565.00-566.00 sec   732 KBytes  6.00 Mbits/sec  0.812 ms  0/937 (0%)  
[  6] 566.00-567.00 sec   733 KBytes  6.00 Mbits/sec  1.032 ms  0/938 (0%)  
[  6] 567.00-568.00 sec   732 KBytes  6.00 Mbits/sec  0.865 ms  0/937 (0%)  
[  6] 568.00-569.00 sec   733 KBytes  6.00 Mbits/sec  1.034 ms  0/938 (0%)  
[  6] 569.00-570.00 sec   731 KBytes  5.99 Mbits/sec  1.050 ms  0/936 (0%)  
[  6] 570.00-571.00 sec   734 KBytes  6.01 Mbits/sec  1.047 ms  0/939 (0%)  
[  6] 571.00-572.00 sec   733 KBytes  6.00 Mbits/sec  1.024 ms  0/938 (0%)  
[  6] 572.00-573.00 sec   731 KBytes  5.99 Mbits/sec  1.041 ms  0/936 (0%)  
[  6] 573.00-574.00 sec   734 KBytes  6.01 Mbits/sec  1.008 ms  0/939 (0%)  
[  6] 574.00-575.00 sec   731 KBytes  5.99 Mbits/sec  1.043 ms  0/936 (0%)  
[  6] 575.00-576.00 sec   734 KBytes  6.01 Mbits/sec  1.029 ms  0/939 (0%)  
[  6] 576.00-577.00 sec   733 KBytes  6.00 Mbits/sec  0.919 ms  0/938 (0%)  
[  6] 577.00-578.00 sec   731 KBytes  5.99 Mbits/sec  1.071 ms  0/936 (0%)  
[  6] 578.00-579.00 sec   733 KBytes  6.00 Mbits/sec  1.051 ms  0/938 (0%)  
[  6] 579.00-580.00 sec   732 KBytes  6.00 Mbits/sec  1.042 ms  0/937 (0%)  
[  6] 580.00-581.00 sec   732 KBytes  6.00 Mbits/sec  0.950 ms  0/937 (0%)  
[  6] 581.00-582.00 sec   734 KBytes  6.01 Mbits/sec  1.054 ms  0/939 (0%)  
[  6] 582.00-583.00 sec   732 KBytes  6.00 Mbits/sec  1.043 ms  0/937 (0%)  
[  6] 583.00-584.00 sec   732 KBytes  5.99 Mbits/sec  0.997 ms  0/938 (0%)  
[  6] 584.00-585.00 sec   731 KBytes  5.99 Mbits/sec  1.041 ms  0/936 (0%)  
[  6] 585.00-586.00 sec   734 KBytes  6.01 Mbits/sec  1.040 ms  0/939 (0%)  
[  6] 586.00-587.00 sec   733 KBytes  6.00 Mbits/sec  0.887 ms  0/938 (0%)  
[  6] 587.00-588.00 sec   730 KBytes  5.98 Mbits/sec  0.847 ms  0/935 (0%)  
[  6] 588.00-589.00 sec   734 KBytes  6.02 Mbits/sec  0.882 ms  0/940 (0%)  
[  6] 589.00-590.00 sec   732 KBytes  5.99 Mbits/sec  1.059 ms  0/937 (0%)  
[  6] 590.00-591.00 sec   732 KBytes  6.00 Mbits/sec  1.043 ms  0/937 (0%)  
[  6] 591.00-592.00 sec   733 KBytes  6.00 Mbits/sec  1.020 ms  0/938 (0%)  
[  6] 592.00-593.00 sec   731 KBytes  5.99 Mbits/sec  0.905 ms  0/936 (0%)  
[  6] 593.00-594.00 sec   733 KBytes  6.00 Mbits/sec  0.807 ms  0/938 (0%)  
[  6] 594.00-595.00 sec   732 KBytes  6.00 Mbits/sec  1.058 ms  0/937 (0%)  
[  6] 595.00-596.00 sec   733 KBytes  6.00 Mbits/sec  0.884 ms  0/938 (0%)  
[  6] 596.00-597.00 sec   734 KBytes  6.01 Mbits/sec  1.045 ms  0/939 (0%)  
[  6] 597.00-598.00 sec   732 KBytes  6.00 Mbits/sec  0.835 ms  0/937 (0%)  
[  6] 598.00-599.00 sec   732 KBytes  6.00 Mbits/sec  0.861 ms  0/937 (0%)  
[  6] 599.00-600.00 sec   732 KBytes  6.00 Mbits/sec  1.083 ms  0/937 (0%)  
[  6] 600.00-601.00 sec   734 KBytes  6.01 Mbits/sec  0.783 ms  0/939 (0%)  
[  6] 601.00-602.00 sec   731 KBytes  5.99 Mbits/sec  1.046 ms  0/936 (0%)  
[  6] 602.00-603.00 sec   734 KBytes  6.01 Mbits/sec  0.835 ms  0/939 (0%)  
[  6] 603.00-604.00 sec   731 KBytes  5.99 Mbits/sec  0.928 ms  0/936 (0%)  
[  6] 604.00-605.00 sec   733 KBytes  6.01 Mbits/sec  0.831 ms  0/938 (0%)  
[  6] 605.00-606.00 sec   733 KBytes  6.00 Mbits/sec  1.042 ms  0/938 (0%)  
[  6] 606.00-607.00 sec   731 KBytes  5.99 Mbits/sec  0.857 ms  0/936 (0%)  
[  6] 607.00-608.00 sec   733 KBytes  6.00 Mbits/sec  0.887 ms  0/938 (0%)  
[  6] 608.00-609.00 sec   734 KBytes  6.01 Mbits/sec  1.037 ms  0/939 (0%)  
[  6] 609.00-610.00 sec   733 KBytes  6.00 Mbits/sec  0.818 ms  0/938 (0%)  
[  6] 610.00-611.00 sec   730 KBytes  5.98 Mbits/sec  0.784 ms  0/935 (0%)  
[  6] 611.00-612.00 sec   734 KBytes  6.01 Mbits/sec  0.855 ms  0/939 (0%)  
[  6] 612.00-613.00 sec   732 KBytes  6.00 Mbits/sec  1.038 ms  0/937 (0%)  
[  6] 613.00-614.00 sec   733 KBytes  6.00 Mbits/sec  1.042 ms  0/938 (0%)  
[  6] 614.00-615.00 sec   731 KBytes  5.99 Mbits/sec  0.936 ms  0/936 (0%)  
[  6] 615.00-616.00 sec   733 KBytes  6.00 Mbits/sec  1.025 ms  0/938 (0%)  
[  6] 616.00-617.00 sec   733 KBytes  6.01 Mbits/sec  1.006 ms  0/938 (0%)  
[  6] 617.00-618.00 sec   731 KBytes  5.99 Mbits/sec  1.065 ms  0/936 (0%)  
[  6] 618.00-619.00 sec   734 KBytes  6.01 Mbits/sec  0.818 ms  0/939 (0%)  
[  6] 619.00-620.00 sec   733 KBytes  6.00 Mbits/sec  0.969 ms  0/938 (0%)  
[  6] 620.00-621.00 sec   732 KBytes  6.00 Mbits/sec  1.038 ms  0/937 (0%)  
[  6] 621.00-622.00 sec   732 KBytes  6.00 Mbits/sec  1.033 ms  0/937 (0%)  
[  6] 622.00-623.00 sec   733 KBytes  6.00 Mbits/sec  0.838 ms  0/938 (0%)  
[  6] 623.00-624.00 sec   733 KBytes  6.00 Mbits/sec  0.813 ms  0/938 (0%)  
[  6] 624.00-625.00 sec   733 KBytes  6.00 Mbits/sec  0.823 ms  0/938 (0%)  
[  6] 625.00-626.00 sec   730 KBytes  5.99 Mbits/sec  0.999 ms  0/935 (0%)  
[  6] 626.00-627.00 sec   734 KBytes  6.02 Mbits/sec  0.879 ms  0/940 (0%)  
[  6] 627.00-628.00 sec   730 KBytes  5.98 Mbits/sec  1.054 ms  0/935 (0%)  
[  6] 628.00-629.00 sec   734 KBytes  6.02 Mbits/sec  0.843 ms  0/940 (0%)  
[  6] 629.00-630.00 sec   731 KBytes  5.99 Mbits/sec  0.883 ms  0/936 (0%)  
[  6] 630.00-631.00 sec   732 KBytes  6.00 Mbits/sec  1.043 ms  0/937 (0%)  
[  6] 631.00-632.00 sec   733 KBytes  6.00 Mbits/sec  1.042 ms  0/938 (0%)  
[  6] 632.00-633.00 sec   732 KBytes  6.00 Mbits/sec  1.040 ms  0/937 (0%)  
[  6] 633.00-634.00 sec   734 KBytes  6.01 Mbits/sec  0.877 ms  0/939 (0%)  
[  6] 634.00-635.00 sec   732 KBytes  6.00 Mbits/sec  1.041 ms  0/937 (0%)  
[  6] 635.00-636.00 sec   732 KBytes  6.00 Mbits/sec  0.881 ms  0/937 (0%)  
[  6] 636.00-637.00 sec   733 KBytes  6.00 Mbits/sec  1.030 ms  0/938 (0%)  
[  6] 637.00-638.00 sec   733 KBytes  6.00 Mbits/sec  0.850 ms  0/938 (0%)  
[  6] 638.00-639.00 sec   732 KBytes  6.00 Mbits/sec  1.052 ms  0/937 (0%)  
[  6] 639.00-640.00 sec   733 KBytes  6.00 Mbits/sec  1.034 ms  0/938 (0%)  
[  6] 640.00-641.00 sec   729 KBytes  5.97 Mbits/sec  1.275 ms  0/933 (0%)  
[  6] 641.00-642.00 sec   736 KBytes  6.03 Mbits/sec  0.956 ms  0/942 (0%)  
[  6] 642.00-643.00 sec   732 KBytes  6.00 Mbits/sec  1.035 ms  0/937 (0%)  
[  6] 643.00-644.00 sec   733 KBytes  6.00 Mbits/sec  1.039 ms  0/938 (0%)  
[  6] 644.00-645.00 sec   733 KBytes  6.00 Mbits/sec  0.985 ms  0/938 (0%)  
[  6] 645.00-646.00 sec   733 KBytes  6.00 Mbits/sec  0.900 ms  0/938 (0%)  
[  6] 646.00-647.00 sec   732 KBytes  6.00 Mbits/sec  0.789 ms  0/937 (0%)  
[  6] 647.00-648.00 sec   732 KBytes  6.00 Mbits/sec  1.083 ms  0/937 (0%)  
[  6] 648.00-649.00 sec   732 KBytes  6.00 Mbits/sec  0.853 ms  0/937 (0%)  
[  6] 649.00-650.00 sec   733 KBytes  6.00 Mbits/sec  0.843 ms  0/938 (0%)  
[  6] 650.00-651.00 sec   731 KBytes  5.99 Mbits/sec  1.037 ms  0/936 (0%)  
[  6] 651.00-652.00 sec   733 KBytes  6.00 Mbits/sec  1.045 ms  0/938 (0%)  
[  6] 652.00-653.00 sec   732 KBytes  6.00 Mbits/sec  0.844 ms  0/937 (0%)  
[  6] 653.00-654.00 sec   734 KBytes  6.01 Mbits/sec  1.053 ms  0/939 (0%)  
[  6] 654.00-655.00 sec   733 KBytes  6.00 Mbits/sec  0.848 ms  0/938 (0%)  
[  6] 655.00-656.00 sec   731 KBytes  5.99 Mbits/sec  1.060 ms  0/936 (0%)  
[  6] 656.00-657.00 sec   734 KBytes  6.01 Mbits/sec  1.041 ms  0/939 (0%)  
[  6] 657.00-658.00 sec   732 KBytes  6.00 Mbits/sec  0.955 ms  0/937 (0%)  
[  6] 658.00-659.00 sec   732 KBytes  6.00 Mbits/sec  0.953 ms  0/937 (0%)  
[  6] 659.00-660.00 sec   734 KBytes  6.01 Mbits/sec  1.040 ms  0/939 (0%)  
[  6] 660.00-661.00 sec   731 KBytes  5.99 Mbits/sec  0.902 ms  0/936 (0%)  
[  6] 661.00-662.00 sec   733 KBytes  6.00 Mbits/sec  1.052 ms  0/938 (0%)  
[  6] 662.00-663.00 sec   732 KBytes  6.00 Mbits/sec  1.048 ms  0/937 (0%)  
[  6] 663.00-664.00 sec   732 KBytes  6.00 Mbits/sec  0.898 ms  0/937 (0%)  
[  6] 664.00-665.00 sec   734 KBytes  6.01 Mbits/sec  1.057 ms  0/939 (0%)  
[  6] 665.00-666.00 sec   733 KBytes  6.00 Mbits/sec  1.070 ms  0/938 (0%)  
[  6] 666.00-667.00 sec   732 KBytes  6.00 Mbits/sec  0.828 ms  0/937 (0%)  
[  6] 667.00-668.00 sec   730 KBytes  5.98 Mbits/sec  1.048 ms  0/934 (0%)  
[  6] 668.00-669.00 sec   734 KBytes  6.01 Mbits/sec  1.035 ms  0/939 (0%)  
[  6] 669.00-670.00 sec   732 KBytes  6.00 Mbits/sec  1.024 ms  0/937 (0%)  
[  6] 670.00-671.00 sec   734 KBytes  6.01 Mbits/sec  0.928 ms  0/939 (0%)  
[  6] 671.00-672.00 sec   732 KBytes  6.00 Mbits/sec  1.065 ms  0/937 (0%)  
[  6] 672.00-673.00 sec   732 KBytes  6.00 Mbits/sec  0.883 ms  0/937 (0%)  
[  6] 673.00-674.00 sec   734 KBytes  6.01 Mbits/sec  1.050 ms  0/939 (0%)  
[  6] 674.00-675.00 sec   731 KBytes  5.99 Mbits/sec  0.828 ms  0/936 (0%)  
[  6] 675.00-676.00 sec   732 KBytes  6.00 Mbits/sec  0.864 ms  0/937 (0%)  
[  6] 676.00-677.00 sec   733 KBytes  6.00 Mbits/sec  1.034 ms  0/938 (0%)  
[  6] 677.00-678.00 sec   733 KBytes  6.00 Mbits/sec  1.042 ms  0/938 (0%)  
[  6] 678.00-679.00 sec   734 KBytes  6.01 Mbits/sec  0.977 ms  0/939 (0%)  
[  6] 679.00-680.00 sec   730 KBytes  5.99 Mbits/sec  1.056 ms  0/936 (0%)  
[  6] 680.00-681.00 sec   732 KBytes  6.00 Mbits/sec  0.823 ms  0/938 (0%)  
[  6] 681.00-682.00 sec   733 KBytes  6.00 Mbits/sec  0.959 ms  0/938 (0%)  
[  6] 682.00-683.00 sec   731 KBytes  5.99 Mbits/sec  1.033 ms  0/936 (0%)  
[  6] 683.00-684.00 sec   734 KBytes  6.01 Mbits/sec  0.876 ms  0/939 (0%)  
[  6] 684.00-685.00 sec   731 KBytes  5.99 Mbits/sec  0.900 ms  0/936 (0%)  
[  6] 685.00-686.00 sec   733 KBytes  6.00 Mbits/sec  1.098 ms  0/938 (0%)  
[  6] 686.00-687.00 sec   731 KBytes  5.99 Mbits/sec  1.055 ms  0/936 (0%)  
[  6] 687.00-688.00 sec   734 KBytes  6.02 Mbits/sec  0.829 ms  0/940 (0%)  
[  6] 688.00-689.00 sec   732 KBytes  6.00 Mbits/sec  0.774 ms  0/937 (0%)  
[  6] 689.00-690.00 sec   733 KBytes  6.00 Mbits/sec  1.026 ms  0/938 (0%)  
[  6] 690.00-691.00 sec   732 KBytes  6.00 Mbits/sec  0.842 ms  0/937 (0%)  
[  6] 691.00-692.00 sec   733 KBytes  6.00 Mbits/sec  0.874 ms  0/938 (0%)  
[  6] 692.00-693.00 sec   732 KBytes  6.00 Mbits/sec  0.820 ms  0/937 (0%)  
[  6] 693.00-694.00 sec   732 KBytes  5.99 Mbits/sec  1.046 ms  0/937 (0%)  
[  6] 694.00-695.00 sec   733 KBytes  6.01 Mbits/sec  1.002 ms  0/938 (0%)  
[  6] 695.00-696.00 sec   732 KBytes  6.00 Mbits/sec  0.939 ms  0/937 (0%)  
[  6] 696.00-697.00 sec   733 KBytes  6.00 Mbits/sec  1.041 ms  0/938 (0%)  
[  6] 697.00-698.00 sec   731 KBytes  5.99 Mbits/sec  1.045 ms  0/936 (0%)  
[  6] 698.00-699.00 sec   733 KBytes  6.00 Mbits/sec  0.929 ms  0/938 (0%)  
[  6] 699.00-700.00 sec   732 KBytes  6.00 Mbits/sec  1.012 ms  0/937 (0%)  
[  6] 700.00-701.00 sec   734 KBytes  6.01 Mbits/sec  0.837 ms  0/939 (0%)  
[  6] 701.00-702.00 sec   733 KBytes  6.00 Mbits/sec  0.863 ms  0/938 (0%)  
[  6] 702.00-703.00 sec   731 KBytes  5.99 Mbits/sec  1.047 ms  0/936 (0%)  
[  6] 703.00-704.00 sec   733 KBytes  6.00 Mbits/sec  1.050 ms  0/938 (0%)  
[  6] 704.00-705.00 sec   733 KBytes  6.00 Mbits/sec  0.884 ms  0/938 (0%)  
[  6] 705.00-706.00 sec   732 KBytes  6.00 Mbits/sec  0.981 ms  0/937 (0%)  
[  6] 706.00-707.00 sec   730 KBytes  5.98 Mbits/sec  1.091 ms  0/935 (0%)  
[  6] 707.00-708.00 sec   732 KBytes  6.00 Mbits/sec  0.961 ms  0/937 (0%)  
[  6] 708.00-709.00 sec   736 KBytes  6.03 Mbits/sec  1.097 ms  0/942 (0%)  
[  6] 709.00-710.00 sec   732 KBytes  6.00 Mbits/sec  0.853 ms  0/937 (0%)  
[  6] 710.00-711.00 sec   732 KBytes  6.00 Mbits/sec  0.864 ms  0/937 (0%)  
[  6] 711.00-712.00 sec   732 KBytes  6.00 Mbits/sec  1.029 ms  0/937 (0%)  
[  6] 712.00-713.00 sec   734 KBytes  6.01 Mbits/sec  1.053 ms  0/939 (0%)  
[  6] 713.00-714.00 sec   731 KBytes  5.99 Mbits/sec  1.050 ms  0/936 (0%)  
[  6] 714.00-715.00 sec   732 KBytes  6.00 Mbits/sec  1.050 ms  0/937 (0%)  
[  6] 715.00-716.00 sec   734 KBytes  6.01 Mbits/sec  0.863 ms  0/939 (0%)  
[  6] 716.00-717.00 sec   733 KBytes  6.00 Mbits/sec  0.972 ms  0/939 (0%)  
[  6] 717.00-718.00 sec   730 KBytes  5.98 Mbits/sec  1.009 ms  0/934 (0%)  
[  6] 718.00-719.00 sec   733 KBytes  6.00 Mbits/sec  0.879 ms  0/938 (0%)  
[  6] 719.00-720.00 sec   734 KBytes  6.01 Mbits/sec  1.095 ms  0/939 (0%)  
[  6] 720.00-721.00 sec   733 KBytes  6.00 Mbits/sec  0.898 ms  0/938 (0%)  
[  6] 721.00-722.00 sec   732 KBytes  6.00 Mbits/sec  0.797 ms  0/937 (0%)  
[  6] 722.00-723.00 sec   732 KBytes  6.00 Mbits/sec  0.949 ms  0/937 (0%)  
[  6] 723.00-724.00 sec   734 KBytes  6.01 Mbits/sec  0.934 ms  0/939 (0%)  
[  6] 724.00-725.00 sec   730 KBytes  5.98 Mbits/sec  1.018 ms  0/934 (0%)  
[  6] 725.00-726.00 sec   734 KBytes  6.02 Mbits/sec  0.963 ms  0/940 (0%)  
[  6] 726.00-727.00 sec   732 KBytes  6.00 Mbits/sec  1.034 ms  0/937 (0%)  
[  6] 727.00-728.00 sec   733 KBytes  6.00 Mbits/sec  0.800 ms  0/938 (0%)  
[  6] 728.00-729.00 sec   733 KBytes  6.01 Mbits/sec  1.044 ms  0/938 (0%)  
[  6] 729.00-730.00 sec   704 KBytes  5.77 Mbits/sec  2.223 ms  0/901 (0%)  
[  6] 730.00-731.00 sec   729 KBytes  5.97 Mbits/sec  1.889 ms  0/933 (0%)  
[  6] 731.00-732.00 sec   764 KBytes  6.26 Mbits/sec  0.854 ms  0/978 (0%)  
[  6] 732.00-733.00 sec   733 KBytes  6.00 Mbits/sec  1.042 ms  0/938 (0%)  
[  6] 733.00-734.00 sec   733 KBytes  6.00 Mbits/sec  0.890 ms  0/938 (0%)  
[  6] 734.00-735.00 sec   731 KBytes  5.99 Mbits/sec  0.830 ms  0/936 (0%)  
[  6] 735.00-736.00 sec   732 KBytes  6.00 Mbits/sec  0.846 ms  0/937 (0%)  
[  6] 736.00-737.00 sec   734 KBytes  6.01 Mbits/sec  0.858 ms  0/939 (0%)  
[  6] 737.00-738.00 sec   732 KBytes  6.00 Mbits/sec  0.866 ms  0/937 (0%)  
[  6] 738.00-739.00 sec   732 KBytes  6.00 Mbits/sec  0.996 ms  0/937 (0%)  
[  6] 739.00-740.00 sec   733 KBytes  6.00 Mbits/sec  1.101 ms  0/938 (0%)  
[  6] 740.00-741.00 sec   732 KBytes  6.00 Mbits/sec  1.038 ms  0/937 (0%)  
[  6] 741.00-742.00 sec   733 KBytes  6.00 Mbits/sec  0.950 ms  0/938 (0%)  
[  6] 742.00-743.00 sec   731 KBytes  5.99 Mbits/sec  1.082 ms  0/936 (0%)  
[  6] 743.00-744.00 sec   734 KBytes  6.01 Mbits/sec  1.034 ms  0/939 (0%)  
[  6] 744.00-745.00 sec   733 KBytes  6.00 Mbits/sec  0.775 ms  0/938 (0%)  
[  6] 745.00-746.00 sec   731 KBytes  5.99 Mbits/sec  1.057 ms  0/936 (0%)  
[  6] 746.00-747.00 sec   733 KBytes  6.00 Mbits/sec  0.905 ms  0/938 (0%)  
[  6] 747.00-748.00 sec   732 KBytes  6.00 Mbits/sec  0.933 ms  0/937 (0%)  
[  6] 748.00-749.00 sec   734 KBytes  6.01 Mbits/sec  1.046 ms  0/939 (0%)  
[  6] 749.00-750.00 sec   732 KBytes  6.00 Mbits/sec  0.849 ms  0/937 (0%)  
[  6] 750.00-751.00 sec   731 KBytes  5.99 Mbits/sec  0.950 ms  0/936 (0%)  
[  6] 751.00-752.00 sec   732 KBytes  6.00 Mbits/sec  0.991 ms  0/937 (0%)  
[  6] 752.00-753.00 sec   734 KBytes  6.01 Mbits/sec  0.852 ms  0/939 (0%)  
[  6] 753.00-754.00 sec   732 KBytes  6.00 Mbits/sec  1.012 ms  0/937 (0%)  
[  6] 754.00-755.00 sec   732 KBytes  6.00 Mbits/sec  1.040 ms  0/937 (0%)  
[  6] 755.00-756.00 sec   734 KBytes  6.01 Mbits/sec  0.850 ms  0/939 (0%)  
[  6] 756.00-757.00 sec   731 KBytes  5.99 Mbits/sec  0.832 ms  0/936 (0%)  
[  6] 757.00-758.00 sec   733 KBytes  6.00 Mbits/sec  1.052 ms  0/938 (0%)  
[  6] 758.00-759.00 sec   733 KBytes  6.00 Mbits/sec  0.802 ms  0/938 (0%)  
[  6] 759.00-760.00 sec   733 KBytes  6.00 Mbits/sec  0.865 ms  0/938 (0%)  
[  6] 760.00-761.00 sec   732 KBytes  6.00 Mbits/sec  1.037 ms  0/937 (0%)  
[  6] 761.00-762.00 sec   734 KBytes  6.01 Mbits/sec  1.041 ms  0/939 (0%)  
[  6] 762.00-763.00 sec   729 KBytes  5.97 Mbits/sec  1.063 ms  0/933 (0%)  
[  6] 763.00-764.00 sec   734 KBytes  6.01 Mbits/sec  1.008 ms  0/940 (0%)  
[  6] 764.00-765.00 sec   732 KBytes  6.00 Mbits/sec  0.841 ms  0/937 (0%)  
[  6] 765.00-766.00 sec   733 KBytes  6.00 Mbits/sec  0.962 ms  0/938 (0%)  
[  6] 766.00-767.00 sec   733 KBytes  6.00 Mbits/sec  1.045 ms  0/938 (0%)  
[  6] 767.00-768.00 sec   732 KBytes  6.00 Mbits/sec  1.061 ms  0/937 (0%)  
[  6] 768.00-769.00 sec   733 KBytes  6.00 Mbits/sec  0.987 ms  0/938 (0%)  
[  6] 769.00-770.00 sec   732 KBytes  6.00 Mbits/sec  1.120 ms  0/937 (0%)  
[  6] 770.00-771.00 sec   734 KBytes  6.01 Mbits/sec  0.931 ms  0/939 (0%)  
[  6] 771.00-772.00 sec   732 KBytes  6.00 Mbits/sec  0.820 ms  0/937 (0%)  
[  6] 772.00-773.00 sec   732 KBytes  6.00 Mbits/sec  0.946 ms  0/937 (0%)  
[  6] 773.00-774.00 sec   731 KBytes  5.99 Mbits/sec  0.839 ms  0/936 (0%)  
[  6] 774.00-775.00 sec   733 KBytes  6.00 Mbits/sec  1.032 ms  0/938 (0%)  
[  6] 775.00-776.00 sec   734 KBytes  6.01 Mbits/sec  0.956 ms  0/940 (0%)  
[  6] 776.00-777.00 sec   732 KBytes  6.00 Mbits/sec  1.047 ms  0/937 (0%)  
[  6] 777.00-778.00 sec   731 KBytes  5.99 Mbits/sec  0.785 ms  0/936 (0%)  
[  6] 778.00-779.00 sec   732 KBytes  6.00 Mbits/sec  0.839 ms  0/937 (0%)  
[  6] 779.00-780.00 sec   733 KBytes  6.00 Mbits/sec  1.024 ms  0/938 (0%)  
[  6] 780.00-781.00 sec   733 KBytes  6.00 Mbits/sec  1.035 ms  0/938 (0%)  
[  6] 781.00-782.00 sec   733 KBytes  6.00 Mbits/sec  1.038 ms  0/938 (0%)  
[  6] 782.00-783.00 sec   731 KBytes  5.99 Mbits/sec  0.861 ms  0/936 (0%)  
[  6] 783.00-784.00 sec   734 KBytes  6.01 Mbits/sec  1.028 ms  0/939 (0%)  
[  6] 784.00-785.00 sec   731 KBytes  5.99 Mbits/sec  1.050 ms  0/936 (0%)  
[  6] 785.00-786.00 sec   734 KBytes  6.01 Mbits/sec  1.044 ms  0/939 (0%)  
[  6] 786.00-787.00 sec   732 KBytes  6.00 Mbits/sec  0.912 ms  0/937 (0%)  
[  6] 787.00-788.00 sec   733 KBytes  6.00 Mbits/sec  1.032 ms  0/938 (0%)  
[  6] 788.00-789.00 sec   731 KBytes  5.99 Mbits/sec  0.856 ms  0/936 (0%)  
[  6] 789.00-790.00 sec   734 KBytes  6.01 Mbits/sec  1.014 ms  0/939 (0%)  
[  6] 790.00-791.00 sec   733 KBytes  6.00 Mbits/sec  1.024 ms  0/938 (0%)  
[  6] 791.00-792.00 sec   732 KBytes  5.99 Mbits/sec  0.882 ms  0/937 (0%)  
[  6] 792.00-793.00 sec   733 KBytes  6.01 Mbits/sec  1.065 ms  0/938 (0%)  
[  6] 793.00-794.00 sec   731 KBytes  5.99 Mbits/sec  1.082 ms  0/936 (0%)  
[  6] 794.00-795.00 sec   643 KBytes  5.27 Mbits/sec  1.643 ms  0/823 (0%)  
[  6] 795.00-796.00 sec   821 KBytes  6.72 Mbits/sec  1.046 ms  0/1051 (0%)  
[  6] 796.00-797.00 sec   723 KBytes  5.93 Mbits/sec  1.288 ms  0/926 (0%)  
[  6] 797.00-798.00 sec   743 KBytes  6.08 Mbits/sec  1.039 ms  0/951 (0%)  
[  6] 798.00-799.00 sec   732 KBytes  6.00 Mbits/sec  1.049 ms  0/937 (0%)  
[  6] 799.00-800.00 sec   733 KBytes  6.00 Mbits/sec  0.742 ms  0/938 (0%)  
[  6] 800.00-801.00 sec   731 KBytes  5.99 Mbits/sec  1.040 ms  0/936 (0%)  
[  6] 801.00-802.00 sec   733 KBytes  6.00 Mbits/sec  1.032 ms  0/938 (0%)  
[  6] 802.00-803.00 sec   732 KBytes  6.00 Mbits/sec  1.055 ms  0/937 (0%)  
[  6] 803.00-804.00 sec   734 KBytes  6.01 Mbits/sec  1.052 ms  0/939 (0%)  
[  6] 804.00-805.00 sec   733 KBytes  6.01 Mbits/sec  0.887 ms  0/938 (0%)  
[  6] 805.00-806.00 sec   731 KBytes  5.99 Mbits/sec  0.959 ms  0/936 (0%)  
[  6] 806.00-807.00 sec   732 KBytes  6.00 Mbits/sec  1.040 ms  0/937 (0%)  
[  6] 807.00-808.00 sec   734 KBytes  6.01 Mbits/sec  1.042 ms  0/939 (0%)  
[  6] 808.00-809.00 sec   733 KBytes  6.01 Mbits/sec  0.919 ms  0/938 (0%)  
[  6] 809.00-810.00 sec   732 KBytes  6.00 Mbits/sec  1.042 ms  0/937 (0%)  
[  6] 810.00-811.00 sec   732 KBytes  6.00 Mbits/sec  0.855 ms  0/937 (0%)  
[  6] 811.00-812.00 sec   734 KBytes  6.01 Mbits/sec  1.055 ms  0/939 (0%)  
[  6] 812.00-813.00 sec   732 KBytes  6.00 Mbits/sec  1.037 ms  0/937 (0%)  
[  6] 813.00-814.00 sec   731 KBytes  5.99 Mbits/sec  1.063 ms  0/936 (0%)  
[  6] 814.00-815.00 sec   733 KBytes  6.00 Mbits/sec  1.025 ms  0/938 (0%)  
[  6] 815.00-816.00 sec   733 KBytes  6.00 Mbits/sec  1.034 ms  0/938 (0%)  
[  6] 816.00-817.00 sec   732 KBytes  6.00 Mbits/sec  1.046 ms  0/937 (0%)  
[  6] 817.00-818.00 sec   732 KBytes  6.00 Mbits/sec  1.096 ms  0/937 (0%)  
[  6] 818.00-819.00 sec   733 KBytes  6.00 Mbits/sec  1.044 ms  0/938 (0%)  
[  6] 819.00-820.00 sec   730 KBytes  5.98 Mbits/sec  1.045 ms  0/935 (0%)  
[  6] 820.00-821.00 sec   734 KBytes  6.02 Mbits/sec  1.037 ms  0/940 (0%)  
[  6] 821.00-822.00 sec   732 KBytes  5.99 Mbits/sec  1.042 ms  0/937 (0%)  
[  6] 822.00-823.00 sec   732 KBytes  6.00 Mbits/sec  0.950 ms  0/937 (0%)  
[  6] 823.00-824.00 sec   734 KBytes  6.01 Mbits/sec  0.901 ms  0/939 (0%)  
[  6] 824.00-825.00 sec   732 KBytes  6.00 Mbits/sec  0.873 ms  0/937 (0%)  
[  6] 825.00-826.00 sec   732 KBytes  6.00 Mbits/sec  1.034 ms  0/937 (0%)  
[  6] 826.00-827.00 sec   732 KBytes  6.00 Mbits/sec  0.787 ms  0/937 (0%)  
[  6] 827.00-828.00 sec   734 KBytes  6.01 Mbits/sec  1.045 ms  0/939 (0%)  
[  6] 828.00-829.00 sec   731 KBytes  5.99 Mbits/sec  1.052 ms  0/936 (0%)  
[  6] 829.00-830.00 sec   733 KBytes  6.00 Mbits/sec  1.054 ms  0/938 (0%)  
[  6] 830.00-831.00 sec   732 KBytes  6.00 Mbits/sec  0.962 ms  0/937 (0%)  
[  6] 831.00-832.00 sec   734 KBytes  6.02 Mbits/sec  1.053 ms  0/940 (0%)  
[  6] 832.00-833.00 sec   730 KBytes  5.99 Mbits/sec  1.059 ms  0/935 (0%)  
[  6] 833.00-834.00 sec   734 KBytes  6.01 Mbits/sec  0.894 ms  0/939 (0%)  
[  6] 834.00-835.00 sec   731 KBytes  5.99 Mbits/sec  1.002 ms  0/936 (0%)  
[  6] 835.00-836.00 sec   618 KBytes  5.06 Mbits/sec  2.399 ms  0/791 (0%)  
[  6] 836.00-837.00 sec   848 KBytes  6.95 Mbits/sec  0.991 ms  0/1085 (0%)  
[  6] 837.00-838.00 sec   732 KBytes  6.00 Mbits/sec  0.797 ms  0/937 (0%)  
[  6] 838.00-839.00 sec   734 KBytes  6.01 Mbits/sec  1.018 ms  0/939 (0%)  
[  6] 839.00-840.00 sec   732 KBytes  6.00 Mbits/sec  0.797 ms  0/937 (0%)  
[  6] 840.00-841.00 sec   731 KBytes  5.99 Mbits/sec  1.043 ms  0/936 (0%)  
[  6] 841.00-842.00 sec   733 KBytes  6.00 Mbits/sec  0.800 ms  0/938 (0%)  
[  6] 842.00-843.00 sec   733 KBytes  6.01 Mbits/sec  0.910 ms  0/938 (0%)  
[  6] 843.00-844.00 sec   732 KBytes  6.00 Mbits/sec  0.828 ms  0/937 (0%)  
[  6] 844.00-845.00 sec   733 KBytes  6.00 Mbits/sec  1.041 ms  0/938 (0%)  
[  6] 845.00-846.00 sec   732 KBytes  6.00 Mbits/sec  1.047 ms  0/937 (0%)  
[  6] 846.00-847.00 sec   734 KBytes  6.01 Mbits/sec  1.043 ms  0/939 (0%)  
[  6] 847.00-848.00 sec   730 KBytes  5.98 Mbits/sec  0.926 ms  0/935 (0%)  
[  6] 848.00-849.00 sec   734 KBytes  6.01 Mbits/sec  0.932 ms  0/940 (0%)  
[  6] 849.00-850.00 sec   731 KBytes  5.99 Mbits/sec  0.765 ms  0/936 (0%)  
[  6] 850.00-851.00 sec   734 KBytes  6.01 Mbits/sec  1.020 ms  0/939 (0%)  
[  6] 851.00-852.00 sec   732 KBytes  6.00 Mbits/sec  1.111 ms  0/937 (0%)  
[  6] 852.00-853.00 sec   731 KBytes  5.99 Mbits/sec  1.049 ms  0/936 (0%)  
[  6] 853.00-854.00 sec   732 KBytes  5.99 Mbits/sec  1.035 ms  0/939 (0%)  
[  6] 854.00-855.00 sec   733 KBytes  6.00 Mbits/sec  0.920 ms  0/939 (0%)  
[  6] 855.00-856.00 sec   731 KBytes  5.99 Mbits/sec  1.000 ms  0/936 (0%)  
[  6] 856.00-857.00 sec   730 KBytes  5.99 Mbits/sec  1.058 ms  0/935 (0%)  
[  6] 857.00-858.00 sec   734 KBytes  6.01 Mbits/sec  1.039 ms  0/939 (0%)  
[  6] 858.00-859.00 sec   734 KBytes  6.01 Mbits/sec  0.959 ms  0/939 (0%)  
[  6] 859.00-860.00 sec   732 KBytes  6.00 Mbits/sec  1.043 ms  0/937 (0%)  
[  6] 860.00-861.00 sec   732 KBytes  6.00 Mbits/sec  1.049 ms  0/937 (0%)  
[  6] 861.00-862.00 sec   731 KBytes  5.99 Mbits/sec  1.049 ms  0/936 (0%)  
[  6] 862.00-863.00 sec   734 KBytes  6.01 Mbits/sec  0.874 ms  0/939 (0%)  
[  6] 863.00-864.00 sec   732 KBytes  5.99 Mbits/sec  0.809 ms  0/937 (0%)  
[  6] 864.00-865.00 sec   733 KBytes  6.01 Mbits/sec  1.039 ms  0/938 (0%)  
[  6] 865.00-866.00 sec   732 KBytes  6.00 Mbits/sec  0.951 ms  0/937 (0%)  
[  6] 866.00-867.00 sec   733 KBytes  6.00 Mbits/sec  1.061 ms  0/938 (0%)  
[  6] 867.00-868.00 sec   731 KBytes  5.99 Mbits/sec  1.068 ms  0/936 (0%)  
[  6] 868.00-869.00 sec   734 KBytes  6.01 Mbits/sec  0.934 ms  0/939 (0%)  
[  6] 869.00-870.00 sec   732 KBytes  6.00 Mbits/sec  1.046 ms  0/937 (0%)  
[  6] 870.00-871.00 sec   734 KBytes  6.01 Mbits/sec  0.802 ms  0/939 (0%)  
[  6] 871.00-872.00 sec   731 KBytes  5.99 Mbits/sec  1.033 ms  0/936 (0%)  
[  6] 872.00-873.00 sec   734 KBytes  6.01 Mbits/sec  1.034 ms  0/939 (0%)  
[  6] 873.00-874.00 sec   732 KBytes  6.00 Mbits/sec  0.923 ms  0/937 (0%)  
[  6] 874.00-875.00 sec   731 KBytes  5.99 Mbits/sec  0.993 ms  0/936 (0%)  
[  6] 875.00-876.00 sec   734 KBytes  6.01 Mbits/sec  1.038 ms  0/939 (0%)  
[  6] 876.00-877.00 sec   732 KBytes  6.00 Mbits/sec  0.795 ms  0/937 (0%)  
[  6] 877.00-878.00 sec   733 KBytes  6.00 Mbits/sec  1.054 ms  0/938 (0%)  
[  6] 878.00-879.00 sec   731 KBytes  5.99 Mbits/sec  0.827 ms  0/936 (0%)  
[  6] 879.00-880.00 sec   733 KBytes  6.00 Mbits/sec  0.874 ms  0/938 (0%)  
[  6] 880.00-881.00 sec   732 KBytes  6.00 Mbits/sec  0.976 ms  0/937 (0%)  
[  6] 881.00-882.00 sec   733 KBytes  6.00 Mbits/sec  1.039 ms  0/938 (0%)  
[  6] 882.00-883.00 sec   733 KBytes  6.00 Mbits/sec  1.043 ms  0/938 (0%)  
[  6] 883.00-884.00 sec   731 KBytes  5.99 Mbits/sec  1.033 ms  0/936 (0%)  
[  6] 884.00-885.00 sec   734 KBytes  6.01 Mbits/sec  0.893 ms  0/939 (0%)  
[  6] 885.00-886.00 sec   732 KBytes  6.00 Mbits/sec  0.773 ms  0/937 (0%)  
[  6] 886.00-887.00 sec   732 KBytes  6.00 Mbits/sec  1.029 ms  0/937 (0%)  
[  6] 887.00-888.00 sec   734 KBytes  6.01 Mbits/sec  1.039 ms  0/939 (0%)  
[  6] 888.00-889.00 sec   731 KBytes  5.99 Mbits/sec  0.984 ms  0/936 (0%)  
[  6] 889.00-890.00 sec   733 KBytes  6.00 Mbits/sec  1.038 ms  0/938 (0%)  
[  6] 890.00-891.00 sec   734 KBytes  6.01 Mbits/sec  0.832 ms  0/939 (0%)  
[  6] 891.00-892.00 sec   732 KBytes  6.00 Mbits/sec  0.855 ms  0/937 (0%)  
[  6] 892.00-893.00 sec   733 KBytes  6.00 Mbits/sec  1.107 ms  0/938 (0%)  
[  6] 893.00-894.00 sec   730 KBytes  5.99 Mbits/sec  0.817 ms  0/935 (0%)  
[  6] 894.00-895.00 sec   734 KBytes  6.01 Mbits/sec  1.032 ms  0/939 (0%)  
[  6] 895.00-896.00 sec   732 KBytes  6.00 Mbits/sec  0.872 ms  0/937 (0%)  
[  6] 896.00-897.00 sec   734 KBytes  6.01 Mbits/sec  0.838 ms  0/939 (0%)  
[  6] 897.00-898.00 sec   731 KBytes  5.99 Mbits/sec  1.037 ms  0/936 (0%)  
[  6] 898.00-899.00 sec   733 KBytes  6.00 Mbits/sec  0.887 ms  0/938 (0%)  
[  6] 899.00-900.00 sec   733 KBytes  6.00 Mbits/sec  0.974 ms  0/938 (0%)  
[  6] 900.00-901.00 sec   733 KBytes  6.00 Mbits/sec  0.839 ms  0/938 (0%)  
[  6] 901.00-902.00 sec   731 KBytes  5.99 Mbits/sec  1.045 ms  0/937 (0%)  
[  6] 902.00-903.00 sec   732 KBytes  6.00 Mbits/sec  1.061 ms  0/937 (0%)  
[  6] 903.00-904.00 sec   731 KBytes  5.99 Mbits/sec  0.936 ms  0/936 (0%)  
[  6] 904.00-905.00 sec   734 KBytes  6.01 Mbits/sec  0.841 ms  0/939 (0%)  
[  6] 905.00-906.00 sec   733 KBytes  6.00 Mbits/sec  0.889 ms  0/938 (0%)  
[  6] 906.00-907.00 sec   733 KBytes  6.00 Mbits/sec  0.838 ms  0/938 (0%)  
[  6] 907.00-908.00 sec   731 KBytes  5.99 Mbits/sec  0.923 ms  0/936 (0%)  
[  6] 908.00-909.00 sec   734 KBytes  6.01 Mbits/sec  1.053 ms  0/939 (0%)  
[  6] 909.00-910.00 sec   732 KBytes  6.00 Mbits/sec  1.035 ms  0/937 (0%)  
[  6] 910.00-911.00 sec   731 KBytes  5.99 Mbits/sec  1.049 ms  0/936 (0%)  
[  6] 911.00-912.00 sec   733 KBytes  6.00 Mbits/sec  1.011 ms  0/938 (0%)  
[  6] 912.00-913.00 sec   733 KBytes  6.00 Mbits/sec  0.967 ms  0/938 (0%)  
[  6] 913.00-914.00 sec   733 KBytes  6.00 Mbits/sec  0.904 ms  0/938 (0%)  
[  6] 914.00-915.00 sec   733 KBytes  6.00 Mbits/sec  0.879 ms  0/938 (0%)  
[  6] 915.00-916.00 sec   731 KBytes  5.99 Mbits/sec  1.046 ms  0/936 (0%)  
[  6] 916.00-917.00 sec   733 KBytes  6.01 Mbits/sec  1.041 ms  0/938 (0%)  
[  6] 917.00-918.00 sec   732 KBytes  6.00 Mbits/sec  0.991 ms  0/937 (0%)  
[  6] 918.00-919.00 sec   734 KBytes  6.01 Mbits/sec  1.057 ms  0/939 (0%)  
[  6] 919.00-920.00 sec   731 KBytes  5.99 Mbits/sec  0.847 ms  0/936 (0%)  
[  6] 920.00-921.00 sec   733 KBytes  6.00 Mbits/sec  0.889 ms  0/938 (0%)  
[  6] 921.00-922.00 sec   732 KBytes  6.00 Mbits/sec  0.962 ms  0/937 (0%)  
[  6] 922.00-923.00 sec   733 KBytes  6.00 Mbits/sec  0.789 ms  0/938 (0%)  
[  6] 923.00-924.00 sec   732 KBytes  6.00 Mbits/sec  0.972 ms  0/937 (0%)  
[  6] 924.00-925.00 sec   733 KBytes  6.00 Mbits/sec  0.792 ms  0/938 (0%)  
[  6] 925.00-926.00 sec   733 KBytes  6.00 Mbits/sec  0.890 ms  0/938 (0%)  
[  6] 926.00-927.00 sec   732 KBytes  6.00 Mbits/sec  0.818 ms  0/937 (0%)  
[  6] 927.00-928.00 sec   733 KBytes  6.00 Mbits/sec  0.859 ms  0/938 (0%)  
[  6] 928.00-929.00 sec   732 KBytes  6.00 Mbits/sec  0.849 ms  0/937 (0%)  
[  6] 929.00-930.00 sec   733 KBytes  6.00 Mbits/sec  1.040 ms  0/938 (0%)  
[  6] 930.00-931.00 sec   733 KBytes  6.00 Mbits/sec  0.801 ms  0/938 (0%)  
[  6] 931.00-932.00 sec   731 KBytes  5.99 Mbits/sec  1.123 ms  0/936 (0%)  
[  6] 932.00-933.00 sec   732 KBytes  6.00 Mbits/sec  0.873 ms  0/937 (0%)  
[  6] 933.00-934.00 sec   733 KBytes  6.00 Mbits/sec  1.051 ms  0/938 (0%)  
[  6] 934.00-935.00 sec   732 KBytes  6.00 Mbits/sec  1.039 ms  0/937 (0%)  
[  6] 935.00-936.00 sec   734 KBytes  6.01 Mbits/sec  1.038 ms  0/939 (0%)  
[  6] 936.00-937.00 sec   732 KBytes  6.00 Mbits/sec  1.036 ms  0/937 (0%)  
[  6] 937.00-938.00 sec   732 KBytes  6.00 Mbits/sec  0.957 ms  0/937 (0%)  
[  6] 938.00-939.00 sec   733 KBytes  6.00 Mbits/sec  1.044 ms  0/938 (0%)  
[  6] 939.00-940.00 sec   732 KBytes  6.00 Mbits/sec  0.834 ms  0/937 (0%)  
[  6] 940.00-941.00 sec   734 KBytes  6.01 Mbits/sec  0.795 ms  0/939 (0%)  
[  6] 941.00-942.00 sec   732 KBytes  6.00 Mbits/sec  0.976 ms  0/937 (0%)  
[  6] 942.00-943.00 sec   731 KBytes  5.99 Mbits/sec  1.053 ms  0/936 (0%)  
[  6] 943.00-944.00 sec   734 KBytes  6.01 Mbits/sec  1.046 ms  0/939 (0%)  
[  6] 944.00-945.00 sec   732 KBytes  6.00 Mbits/sec  0.956 ms  0/937 (0%)  
[  6] 945.00-946.00 sec   732 KBytes  6.00 Mbits/sec  0.974 ms  0/937 (0%)  
[  6] 946.00-947.00 sec   733 KBytes  6.00 Mbits/sec  1.049 ms  0/938 (0%)  
[  6] 947.00-948.00 sec   733 KBytes  6.00 Mbits/sec  0.820 ms  0/938 (0%)  
[  6] 948.00-949.00 sec   732 KBytes  6.00 Mbits/sec  0.842 ms  0/938 (0%)  
[  6] 949.00-950.00 sec   731 KBytes  5.99 Mbits/sec  0.844 ms  0/936 (0%)  
[  6] 950.00-951.00 sec   731 KBytes  5.99 Mbits/sec  1.041 ms  0/936 (0%)  
[  6] 951.00-952.00 sec   735 KBytes  6.02 Mbits/sec  1.044 ms  0/941 (0%)  
[  6] 952.00-953.00 sec   732 KBytes  6.00 Mbits/sec  1.038 ms  0/937 (0%)  
[  6] 953.00-954.00 sec   732 KBytes  6.00 Mbits/sec  1.012 ms  0/937 (0%)  
[  6] 954.00-955.00 sec   731 KBytes  5.99 Mbits/sec  0.792 ms  0/936 (0%)  
[  6] 955.00-956.00 sec   734 KBytes  6.02 Mbits/sec  0.830 ms  0/940 (0%)  
[  6] 956.00-957.00 sec   731 KBytes  5.99 Mbits/sec  0.805 ms  0/936 (0%)  
[  6] 957.00-958.00 sec   731 KBytes  5.99 Mbits/sec  1.025 ms  0/936 (0%)  
[  6] 958.00-959.00 sec   734 KBytes  6.01 Mbits/sec  1.046 ms  0/939 (0%)  
[  6] 959.00-960.00 sec   731 KBytes  5.99 Mbits/sec  1.052 ms  0/936 (0%)  
[  6] 960.00-961.00 sec   734 KBytes  6.01 Mbits/sec  1.041 ms  0/939 (0%)  
[  6] 961.00-962.00 sec   732 KBytes  6.00 Mbits/sec  1.037 ms  0/937 (0%)  
[  6] 962.00-963.00 sec   734 KBytes  6.02 Mbits/sec  1.051 ms  0/940 (0%)  
[  6] 963.00-964.00 sec   733 KBytes  6.00 Mbits/sec  0.936 ms  0/938 (0%)  
[  6] 964.00-965.00 sec   730 KBytes  5.99 Mbits/sec  1.051 ms  0/935 (0%)  
[  6] 965.00-966.00 sec   733 KBytes  6.00 Mbits/sec  1.051 ms  0/938 (0%)  
[  6] 966.00-967.00 sec   733 KBytes  6.00 Mbits/sec  0.819 ms  0/938 (0%)  
[  6] 967.00-968.00 sec   733 KBytes  6.00 Mbits/sec  0.841 ms  0/938 (0%)  
[  6] 968.00-969.00 sec   732 KBytes  6.00 Mbits/sec  0.990 ms  0/937 (0%)  
[  6] 969.00-970.00 sec   733 KBytes  6.00 Mbits/sec  0.832 ms  0/938 (0%)  
[  6] 970.00-971.00 sec   730 KBytes  5.98 Mbits/sec  1.156 ms  0/934 (0%)  
[  6] 971.00-972.00 sec   734 KBytes  6.02 Mbits/sec  0.824 ms  0/940 (0%)  
[  6] 972.00-973.00 sec   731 KBytes  5.99 Mbits/sec  0.832 ms  0/936 (0%)  
[  6] 973.00-974.00 sec   733 KBytes  6.00 Mbits/sec  1.067 ms  0/938 (0%)  
[  6] 974.00-975.00 sec   733 KBytes  6.01 Mbits/sec  0.977 ms  0/938 (0%)  
[  6] 975.00-976.00 sec   732 KBytes  6.00 Mbits/sec  0.873 ms  0/937 (0%)  
[  6] 976.00-976.44 sec   320 KBytes  6.01 Mbits/sec  0.954 ms  0/409 (0%)  
- - - - - - - - - - - - - - - - - - - - - - - - -
[ ID] Interval           Transfer     Bitrate         Jitter    Lost/Total Datagrams
[  6]   0.00-976.44 sec  0.00 Bytes  0.00 bits/sec  0.000 ms  0/0 (0%)  sender
[  6]   0.00-976.44 sec   698 MBytes  6.00 Mbits/sec  0.954 ms  0/915432 (0%)  receiver
iperf3: interrupt - the client has terminated
